<?xml version="1.0" encoding="UTF-8"?>
<testsuite xmlns:xsi="http://www.w3.org/2001/XMLSchema-instance" xsi:noNamespaceSchemaLocation="https://maven.apache.org/surefire/maven-surefire-plugin/xsd/surefire-test-report-3.0.xsd" version="3.0" name="TestSuite" time="57.183" tests="33" errors="0" skipped="0" failures="21">
  <properties>
[...]
</properties>
  <testcase name="testGetAllBooksAsAdmin" classname="TestCases.GetBookAPITests" time="2.021">
    <system-out><![CDATA[07:30:36.249 [main] DEBUG org.testng.TestNG -- suiteXmlPath: "H:\Group_01_GitRepository\src\test\resources\testng.xml"
07:30:36.315 [main] WARN org.testng.xml.TestNGContentHandler -- It is strongly recommended to add "<!DOCTYPE suite SYSTEM "https://testng.org/testng-1.0.dtd" >" at the top of the suite file [H:\Group_01_GitRepository\src\test\resources\testng.xml] otherwise TestNG may fail or not work as expected.
07:30:36.617 [main] WARN org.testng.TestNG -- Ignoring duplicate listener : io.qameta.allure.testng.AllureTestNg
07:30:36.617 [main] WARN org.testng.TestNG -- Ignoring duplicate listener : io.qameta.allure.testng.AllureTestNg
07:30:36.617 [main] WARN org.testng.TestNG -- Ignoring duplicate listener : io.qameta.allure.testng.AllureTestNg
07:30:38.012 [main] DEBUG org.apache.http.impl.conn.BasicClientConnectionManager -- Get connection for route {}->http://13.60.22.209:7081
07:30:38.021 [main] DEBUG org.apache.http.impl.conn.DefaultClientConnectionOperator -- Connecting to 13.60.22.209:7081
07:30:38.248 [main] DEBUG org.apache.http.client.protocol.RequestAddCookies -- CookieSpec selected: ignoreCookies
07:30:38.250 [main] DEBUG org.apache.http.client.protocol.RequestAuthCache -- Auth cache not set in the context
07:30:38.251 [main] DEBUG org.apache.http.client.protocol.RequestTargetAuthentication -- Target auth state: UNCHALLENGED
07:30:38.252 [main] DEBUG org.apache.http.client.protocol.RequestProxyAuthentication -- Proxy auth state: UNCHALLENGED
07:30:38.252 [main] DEBUG org.apache.http.impl.client.DefaultHttpClient -- Attempt 1 to execute request
07:30:38.252 [main] DEBUG org.apache.http.impl.conn.DefaultClientConnection -- Sending request: GET /api/books HTTP/1.1
07:30:38.253 [main] DEBUG org.apache.http.wire --  >> "GET /api/books HTTP/1.1[\r][\n]"
07:30:38.255 [main] DEBUG org.apache.http.wire --  >> "Accept: */*[\r][\n]"
07:30:38.255 [main] DEBUG org.apache.http.wire --  >> "Host: 13.60.22.209:7081[\r][\n]"
07:30:38.255 [main] DEBUG org.apache.http.wire --  >> "Connection: Keep-Alive[\r][\n]"
07:30:38.255 [main] DEBUG org.apache.http.wire --  >> "User-Agent: Apache-HttpClient/4.5.13 (Java/17.0.9)[\r][\n]"
07:30:38.256 [main] DEBUG org.apache.http.wire --  >> "Accept-Encoding: gzip,deflate[\r][\n]"
07:30:38.256 [main] DEBUG org.apache.http.wire --  >> "[\r][\n]"
07:30:38.256 [main] DEBUG org.apache.http.headers -- >> GET /api/books HTTP/1.1
07:30:38.256 [main] DEBUG org.apache.http.headers -- >> Accept: */*
07:30:38.256 [main] DEBUG org.apache.http.headers -- >> Host: 13.60.22.209:7081
07:30:38.256 [main] DEBUG org.apache.http.headers -- >> Connection: Keep-Alive
07:30:38.256 [main] DEBUG org.apache.http.headers -- >> User-Agent: Apache-HttpClient/4.5.13 (Java/17.0.9)
07:30:38.257 [main] DEBUG org.apache.http.headers -- >> Accept-Encoding: gzip,deflate
07:30:38.496 [main] DEBUG org.apache.http.wire --  << "HTTP/1.1 401 [\r][\n]"
07:30:38.499 [main] DEBUG org.apache.http.wire --  << "Set-Cookie: JSESSIONID=9A050B0BC6FF0499350E8739A62B68BC; Path=/; HttpOnly[\r][\n]"
07:30:38.499 [main] DEBUG org.apache.http.wire --  << "WWW-Authenticate: Basic realm="Realm"[\r][\n]"
07:30:38.499 [main] DEBUG org.apache.http.wire --  << "X-Content-Type-Options: nosniff[\r][\n]"
07:30:38.500 [main] DEBUG org.apache.http.wire --  << "X-XSS-Protection: 1; mode=block[\r][\n]"
07:30:38.500 [main] DEBUG org.apache.http.wire --  << "Cache-Control: no-cache, no-store, max-age=0, must-revalidate[\r][\n]"
07:30:38.500 [main] DEBUG org.apache.http.wire --  << "Pragma: no-cache[\r][\n]"
07:30:38.500 [main] DEBUG org.apache.http.wire --  << "Expires: 0[\r][\n]"
07:30:38.500 [main] DEBUG org.apache.http.wire --  << "X-Frame-Options: DENY[\r][\n]"
07:30:38.500 [main] DEBUG org.apache.http.wire --  << "Content-Length: 0[\r][\n]"
07:30:38.501 [main] DEBUG org.apache.http.wire --  << "Date: Fri, 03 Jan 2025 02:00:39 GMT[\r][\n]"
07:30:38.501 [main] DEBUG org.apache.http.wire --  << "Keep-Alive: timeout=60[\r][\n]"
07:30:38.501 [main] DEBUG org.apache.http.wire --  << "Connection: keep-alive[\r][\n]"
07:30:38.501 [main] DEBUG org.apache.http.wire --  << "[\r][\n]"
07:30:38.502 [main] DEBUG org.apache.http.impl.conn.DefaultClientConnection -- Receiving response: HTTP/1.1 401 
07:30:38.503 [main] DEBUG org.apache.http.headers -- << HTTP/1.1 401 
07:30:38.503 [main] DEBUG org.apache.http.headers -- << Set-Cookie: JSESSIONID=9A050B0BC6FF0499350E8739A62B68BC; Path=/; HttpOnly
07:30:38.503 [main] DEBUG org.apache.http.headers -- << WWW-Authenticate: Basic realm="Realm"
07:30:38.503 [main] DEBUG org.apache.http.headers -- << X-Content-Type-Options: nosniff
07:30:38.503 [main] DEBUG org.apache.http.headers -- << X-XSS-Protection: 1; mode=block
07:30:38.503 [main] DEBUG org.apache.http.headers -- << Cache-Control: no-cache, no-store, max-age=0, must-revalidate
07:30:38.503 [main] DEBUG org.apache.http.headers -- << Pragma: no-cache
07:30:38.503 [main] DEBUG org.apache.http.headers -- << Expires: 0
07:30:38.503 [main] DEBUG org.apache.http.headers -- << X-Frame-Options: DENY
07:30:38.504 [main] DEBUG org.apache.http.headers -- << Content-Length: 0
07:30:38.504 [main] DEBUG org.apache.http.headers -- << Date: Fri, 03 Jan 2025 02:00:39 GMT
07:30:38.504 [main] DEBUG org.apache.http.headers -- << Keep-Alive: timeout=60
07:30:38.504 [main] DEBUG org.apache.http.headers -- << Connection: keep-alive
07:30:38.514 [main] DEBUG org.apache.http.impl.client.DefaultHttpClient -- Connection can be kept alive for 60000 MILLISECONDS
07:30:38.514 [main] DEBUG org.apache.http.impl.client.DefaultHttpClient -- Authentication required
07:30:38.515 [main] DEBUG org.apache.http.impl.client.DefaultHttpClient -- 13.60.22.209:7081 requested authentication
07:30:38.516 [main] DEBUG org.apache.http.impl.client.TargetAuthenticationStrategy -- Authentication schemes in the order of preference: [Negotiate, Kerberos, NTLM, CredSSP, Digest, Basic]
07:30:38.516 [main] DEBUG org.apache.http.impl.client.TargetAuthenticationStrategy -- Challenge for Negotiate authentication scheme not available
07:30:38.516 [main] DEBUG org.apache.http.impl.client.TargetAuthenticationStrategy -- Challenge for Kerberos authentication scheme not available
07:30:38.516 [main] DEBUG org.apache.http.impl.client.TargetAuthenticationStrategy -- Challenge for NTLM authentication scheme not available
07:30:38.516 [main] DEBUG org.apache.http.impl.client.TargetAuthenticationStrategy -- Challenge for CredSSP authentication scheme not available
07:30:38.517 [main] DEBUG org.apache.http.impl.client.TargetAuthenticationStrategy -- Challenge for Digest authentication scheme not available
07:30:38.521 [main] DEBUG org.apache.http.impl.client.DefaultHttpClient -- Selected authentication options: [BASIC [complete=true]]
07:30:38.525 [main] DEBUG org.apache.http.client.protocol.RequestAddCookies -- CookieSpec selected: ignoreCookies
07:30:38.525 [main] DEBUG org.apache.http.client.protocol.RequestAuthCache -- Auth cache not set in the context
07:30:38.526 [main] DEBUG org.apache.http.client.protocol.RequestTargetAuthentication -- Target auth state: CHALLENGED
07:30:38.526 [main] DEBUG org.apache.http.client.protocol.RequestTargetAuthentication -- Generating response to an authentication challenge using basic scheme
07:30:38.533 [main] DEBUG org.apache.http.client.protocol.RequestProxyAuthentication -- Proxy auth state: UNCHALLENGED
07:30:38.533 [main] DEBUG org.apache.http.impl.client.DefaultHttpClient -- Attempt 2 to execute request
07:30:38.533 [main] DEBUG org.apache.http.impl.conn.DefaultClientConnection -- Sending request: GET /api/books HTTP/1.1
07:30:38.533 [main] DEBUG org.apache.http.wire --  >> "GET /api/books HTTP/1.1[\r][\n]"
07:30:38.533 [main] DEBUG org.apache.http.wire --  >> "Accept: */*[\r][\n]"
07:30:38.533 [main] DEBUG org.apache.http.wire --  >> "Host: 13.60.22.209:7081[\r][\n]"
07:30:38.534 [main] DEBUG org.apache.http.wire --  >> "Connection: Keep-Alive[\r][\n]"
07:30:38.534 [main] DEBUG org.apache.http.wire --  >> "User-Agent: Apache-HttpClient/4.5.13 (Java/17.0.9)[\r][\n]"
07:30:38.534 [main] DEBUG org.apache.http.wire --  >> "Authorization: Basic YWRtaW46cGFzc3dvcmQ=[\r][\n]"
07:30:38.534 [main] DEBUG org.apache.http.wire --  >> "Accept-Encoding: gzip,deflate[\r][\n]"
07:30:38.534 [main] DEBUG org.apache.http.wire --  >> "[\r][\n]"
07:30:38.534 [main] DEBUG org.apache.http.headers -- >> GET /api/books HTTP/1.1
07:30:38.534 [main] DEBUG org.apache.http.headers -- >> Accept: */*
07:30:38.534 [main] DEBUG org.apache.http.headers -- >> Host: 13.60.22.209:7081
07:30:38.534 [main] DEBUG org.apache.http.headers -- >> Connection: Keep-Alive
07:30:38.535 [main] DEBUG org.apache.http.headers -- >> User-Agent: Apache-HttpClient/4.5.13 (Java/17.0.9)
07:30:38.535 [main] DEBUG org.apache.http.headers -- >> Authorization: Basic YWRtaW46cGFzc3dvcmQ=
07:30:38.535 [main] DEBUG org.apache.http.headers -- >> Accept-Encoding: gzip,deflate
07:30:38.890 [main] DEBUG org.apache.http.wire --  << "HTTP/1.1 200 [\r][\n]"
07:30:38.890 [main] DEBUG org.apache.http.wire --  << "Set-Cookie: JSESSIONID=35030CF19CFC15BB7AD9F0B4ED0F6941; Path=/; HttpOnly[\r][\n]"
07:30:38.891 [main] DEBUG org.apache.http.wire --  << "X-Content-Type-Options: nosniff[\r][\n]"
07:30:38.891 [main] DEBUG org.apache.http.wire --  << "X-XSS-Protection: 1; mode=block[\r][\n]"
07:30:38.891 [main] DEBUG org.apache.http.wire --  << "Cache-Control: no-cache, no-store, max-age=0, must-revalidate[\r][\n]"
07:30:38.891 [main] DEBUG org.apache.http.wire --  << "Pragma: no-cache[\r][\n]"
07:30:38.891 [main] DEBUG org.apache.http.wire --  << "Expires: 0[\r][\n]"
07:30:38.891 [main] DEBUG org.apache.http.wire --  << "X-Frame-Options: DENY[\r][\n]"
07:30:38.891 [main] DEBUG org.apache.http.wire --  << "Content-Type: application/json[\r][\n]"
07:30:38.891 [main] DEBUG org.apache.http.wire --  << "Transfer-Encoding: chunked[\r][\n]"
07:30:38.892 [main] DEBUG org.apache.http.wire --  << "Date: Fri, 03 Jan 2025 02:00:39 GMT[\r][\n]"
07:30:38.892 [main] DEBUG org.apache.http.wire --  << "Keep-Alive: timeout=60[\r][\n]"
07:30:38.892 [main] DEBUG org.apache.http.wire --  << "Connection: keep-alive[\r][\n]"
07:30:38.892 [main] DEBUG org.apache.http.wire --  << "[\r][\n]"
07:30:38.892 [main] DEBUG org.apache.http.impl.conn.DefaultClientConnection -- Receiving response: HTTP/1.1 200 
07:30:38.892 [main] DEBUG org.apache.http.headers -- << HTTP/1.1 200 
07:30:38.892 [main] DEBUG org.apache.http.headers -- << Set-Cookie: JSESSIONID=35030CF19CFC15BB7AD9F0B4ED0F6941; Path=/; HttpOnly
07:30:38.892 [main] DEBUG org.apache.http.headers -- << X-Content-Type-Options: nosniff
07:30:38.894 [main] DEBUG org.apache.http.headers -- << X-XSS-Protection: 1; mode=block
07:30:38.894 [main] DEBUG org.apache.http.headers -- << Cache-Control: no-cache, no-store, max-age=0, must-revalidate
07:30:38.894 [main] DEBUG org.apache.http.headers -- << Pragma: no-cache
07:30:38.894 [main] DEBUG org.apache.http.headers -- << Expires: 0
07:30:38.894 [main] DEBUG org.apache.http.headers -- << X-Frame-Options: DENY
07:30:38.894 [main] DEBUG org.apache.http.headers -- << Content-Type: application/json
07:30:38.894 [main] DEBUG org.apache.http.headers -- << Transfer-Encoding: chunked
07:30:38.894 [main] DEBUG org.apache.http.headers -- << Date: Fri, 03 Jan 2025 02:00:39 GMT
07:30:38.894 [main] DEBUG org.apache.http.headers -- << Keep-Alive: timeout=60
07:30:38.894 [main] DEBUG org.apache.http.headers -- << Connection: keep-alive
07:30:38.895 [main] DEBUG org.apache.http.impl.client.DefaultHttpClient -- Connection can be kept alive for 60000 MILLISECONDS
07:30:38.895 [main] DEBUG org.apache.http.impl.client.DefaultHttpClient -- Authentication succeeded
07:30:38.898 [main] DEBUG org.apache.http.impl.client.TargetAuthenticationStrategy -- Caching 'basic' auth scheme for http://13.60.22.209:7081
07:30:38.926 [main] DEBUG io.restassured.internal.RestAssuredHttpBuilder -- Parsing response as: application/json
07:30:38.927 [main] DEBUG io.restassured.internal.RestAssuredHttpBuilder -- Parsed data to instance of: class org.apache.http.conn.EofSensorInputStream
07:30:38.992 [main] DEBUG org.apache.http.wire --  << "19e[\r][\n]"
07:30:38.992 [main] DEBUG org.apache.http.wire --  << "[{"id":2,"title":"Valid Title4","author":""},{"id":3,"title":"Valid Book","author":"Valid Author"},{"id":4,"title":"User Books","author":"User Author"},{"id":5,"title":"Valid Bookss","author":"Valid Authors"},{"id":6,"title":"Harry Potter","author":"Howkling"},{"id":7,"title":"Harry Potter1","author":"Howkling"},{"id":8,"title":"Test Book","author":"Original Author"},{"id":9,"title":"Test Book2","author":null}]"
07:30:38.993 [main] DEBUG org.apache.http.wire --  << "[\r][\n]"
07:30:38.993 [main] DEBUG org.apache.http.wire --  << "0[\r][\n]"
07:30:38.993 [main] DEBUG org.apache.http.wire --  << "[\r][\n]"
07:30:38.993 [main] DEBUG org.apache.http.impl.conn.BasicClientConnectionManager -- Releasing connection org.apache.http.impl.conn.ManagedClientConnectionImpl@d5af0a5
07:30:38.993 [main] DEBUG org.apache.http.impl.conn.BasicClientConnectionManager -- Connection can be kept alive for 60000 MILLISECONDS
07:30:39.192 [Finalizer] DEBUG org.apache.http.impl.conn.DefaultClientConnection -- Connection 0.0.0.0:62905<->13.60.22.209:7081 closed
]]></system-out>
  </testcase>
  <testcase name="testGetAllBooksAsUser" classname="TestCases.GetBookAPITests" time="0.712">
    <system-out><![CDATA[07:30:39.231 [main] DEBUG org.apache.http.impl.conn.BasicClientConnectionManager -- Get connection for route {}->http://13.60.22.209:7081
07:30:39.231 [main] DEBUG org.apache.http.impl.conn.DefaultClientConnectionOperator -- Connecting to 13.60.22.209:7081
07:30:39.436 [main] DEBUG org.apache.http.client.protocol.RequestAddCookies -- CookieSpec selected: ignoreCookies
07:30:39.436 [main] DEBUG org.apache.http.client.protocol.RequestAuthCache -- Auth cache not set in the context
07:30:39.436 [main] DEBUG org.apache.http.client.protocol.RequestTargetAuthentication -- Target auth state: UNCHALLENGED
07:30:39.437 [main] DEBUG org.apache.http.client.protocol.RequestProxyAuthentication -- Proxy auth state: UNCHALLENGED
07:30:39.437 [main] DEBUG org.apache.http.impl.client.DefaultHttpClient -- Attempt 1 to execute request
07:30:39.437 [main] DEBUG org.apache.http.impl.conn.DefaultClientConnection -- Sending request: GET /api/books HTTP/1.1
07:30:39.437 [main] DEBUG org.apache.http.wire --  >> "GET /api/books HTTP/1.1[\r][\n]"
07:30:39.437 [main] DEBUG org.apache.http.wire --  >> "Accept: */*[\r][\n]"
07:30:39.437 [main] DEBUG org.apache.http.wire --  >> "Host: 13.60.22.209:7081[\r][\n]"
07:30:39.437 [main] DEBUG org.apache.http.wire --  >> "Connection: Keep-Alive[\r][\n]"
07:30:39.437 [main] DEBUG org.apache.http.wire --  >> "User-Agent: Apache-HttpClient/4.5.13 (Java/17.0.9)[\r][\n]"
07:30:39.438 [main] DEBUG org.apache.http.wire --  >> "Accept-Encoding: gzip,deflate[\r][\n]"
07:30:39.438 [main] DEBUG org.apache.http.wire --  >> "[\r][\n]"
07:30:39.438 [main] DEBUG org.apache.http.headers -- >> GET /api/books HTTP/1.1
07:30:39.438 [main] DEBUG org.apache.http.headers -- >> Accept: */*
07:30:39.438 [main] DEBUG org.apache.http.headers -- >> Host: 13.60.22.209:7081
07:30:39.438 [main] DEBUG org.apache.http.headers -- >> Connection: Keep-Alive
07:30:39.438 [main] DEBUG org.apache.http.headers -- >> User-Agent: Apache-HttpClient/4.5.13 (Java/17.0.9)
07:30:39.438 [main] DEBUG org.apache.http.headers -- >> Accept-Encoding: gzip,deflate
07:30:39.618 [main] DEBUG org.apache.http.wire --  << "HTTP/1.1 401 [\r][\n]"
07:30:39.618 [main] DEBUG org.apache.http.wire --  << "Set-Cookie: JSESSIONID=A4545881C83277540437016D34600FA1; Path=/; HttpOnly[\r][\n]"
07:30:39.618 [main] DEBUG org.apache.http.wire --  << "WWW-Authenticate: Basic realm="Realm"[\r][\n]"
07:30:39.618 [main] DEBUG org.apache.http.wire --  << "X-Content-Type-Options: nosniff[\r][\n]"
07:30:39.618 [main] DEBUG org.apache.http.wire --  << "X-XSS-Protection: 1; mode=block[\r][\n]"
07:30:39.618 [main] DEBUG org.apache.http.wire --  << "Cache-Control: no-cache, no-store, max-age=0, must-revalidate[\r][\n]"
07:30:39.618 [main] DEBUG org.apache.http.wire --  << "Pragma: no-cache[\r][\n]"
07:30:39.618 [main] DEBUG org.apache.http.wire --  << "Expires: 0[\r][\n]"
07:30:39.618 [main] DEBUG org.apache.http.wire --  << "X-Frame-Options: DENY[\r][\n]"
07:30:39.618 [main] DEBUG org.apache.http.wire --  << "Content-Length: 0[\r][\n]"
07:30:39.619 [main] DEBUG org.apache.http.wire --  << "Date: Fri, 03 Jan 2025 02:00:40 GMT[\r][\n]"
07:30:39.619 [main] DEBUG org.apache.http.wire --  << "Keep-Alive: timeout=60[\r][\n]"
07:30:39.619 [main] DEBUG org.apache.http.wire --  << "Connection: keep-alive[\r][\n]"
07:30:39.619 [main] DEBUG org.apache.http.wire --  << "[\r][\n]"
07:30:39.619 [main] DEBUG org.apache.http.impl.conn.DefaultClientConnection -- Receiving response: HTTP/1.1 401 
07:30:39.619 [main] DEBUG org.apache.http.headers -- << HTTP/1.1 401 
07:30:39.619 [main] DEBUG org.apache.http.headers -- << Set-Cookie: JSESSIONID=A4545881C83277540437016D34600FA1; Path=/; HttpOnly
07:30:39.619 [main] DEBUG org.apache.http.headers -- << WWW-Authenticate: Basic realm="Realm"
07:30:39.619 [main] DEBUG org.apache.http.headers -- << X-Content-Type-Options: nosniff
07:30:39.619 [main] DEBUG org.apache.http.headers -- << X-XSS-Protection: 1; mode=block
07:30:39.619 [main] DEBUG org.apache.http.headers -- << Cache-Control: no-cache, no-store, max-age=0, must-revalidate
07:30:39.619 [main] DEBUG org.apache.http.headers -- << Pragma: no-cache
07:30:39.619 [main] DEBUG org.apache.http.headers -- << Expires: 0
07:30:39.619 [main] DEBUG org.apache.http.headers -- << X-Frame-Options: DENY
07:30:39.619 [main] DEBUG org.apache.http.headers -- << Content-Length: 0
07:30:39.619 [main] DEBUG org.apache.http.headers -- << Date: Fri, 03 Jan 2025 02:00:40 GMT
07:30:39.619 [main] DEBUG org.apache.http.headers -- << Keep-Alive: timeout=60
07:30:39.619 [main] DEBUG org.apache.http.headers -- << Connection: keep-alive
07:30:39.620 [main] DEBUG org.apache.http.impl.client.DefaultHttpClient -- Connection can be kept alive for 60000 MILLISECONDS
07:30:39.620 [main] DEBUG org.apache.http.impl.client.DefaultHttpClient -- Authentication required
07:30:39.620 [main] DEBUG org.apache.http.impl.client.DefaultHttpClient -- 13.60.22.209:7081 requested authentication
07:30:39.620 [main] DEBUG org.apache.http.impl.client.TargetAuthenticationStrategy -- Authentication schemes in the order of preference: [Negotiate, Kerberos, NTLM, CredSSP, Digest, Basic]
07:30:39.620 [main] DEBUG org.apache.http.impl.client.TargetAuthenticationStrategy -- Challenge for Negotiate authentication scheme not available
07:30:39.620 [main] DEBUG org.apache.http.impl.client.TargetAuthenticationStrategy -- Challenge for Kerberos authentication scheme not available
07:30:39.620 [main] DEBUG org.apache.http.impl.client.TargetAuthenticationStrategy -- Challenge for NTLM authentication scheme not available
07:30:39.620 [main] DEBUG org.apache.http.impl.client.TargetAuthenticationStrategy -- Challenge for CredSSP authentication scheme not available
07:30:39.620 [main] DEBUG org.apache.http.impl.client.TargetAuthenticationStrategy -- Challenge for Digest authentication scheme not available
07:30:39.620 [main] DEBUG org.apache.http.impl.client.DefaultHttpClient -- Selected authentication options: [BASIC [complete=true]]
07:30:39.621 [main] DEBUG org.apache.http.client.protocol.RequestAddCookies -- CookieSpec selected: ignoreCookies
07:30:39.621 [main] DEBUG org.apache.http.client.protocol.RequestAuthCache -- Auth cache not set in the context
07:30:39.621 [main] DEBUG org.apache.http.client.protocol.RequestTargetAuthentication -- Target auth state: CHALLENGED
07:30:39.621 [main] DEBUG org.apache.http.client.protocol.RequestTargetAuthentication -- Generating response to an authentication challenge using basic scheme
07:30:39.621 [main] DEBUG org.apache.http.client.protocol.RequestProxyAuthentication -- Proxy auth state: UNCHALLENGED
07:30:39.621 [main] DEBUG org.apache.http.impl.client.DefaultHttpClient -- Attempt 2 to execute request
07:30:39.621 [main] DEBUG org.apache.http.impl.conn.DefaultClientConnection -- Sending request: GET /api/books HTTP/1.1
07:30:39.621 [main] DEBUG org.apache.http.wire --  >> "GET /api/books HTTP/1.1[\r][\n]"
07:30:39.621 [main] DEBUG org.apache.http.wire --  >> "Accept: */*[\r][\n]"
07:30:39.621 [main] DEBUG org.apache.http.wire --  >> "Host: 13.60.22.209:7081[\r][\n]"
07:30:39.621 [main] DEBUG org.apache.http.wire --  >> "Connection: Keep-Alive[\r][\n]"
07:30:39.621 [main] DEBUG org.apache.http.wire --  >> "User-Agent: Apache-HttpClient/4.5.13 (Java/17.0.9)[\r][\n]"
07:30:39.621 [main] DEBUG org.apache.http.wire --  >> "Authorization: Basic dXNlcjpwYXNzd29yZA==[\r][\n]"
07:30:39.621 [main] DEBUG org.apache.http.wire --  >> "Accept-Encoding: gzip,deflate[\r][\n]"
07:30:39.622 [main] DEBUG org.apache.http.wire --  >> "[\r][\n]"
07:30:39.622 [main] DEBUG org.apache.http.headers -- >> GET /api/books HTTP/1.1
07:30:39.622 [main] DEBUG org.apache.http.headers -- >> Accept: */*
07:30:39.622 [main] DEBUG org.apache.http.headers -- >> Host: 13.60.22.209:7081
07:30:39.622 [main] DEBUG org.apache.http.headers -- >> Connection: Keep-Alive
07:30:39.622 [main] DEBUG org.apache.http.headers -- >> User-Agent: Apache-HttpClient/4.5.13 (Java/17.0.9)
07:30:39.622 [main] DEBUG org.apache.http.headers -- >> Authorization: Basic dXNlcjpwYXNzd29yZA==
07:30:39.622 [main] DEBUG org.apache.http.headers -- >> Accept-Encoding: gzip,deflate
07:30:39.895 [main] DEBUG org.apache.http.wire --  << "HTTP/1.1 200 [\r][\n]"
07:30:39.895 [main] DEBUG org.apache.http.wire --  << "Set-Cookie: JSESSIONID=8A4A708C9A0DFCFFCC74F7CE059C0C6E; Path=/; HttpOnly[\r][\n]"
07:30:39.895 [main] DEBUG org.apache.http.wire --  << "X-Content-Type-Options: nosniff[\r][\n]"
07:30:39.895 [main] DEBUG org.apache.http.wire --  << "X-XSS-Protection: 1; mode=block[\r][\n]"
07:30:39.896 [main] DEBUG org.apache.http.wire --  << "Cache-Control: no-cache, no-store, max-age=0, must-revalidate[\r][\n]"
07:30:39.896 [main] DEBUG org.apache.http.wire --  << "Pragma: no-cache[\r][\n]"
07:30:39.896 [main] DEBUG org.apache.http.wire --  << "Expires: 0[\r][\n]"
07:30:39.896 [main] DEBUG org.apache.http.wire --  << "X-Frame-Options: DENY[\r][\n]"
07:30:39.896 [main] DEBUG org.apache.http.wire --  << "Content-Type: application/json[\r][\n]"
07:30:39.896 [main] DEBUG org.apache.http.wire --  << "Transfer-Encoding: chunked[\r][\n]"
07:30:39.896 [main] DEBUG org.apache.http.wire --  << "Date: Fri, 03 Jan 2025 02:00:40 GMT[\r][\n]"
07:30:39.897 [main] DEBUG org.apache.http.wire --  << "Keep-Alive: timeout=60[\r][\n]"
07:30:39.897 [main] DEBUG org.apache.http.wire --  << "Connection: keep-alive[\r][\n]"
07:30:39.897 [main] DEBUG org.apache.http.wire --  << "[\r][\n]"
07:30:39.897 [main] DEBUG org.apache.http.impl.conn.DefaultClientConnection -- Receiving response: HTTP/1.1 200 
07:30:39.897 [main] DEBUG org.apache.http.headers -- << HTTP/1.1 200 
07:30:39.897 [main] DEBUG org.apache.http.headers -- << Set-Cookie: JSESSIONID=8A4A708C9A0DFCFFCC74F7CE059C0C6E; Path=/; HttpOnly
07:30:39.897 [main] DEBUG org.apache.http.headers -- << X-Content-Type-Options: nosniff
07:30:39.897 [main] DEBUG org.apache.http.headers -- << X-XSS-Protection: 1; mode=block
07:30:39.897 [main] DEBUG org.apache.http.headers -- << Cache-Control: no-cache, no-store, max-age=0, must-revalidate
07:30:39.897 [main] DEBUG org.apache.http.headers -- << Pragma: no-cache
07:30:39.897 [main] DEBUG org.apache.http.headers -- << Expires: 0
07:30:39.898 [main] DEBUG org.apache.http.headers -- << X-Frame-Options: DENY
07:30:39.898 [main] DEBUG org.apache.http.headers -- << Content-Type: application/json
07:30:39.898 [main] DEBUG org.apache.http.headers -- << Transfer-Encoding: chunked
07:30:39.898 [main] DEBUG org.apache.http.headers -- << Date: Fri, 03 Jan 2025 02:00:40 GMT
07:30:39.898 [main] DEBUG org.apache.http.headers -- << Keep-Alive: timeout=60
07:30:39.898 [main] DEBUG org.apache.http.headers -- << Connection: keep-alive
07:30:39.898 [main] DEBUG org.apache.http.impl.client.DefaultHttpClient -- Connection can be kept alive for 60000 MILLISECONDS
07:30:39.899 [main] DEBUG org.apache.http.impl.client.DefaultHttpClient -- Authentication succeeded
07:30:39.899 [main] DEBUG org.apache.http.impl.client.TargetAuthenticationStrategy -- Caching 'basic' auth scheme for http://13.60.22.209:7081
07:30:39.899 [main] DEBUG io.restassured.internal.RestAssuredHttpBuilder -- Parsing response as: application/json
07:30:39.899 [main] DEBUG io.restassured.internal.RestAssuredHttpBuilder -- Parsed data to instance of: class org.apache.http.conn.EofSensorInputStream
07:30:39.902 [main] DEBUG org.apache.http.wire --  << "19e[\r][\n]"
07:30:39.902 [main] DEBUG org.apache.http.wire --  << "[{"id":2,"title":"Valid Title4","author":""},{"id":3,"title":"Valid Book","author":"Valid Author"},{"id":4,"title":"User Books","author":"User Author"},{"id":5,"title":"Valid Bookss","author":"Valid Authors"},{"id":6,"title":"Harry Potter","author":"Howkling"},{"id":7,"title":"Harry Potter1","author":"Howkling"},{"id":8,"title":"Test Book","author":"Original Author"},{"id":9,"title":"Test Book2","author":null}]"
07:30:39.902 [main] DEBUG org.apache.http.wire --  << "[\r][\n]"
07:30:39.902 [main] DEBUG org.apache.http.wire --  << "0[\r][\n]"
07:30:39.902 [main] DEBUG org.apache.http.wire --  << "[\r][\n]"
07:30:39.902 [main] DEBUG org.apache.http.impl.conn.BasicClientConnectionManager -- Releasing connection org.apache.http.impl.conn.ManagedClientConnectionImpl@e38f0b7
07:30:39.902 [main] DEBUG org.apache.http.impl.conn.BasicClientConnectionManager -- Connection can be kept alive for 60000 MILLISECONDS
]]></system-out>
  </testcase>
  <testcase name="testGetBookByIdAsAdmin" classname="TestCases.GetBookAPITests" time="1.318">
    <system-out><![CDATA[07:30:39.950 [main] DEBUG org.apache.http.impl.conn.BasicClientConnectionManager -- Get connection for route {}->http://13.60.22.209:7081
07:30:39.950 [main] DEBUG org.apache.http.impl.conn.DefaultClientConnectionOperator -- Connecting to 13.60.22.209:7081
07:30:40.167 [main] DEBUG org.apache.http.client.protocol.RequestAddCookies -- CookieSpec selected: ignoreCookies
07:30:40.168 [main] DEBUG org.apache.http.client.protocol.RequestAuthCache -- Auth cache not set in the context
07:30:40.168 [main] DEBUG org.apache.http.client.protocol.RequestTargetAuthentication -- Target auth state: UNCHALLENGED
07:30:40.168 [main] DEBUG org.apache.http.client.protocol.RequestProxyAuthentication -- Proxy auth state: UNCHALLENGED
07:30:40.168 [main] DEBUG org.apache.http.impl.client.DefaultHttpClient -- Attempt 1 to execute request
07:30:40.168 [main] DEBUG org.apache.http.impl.conn.DefaultClientConnection -- Sending request: GET /api/books/2 HTTP/1.1
07:30:40.168 [main] DEBUG org.apache.http.wire --  >> "GET /api/books/2 HTTP/1.1[\r][\n]"
07:30:40.168 [main] DEBUG org.apache.http.wire --  >> "Accept: */*[\r][\n]"
07:30:40.168 [main] DEBUG org.apache.http.wire --  >> "Host: 13.60.22.209:7081[\r][\n]"
07:30:40.168 [main] DEBUG org.apache.http.wire --  >> "Connection: Keep-Alive[\r][\n]"
07:30:40.169 [main] DEBUG org.apache.http.wire --  >> "User-Agent: Apache-HttpClient/4.5.13 (Java/17.0.9)[\r][\n]"
07:30:40.169 [main] DEBUG org.apache.http.wire --  >> "Accept-Encoding: gzip,deflate[\r][\n]"
07:30:40.169 [main] DEBUG org.apache.http.wire --  >> "[\r][\n]"
07:30:40.169 [main] DEBUG org.apache.http.headers -- >> GET /api/books/2 HTTP/1.1
07:30:40.169 [main] DEBUG org.apache.http.headers -- >> Accept: */*
07:30:40.169 [main] DEBUG org.apache.http.headers -- >> Host: 13.60.22.209:7081
07:30:40.169 [main] DEBUG org.apache.http.headers -- >> Connection: Keep-Alive
07:30:40.169 [main] DEBUG org.apache.http.headers -- >> User-Agent: Apache-HttpClient/4.5.13 (Java/17.0.9)
07:30:40.169 [main] DEBUG org.apache.http.headers -- >> Accept-Encoding: gzip,deflate
07:30:40.396 [main] DEBUG org.apache.http.wire --  << "HTTP/1.1 401 [\r][\n]"
07:30:40.398 [main] DEBUG org.apache.http.wire --  << "Set-Cookie: JSESSIONID=C6A7C1D5BA5667874A60E84732504B1A; Path=/; HttpOnly[\r][\n]"
07:30:40.398 [main] DEBUG org.apache.http.wire --  << "WWW-Authenticate: Basic realm="Realm"[\r][\n]"
07:30:40.398 [main] DEBUG org.apache.http.wire --  << "X-Content-Type-Options: nosniff[\r][\n]"
07:30:40.398 [main] DEBUG org.apache.http.wire --  << "X-XSS-Protection: 1; mode=block[\r][\n]"
07:30:40.398 [main] DEBUG org.apache.http.wire --  << "Cache-Control: no-cache, no-store, max-age=0, must-revalidate[\r][\n]"
07:30:40.398 [main] DEBUG org.apache.http.wire --  << "Pragma: no-cache[\r][\n]"
07:30:40.398 [main] DEBUG org.apache.http.wire --  << "Expires: 0[\r][\n]"
07:30:40.398 [main] DEBUG org.apache.http.wire --  << "X-Frame-Options: DENY[\r][\n]"
07:30:40.398 [main] DEBUG org.apache.http.wire --  << "Content-Length: 0[\r][\n]"
07:30:40.398 [main] DEBUG org.apache.http.wire --  << "Date: Fri, 03 Jan 2025 02:00:40 GMT[\r][\n]"
07:30:40.398 [main] DEBUG org.apache.http.wire --  << "Keep-Alive: timeout=60[\r][\n]"
07:30:40.398 [main] DEBUG org.apache.http.wire --  << "Connection: keep-alive[\r][\n]"
07:30:40.398 [main] DEBUG org.apache.http.wire --  << "[\r][\n]"
07:30:40.398 [main] DEBUG org.apache.http.impl.conn.DefaultClientConnection -- Receiving response: HTTP/1.1 401 
07:30:40.398 [main] DEBUG org.apache.http.headers -- << HTTP/1.1 401 
07:30:40.398 [main] DEBUG org.apache.http.headers -- << Set-Cookie: JSESSIONID=C6A7C1D5BA5667874A60E84732504B1A; Path=/; HttpOnly
07:30:40.398 [main] DEBUG org.apache.http.headers -- << WWW-Authenticate: Basic realm="Realm"
07:30:40.398 [main] DEBUG org.apache.http.headers -- << X-Content-Type-Options: nosniff
07:30:40.398 [main] DEBUG org.apache.http.headers -- << X-XSS-Protection: 1; mode=block
07:30:40.399 [main] DEBUG org.apache.http.headers -- << Cache-Control: no-cache, no-store, max-age=0, must-revalidate
07:30:40.399 [main] DEBUG org.apache.http.headers -- << Pragma: no-cache
07:30:40.399 [main] DEBUG org.apache.http.headers -- << Expires: 0
07:30:40.399 [main] DEBUG org.apache.http.headers -- << X-Frame-Options: DENY
07:30:40.399 [main] DEBUG org.apache.http.headers -- << Content-Length: 0
07:30:40.399 [main] DEBUG org.apache.http.headers -- << Date: Fri, 03 Jan 2025 02:00:40 GMT
07:30:40.399 [main] DEBUG org.apache.http.headers -- << Keep-Alive: timeout=60
07:30:40.399 [main] DEBUG org.apache.http.headers -- << Connection: keep-alive
07:30:40.399 [main] DEBUG org.apache.http.impl.client.DefaultHttpClient -- Connection can be kept alive for 60000 MILLISECONDS
07:30:40.399 [main] DEBUG org.apache.http.impl.client.DefaultHttpClient -- Authentication required
07:30:40.400 [main] DEBUG org.apache.http.impl.client.DefaultHttpClient -- 13.60.22.209:7081 requested authentication
07:30:40.400 [main] DEBUG org.apache.http.impl.client.TargetAuthenticationStrategy -- Authentication schemes in the order of preference: [Negotiate, Kerberos, NTLM, CredSSP, Digest, Basic]
07:30:40.400 [main] DEBUG org.apache.http.impl.client.TargetAuthenticationStrategy -- Challenge for Negotiate authentication scheme not available
07:30:40.400 [main] DEBUG org.apache.http.impl.client.TargetAuthenticationStrategy -- Challenge for Kerberos authentication scheme not available
07:30:40.400 [main] DEBUG org.apache.http.impl.client.TargetAuthenticationStrategy -- Challenge for NTLM authentication scheme not available
07:30:40.400 [main] DEBUG org.apache.http.impl.client.TargetAuthenticationStrategy -- Challenge for CredSSP authentication scheme not available
07:30:40.400 [main] DEBUG org.apache.http.impl.client.TargetAuthenticationStrategy -- Challenge for Digest authentication scheme not available
07:30:40.400 [main] DEBUG org.apache.http.impl.client.DefaultHttpClient -- Selected authentication options: [BASIC [complete=true]]
07:30:40.401 [main] DEBUG org.apache.http.client.protocol.RequestAddCookies -- CookieSpec selected: ignoreCookies
07:30:40.401 [main] DEBUG org.apache.http.client.protocol.RequestAuthCache -- Auth cache not set in the context
07:30:40.401 [main] DEBUG org.apache.http.client.protocol.RequestTargetAuthentication -- Target auth state: CHALLENGED
07:30:40.401 [main] DEBUG org.apache.http.client.protocol.RequestTargetAuthentication -- Generating response to an authentication challenge using basic scheme
07:30:40.401 [main] DEBUG org.apache.http.client.protocol.RequestProxyAuthentication -- Proxy auth state: UNCHALLENGED
07:30:40.401 [main] DEBUG org.apache.http.impl.client.DefaultHttpClient -- Attempt 2 to execute request
07:30:40.401 [main] DEBUG org.apache.http.impl.conn.DefaultClientConnection -- Sending request: GET /api/books/2 HTTP/1.1
07:30:40.401 [main] DEBUG org.apache.http.wire --  >> "GET /api/books/2 HTTP/1.1[\r][\n]"
07:30:40.401 [main] DEBUG org.apache.http.wire --  >> "Accept: */*[\r][\n]"
07:30:40.401 [main] DEBUG org.apache.http.wire --  >> "Host: 13.60.22.209:7081[\r][\n]"
07:30:40.401 [main] DEBUG org.apache.http.wire --  >> "Connection: Keep-Alive[\r][\n]"
07:30:40.403 [main] DEBUG org.apache.http.wire --  >> "User-Agent: Apache-HttpClient/4.5.13 (Java/17.0.9)[\r][\n]"
07:30:40.403 [main] DEBUG org.apache.http.wire --  >> "Authorization: Basic YWRtaW46cGFzc3dvcmQ=[\r][\n]"
07:30:40.403 [main] DEBUG org.apache.http.wire --  >> "Accept-Encoding: gzip,deflate[\r][\n]"
07:30:40.403 [main] DEBUG org.apache.http.wire --  >> "[\r][\n]"
07:30:40.403 [main] DEBUG org.apache.http.headers -- >> GET /api/books/2 HTTP/1.1
07:30:40.403 [main] DEBUG org.apache.http.headers -- >> Accept: */*
07:30:40.403 [main] DEBUG org.apache.http.headers -- >> Host: 13.60.22.209:7081
07:30:40.403 [main] DEBUG org.apache.http.headers -- >> Connection: Keep-Alive
07:30:40.403 [main] DEBUG org.apache.http.headers -- >> User-Agent: Apache-HttpClient/4.5.13 (Java/17.0.9)
07:30:40.403 [main] DEBUG org.apache.http.headers -- >> Authorization: Basic YWRtaW46cGFzc3dvcmQ=
07:30:40.403 [main] DEBUG org.apache.http.headers -- >> Accept-Encoding: gzip,deflate
07:30:40.777 [main] DEBUG org.apache.http.wire --  << "HTTP/1.1 200 [\r][\n]"
07:30:40.777 [main] DEBUG org.apache.http.wire --  << "Set-Cookie: JSESSIONID=4F97A73BF6B113D4C236142267145FAD; Path=/; HttpOnly[\r][\n]"
07:30:40.778 [main] DEBUG org.apache.http.wire --  << "X-Content-Type-Options: nosniff[\r][\n]"
07:30:40.778 [main] DEBUG org.apache.http.wire --  << "X-XSS-Protection: 1; mode=block[\r][\n]"
07:30:40.793 [main] DEBUG org.apache.http.wire --  << "Cache-Control: no-cache, no-store, max-age=0, must-revalidate[\r][\n]"
07:30:40.793 [main] DEBUG org.apache.http.wire --  << "Pragma: no-cache[\r][\n]"
07:30:40.793 [Finalizer] DEBUG org.apache.http.impl.conn.DefaultClientConnection -- Connection 0.0.0.0:62906<->13.60.22.209:7081 closed
07:30:40.793 [main] DEBUG org.apache.http.wire --  << "Expires: 0[\r][\n]"
07:30:40.794 [main] DEBUG org.apache.http.wire --  << "X-Frame-Options: DENY[\r][\n]"
07:30:40.794 [main] DEBUG org.apache.http.wire --  << "Content-Type: application/json[\r][\n]"
07:30:40.794 [main] DEBUG org.apache.http.wire --  << "Transfer-Encoding: chunked[\r][\n]"
07:30:40.794 [main] DEBUG org.apache.http.wire --  << "Date: Fri, 03 Jan 2025 02:00:41 GMT[\r][\n]"
07:30:40.794 [main] DEBUG org.apache.http.wire --  << "Keep-Alive: timeout=60[\r][\n]"
07:30:40.794 [main] DEBUG org.apache.http.wire --  << "Connection: keep-alive[\r][\n]"
07:30:40.794 [main] DEBUG org.apache.http.wire --  << "[\r][\n]"
07:30:40.794 [main] DEBUG org.apache.http.impl.conn.DefaultClientConnection -- Receiving response: HTTP/1.1 200 
07:30:40.794 [main] DEBUG org.apache.http.headers -- << HTTP/1.1 200 
07:30:40.794 [main] DEBUG org.apache.http.headers -- << Set-Cookie: JSESSIONID=4F97A73BF6B113D4C236142267145FAD; Path=/; HttpOnly
07:30:40.794 [main] DEBUG org.apache.http.headers -- << X-Content-Type-Options: nosniff
07:30:40.794 [main] DEBUG org.apache.http.headers -- << X-XSS-Protection: 1; mode=block
07:30:40.794 [main] DEBUG org.apache.http.headers -- << Cache-Control: no-cache, no-store, max-age=0, must-revalidate
07:30:40.794 [main] DEBUG org.apache.http.headers -- << Pragma: no-cache
07:30:40.794 [main] DEBUG org.apache.http.headers -- << Expires: 0
07:30:40.794 [main] DEBUG org.apache.http.headers -- << X-Frame-Options: DENY
07:30:40.794 [main] DEBUG org.apache.http.headers -- << Content-Type: application/json
07:30:40.794 [main] DEBUG org.apache.http.headers -- << Transfer-Encoding: chunked
07:30:40.794 [main] DEBUG org.apache.http.headers -- << Date: Fri, 03 Jan 2025 02:00:41 GMT
07:30:40.794 [main] DEBUG org.apache.http.headers -- << Keep-Alive: timeout=60
07:30:40.794 [main] DEBUG org.apache.http.headers -- << Connection: keep-alive
07:30:40.794 [main] DEBUG org.apache.http.impl.client.DefaultHttpClient -- Connection can be kept alive for 60000 MILLISECONDS
07:30:40.794 [main] DEBUG org.apache.http.impl.client.DefaultHttpClient -- Authentication succeeded
07:30:40.794 [main] DEBUG org.apache.http.impl.client.TargetAuthenticationStrategy -- Caching 'basic' auth scheme for http://13.60.22.209:7081
07:30:40.794 [main] DEBUG io.restassured.internal.RestAssuredHttpBuilder -- Parsing response as: application/json
07:30:40.794 [main] DEBUG io.restassured.internal.RestAssuredHttpBuilder -- Parsed data to instance of: class org.apache.http.conn.EofSensorInputStream
07:30:40.795 [main] DEBUG org.apache.http.wire --  << "2b[\r][\n]"
07:30:40.795 [main] DEBUG org.apache.http.wire --  << "{"id":2,"title":"Valid Title4","author":""}"
07:30:40.795 [main] DEBUG org.apache.http.wire --  << "[\r][\n]"
07:30:40.804 [main] DEBUG org.apache.http.wire --  << "0[\r][\n]"
07:30:40.805 [main] DEBUG org.apache.http.wire --  << "[\r][\n]"
07:30:40.805 [main] DEBUG org.apache.http.impl.conn.BasicClientConnectionManager -- Releasing connection org.apache.http.impl.conn.ManagedClientConnectionImpl@7e307087
07:30:40.805 [main] DEBUG org.apache.http.impl.conn.BasicClientConnectionManager -- Connection can be kept alive for 60000 MILLISECONDS
]]></system-out>
  </testcase>
  <testcase name="testGetBookByIdAsRegularUser" classname="TestCases.GetBookAPITests" time="0.713">
    <failure message="Expected status code is 200 expected [200] but found [403]" type="java.lang.AssertionError"><![CDATA[java.lang.AssertionError: Expected status code is 200 expected [200] but found [403]
	at org.testng.Assert.fail(Assert.java:110)
	at org.testng.Assert.failNotEquals(Assert.java:1413)
	at org.testng.Assert.assertEqualsImpl(Assert.java:149)
	at org.testng.Assert.assertEquals(Assert.java:131)
	at org.testng.Assert.assertEquals(Assert.java:1240)
	at TestCases.GetBookAPITests.testGetBookByIdAsRegularUser(GetBookAPITests.java:114)
	at java.base/jdk.internal.reflect.NativeMethodAccessorImpl.invoke0(Native Method)
	at java.base/jdk.internal.reflect.NativeMethodAccessorImpl.invoke(NativeMethodAccessorImpl.java:77)
	at java.base/jdk.internal.reflect.DelegatingMethodAccessorImpl.invoke(DelegatingMethodAccessorImpl.java:43)
	at java.base/java.lang.reflect.Method.invoke(Method.java:568)
	at org.testng.internal.invokers.MethodInvocationHelper.invokeMethod(MethodInvocationHelper.java:139)
	at org.testng.internal.invokers.TestInvoker.invokeMethod(TestInvoker.java:677)
	at org.testng.internal.invokers.TestInvoker.invokeTestMethod(TestInvoker.java:221)
	at org.testng.internal.invokers.MethodRunner.runInSequence(MethodRunner.java:50)
	at org.testng.internal.invokers.TestInvoker$MethodInvocationAgent.invoke(TestInvoker.java:969)
	at org.testng.internal.invokers.TestInvoker.invokeTestMethods(TestInvoker.java:194)
	at org.testng.internal.invokers.TestMethodWorker.invokeTestMethods(TestMethodWorker.java:148)
	at org.testng.internal.invokers.TestMethodWorker.run(TestMethodWorker.java:128)
	at java.base/java.util.ArrayList.forEach(ArrayList.java:1511)
	at org.testng.TestRunner.privateRun(TestRunner.java:829)
	at org.testng.TestRunner.run(TestRunner.java:602)
	at org.testng.SuiteRunner.runTest(SuiteRunner.java:437)
	at org.testng.SuiteRunner.runSequentially(SuiteRunner.java:431)
	at org.testng.SuiteRunner.privateRun(SuiteRunner.java:391)
	at org.testng.SuiteRunner.run(SuiteRunner.java:330)
	at org.testng.SuiteRunnerWorker.runSuite(SuiteRunnerWorker.java:52)
	at org.testng.SuiteRunnerWorker.run(SuiteRunnerWorker.java:95)
	at org.testng.TestNG.runSuitesSequentially(TestNG.java:1256)
	at org.testng.TestNG.runSuitesLocally(TestNG.java:1176)
	at org.testng.TestNG.runSuites(TestNG.java:1099)
	at org.testng.TestNG.run(TestNG.java:1067)
	at org.apache.maven.surefire.testng.TestNGExecutor.run(TestNGExecutor.java:324)
	at org.apache.maven.surefire.testng.TestNGXmlTestSuite.execute(TestNGXmlTestSuite.java:74)
	at org.apache.maven.surefire.testng.TestNGProvider.invoke(TestNGProvider.java:123)
	at org.apache.maven.surefire.booter.ForkedBooter.runSuitesInProcess(ForkedBooter.java:456)
	at org.apache.maven.surefire.booter.ForkedBooter.execute(ForkedBooter.java:169)
	at org.apache.maven.surefire.booter.ForkedBooter.run(ForkedBooter.java:595)
	at org.apache.maven.surefire.booter.ForkedBooter.main(ForkedBooter.java:581)
]]></failure>
    <system-out><![CDATA[07:30:41.263 [main] DEBUG org.apache.http.impl.conn.BasicClientConnectionManager -- Get connection for route {}->http://13.60.22.209:7081
07:30:41.263 [main] DEBUG org.apache.http.impl.conn.DefaultClientConnectionOperator -- Connecting to 13.60.22.209:7081
07:30:41.455 [main] DEBUG org.apache.http.client.protocol.RequestAddCookies -- CookieSpec selected: ignoreCookies
07:30:41.456 [main] DEBUG org.apache.http.client.protocol.RequestAuthCache -- Auth cache not set in the context
07:30:41.456 [main] DEBUG org.apache.http.client.protocol.RequestTargetAuthentication -- Target auth state: UNCHALLENGED
07:30:41.456 [main] DEBUG org.apache.http.client.protocol.RequestProxyAuthentication -- Proxy auth state: UNCHALLENGED
07:30:41.456 [main] DEBUG org.apache.http.impl.client.DefaultHttpClient -- Attempt 1 to execute request
07:30:41.456 [main] DEBUG org.apache.http.impl.conn.DefaultClientConnection -- Sending request: GET /api/books/1 HTTP/1.1
07:30:41.456 [main] DEBUG org.apache.http.wire --  >> "GET /api/books/1 HTTP/1.1[\r][\n]"
07:30:41.456 [main] DEBUG org.apache.http.wire --  >> "Accept: */*[\r][\n]"
07:30:41.456 [main] DEBUG org.apache.http.wire --  >> "Host: 13.60.22.209:7081[\r][\n]"
07:30:41.456 [main] DEBUG org.apache.http.wire --  >> "Connection: Keep-Alive[\r][\n]"
07:30:41.456 [main] DEBUG org.apache.http.wire --  >> "User-Agent: Apache-HttpClient/4.5.13 (Java/17.0.9)[\r][\n]"
07:30:41.457 [main] DEBUG org.apache.http.wire --  >> "Accept-Encoding: gzip,deflate[\r][\n]"
07:30:41.457 [main] DEBUG org.apache.http.wire --  >> "[\r][\n]"
07:30:41.457 [main] DEBUG org.apache.http.headers -- >> GET /api/books/1 HTTP/1.1
07:30:41.457 [main] DEBUG org.apache.http.headers -- >> Accept: */*
07:30:41.457 [main] DEBUG org.apache.http.headers -- >> Host: 13.60.22.209:7081
07:30:41.457 [main] DEBUG org.apache.http.headers -- >> Connection: Keep-Alive
07:30:41.457 [main] DEBUG org.apache.http.headers -- >> User-Agent: Apache-HttpClient/4.5.13 (Java/17.0.9)
07:30:41.457 [main] DEBUG org.apache.http.headers -- >> Accept-Encoding: gzip,deflate
07:30:41.641 [main] DEBUG org.apache.http.wire --  << "HTTP/1.1 401 [\r][\n]"
07:30:41.642 [main] DEBUG org.apache.http.wire --  << "Set-Cookie: JSESSIONID=0F4E76400D50F6BFCCFD91E8B722AF22; Path=/; HttpOnly[\r][\n]"
07:30:41.642 [main] DEBUG org.apache.http.wire --  << "WWW-Authenticate: Basic realm="Realm"[\r][\n]"
07:30:41.642 [main] DEBUG org.apache.http.wire --  << "X-Content-Type-Options: nosniff[\r][\n]"
07:30:41.642 [main] DEBUG org.apache.http.wire --  << "X-XSS-Protection: 1; mode=block[\r][\n]"
07:30:41.642 [main] DEBUG org.apache.http.wire --  << "Cache-Control: no-cache, no-store, max-age=0, must-revalidate[\r][\n]"
07:30:41.642 [main] DEBUG org.apache.http.wire --  << "Pragma: no-cache[\r][\n]"
07:30:41.642 [main] DEBUG org.apache.http.wire --  << "Expires: 0[\r][\n]"
07:30:41.642 [main] DEBUG org.apache.http.wire --  << "X-Frame-Options: DENY[\r][\n]"
07:30:41.642 [main] DEBUG org.apache.http.wire --  << "Content-Length: 0[\r][\n]"
07:30:41.642 [main] DEBUG org.apache.http.wire --  << "Date: Fri, 03 Jan 2025 02:00:41 GMT[\r][\n]"
07:30:41.642 [main] DEBUG org.apache.http.wire --  << "Keep-Alive: timeout=60[\r][\n]"
07:30:41.642 [main] DEBUG org.apache.http.wire --  << "Connection: keep-alive[\r][\n]"
07:30:41.643 [main] DEBUG org.apache.http.wire --  << "[\r][\n]"
07:30:41.643 [main] DEBUG org.apache.http.impl.conn.DefaultClientConnection -- Receiving response: HTTP/1.1 401 
07:30:41.643 [main] DEBUG org.apache.http.headers -- << HTTP/1.1 401 
07:30:41.643 [main] DEBUG org.apache.http.headers -- << Set-Cookie: JSESSIONID=0F4E76400D50F6BFCCFD91E8B722AF22; Path=/; HttpOnly
07:30:41.643 [main] DEBUG org.apache.http.headers -- << WWW-Authenticate: Basic realm="Realm"
07:30:41.643 [main] DEBUG org.apache.http.headers -- << X-Content-Type-Options: nosniff
07:30:41.643 [main] DEBUG org.apache.http.headers -- << X-XSS-Protection: 1; mode=block
07:30:41.643 [main] DEBUG org.apache.http.headers -- << Cache-Control: no-cache, no-store, max-age=0, must-revalidate
07:30:41.643 [main] DEBUG org.apache.http.headers -- << Pragma: no-cache
07:30:41.643 [main] DEBUG org.apache.http.headers -- << Expires: 0
07:30:41.643 [main] DEBUG org.apache.http.headers -- << X-Frame-Options: DENY
07:30:41.643 [main] DEBUG org.apache.http.headers -- << Content-Length: 0
07:30:41.643 [main] DEBUG org.apache.http.headers -- << Date: Fri, 03 Jan 2025 02:00:41 GMT
07:30:41.643 [main] DEBUG org.apache.http.headers -- << Keep-Alive: timeout=60
07:30:41.643 [main] DEBUG org.apache.http.headers -- << Connection: keep-alive
07:30:41.643 [main] DEBUG org.apache.http.impl.client.DefaultHttpClient -- Connection can be kept alive for 60000 MILLISECONDS
07:30:41.643 [main] DEBUG org.apache.http.impl.client.DefaultHttpClient -- Authentication required
07:30:41.643 [main] DEBUG org.apache.http.impl.client.DefaultHttpClient -- 13.60.22.209:7081 requested authentication
07:30:41.644 [main] DEBUG org.apache.http.impl.client.TargetAuthenticationStrategy -- Authentication schemes in the order of preference: [Negotiate, Kerberos, NTLM, CredSSP, Digest, Basic]
07:30:41.644 [main] DEBUG org.apache.http.impl.client.TargetAuthenticationStrategy -- Challenge for Negotiate authentication scheme not available
07:30:41.644 [main] DEBUG org.apache.http.impl.client.TargetAuthenticationStrategy -- Challenge for Kerberos authentication scheme not available
07:30:41.644 [main] DEBUG org.apache.http.impl.client.TargetAuthenticationStrategy -- Challenge for NTLM authentication scheme not available
07:30:41.644 [main] DEBUG org.apache.http.impl.client.TargetAuthenticationStrategy -- Challenge for CredSSP authentication scheme not available
07:30:41.644 [main] DEBUG org.apache.http.impl.client.TargetAuthenticationStrategy -- Challenge for Digest authentication scheme not available
07:30:41.644 [main] DEBUG org.apache.http.impl.client.DefaultHttpClient -- Selected authentication options: [BASIC [complete=true]]
07:30:41.644 [main] DEBUG org.apache.http.client.protocol.RequestAddCookies -- CookieSpec selected: ignoreCookies
07:30:41.644 [main] DEBUG org.apache.http.client.protocol.RequestAuthCache -- Auth cache not set in the context
07:30:41.644 [main] DEBUG org.apache.http.client.protocol.RequestTargetAuthentication -- Target auth state: CHALLENGED
07:30:41.645 [main] DEBUG org.apache.http.client.protocol.RequestTargetAuthentication -- Generating response to an authentication challenge using basic scheme
07:30:41.645 [main] DEBUG org.apache.http.client.protocol.RequestProxyAuthentication -- Proxy auth state: UNCHALLENGED
07:30:41.645 [main] DEBUG org.apache.http.impl.client.DefaultHttpClient -- Attempt 2 to execute request
07:30:41.645 [main] DEBUG org.apache.http.impl.conn.DefaultClientConnection -- Sending request: GET /api/books/1 HTTP/1.1
07:30:41.645 [main] DEBUG org.apache.http.wire --  >> "GET /api/books/1 HTTP/1.1[\r][\n]"
07:30:41.645 [main] DEBUG org.apache.http.wire --  >> "Accept: */*[\r][\n]"
07:30:41.645 [main] DEBUG org.apache.http.wire --  >> "Host: 13.60.22.209:7081[\r][\n]"
07:30:41.645 [main] DEBUG org.apache.http.wire --  >> "Connection: Keep-Alive[\r][\n]"
07:30:41.645 [main] DEBUG org.apache.http.wire --  >> "User-Agent: Apache-HttpClient/4.5.13 (Java/17.0.9)[\r][\n]"
07:30:41.645 [main] DEBUG org.apache.http.wire --  >> "Authorization: Basic dXNlcjpwYXNzd29yZA==[\r][\n]"
07:30:41.645 [main] DEBUG org.apache.http.wire --  >> "Accept-Encoding: gzip,deflate[\r][\n]"
07:30:41.645 [main] DEBUG org.apache.http.wire --  >> "[\r][\n]"
07:30:41.646 [main] DEBUG org.apache.http.headers -- >> GET /api/books/1 HTTP/1.1
07:30:41.646 [main] DEBUG org.apache.http.headers -- >> Accept: */*
07:30:41.646 [main] DEBUG org.apache.http.headers -- >> Host: 13.60.22.209:7081
07:30:41.646 [main] DEBUG org.apache.http.headers -- >> Connection: Keep-Alive
07:30:41.646 [main] DEBUG org.apache.http.headers -- >> User-Agent: Apache-HttpClient/4.5.13 (Java/17.0.9)
07:30:41.646 [main] DEBUG org.apache.http.headers -- >> Authorization: Basic dXNlcjpwYXNzd29yZA==
07:30:41.646 [main] DEBUG org.apache.http.headers -- >> Accept-Encoding: gzip,deflate
07:30:41.944 [main] DEBUG org.apache.http.wire --  << "HTTP/1.1 403 [\r][\n]"
07:30:41.945 [main] DEBUG org.apache.http.wire --  << "Set-Cookie: JSESSIONID=B2C16280642FFE166F87CA9BCC10C798; Path=/; HttpOnly[\r][\n]"
07:30:41.945 [main] DEBUG org.apache.http.wire --  << "X-Content-Type-Options: nosniff[\r][\n]"
07:30:41.945 [main] DEBUG org.apache.http.wire --  << "X-XSS-Protection: 1; mode=block[\r][\n]"
07:30:41.945 [main] DEBUG org.apache.http.wire --  << "Cache-Control: no-cache, no-store, max-age=0, must-revalidate[\r][\n]"
07:30:41.945 [main] DEBUG org.apache.http.wire --  << "Pragma: no-cache[\r][\n]"
07:30:41.945 [main] DEBUG org.apache.http.wire --  << "Expires: 0[\r][\n]"
07:30:41.945 [main] DEBUG org.apache.http.wire --  << "X-Frame-Options: DENY[\r][\n]"
07:30:41.946 [main] DEBUG org.apache.http.wire --  << "Content-Type: text/plain;charset=UTF-8[\r][\n]"
07:30:41.946 [main] DEBUG org.apache.http.wire --  << "Content-Length: 22[\r][\n]"
07:30:41.946 [main] DEBUG org.apache.http.wire --  << "Date: Fri, 03 Jan 2025 02:00:43 GMT[\r][\n]"
07:30:41.946 [main] DEBUG org.apache.http.wire --  << "Keep-Alive: timeout=60[\r][\n]"
07:30:41.946 [main] DEBUG org.apache.http.wire --  << "Connection: keep-alive[\r][\n]"
07:30:41.946 [main] DEBUG org.apache.http.wire --  << "[\r][\n]"
07:30:41.946 [main] DEBUG org.apache.http.impl.conn.DefaultClientConnection -- Receiving response: HTTP/1.1 403 
07:30:41.946 [main] DEBUG org.apache.http.headers -- << HTTP/1.1 403 
07:30:41.946 [main] DEBUG org.apache.http.headers -- << Set-Cookie: JSESSIONID=B2C16280642FFE166F87CA9BCC10C798; Path=/; HttpOnly
07:30:41.946 [main] DEBUG org.apache.http.headers -- << X-Content-Type-Options: nosniff
07:30:41.946 [main] DEBUG org.apache.http.headers -- << X-XSS-Protection: 1; mode=block
07:30:41.946 [main] DEBUG org.apache.http.headers -- << Cache-Control: no-cache, no-store, max-age=0, must-revalidate
07:30:41.946 [main] DEBUG org.apache.http.headers -- << Pragma: no-cache
07:30:41.946 [main] DEBUG org.apache.http.headers -- << Expires: 0
07:30:41.946 [main] DEBUG org.apache.http.headers -- << X-Frame-Options: DENY
07:30:41.946 [main] DEBUG org.apache.http.headers -- << Content-Type: text/plain;charset=UTF-8
07:30:41.946 [main] DEBUG org.apache.http.headers -- << Content-Length: 22
07:30:41.946 [main] DEBUG org.apache.http.headers -- << Date: Fri, 03 Jan 2025 02:00:43 GMT
07:30:41.946 [main] DEBUG org.apache.http.headers -- << Keep-Alive: timeout=60
07:30:41.946 [main] DEBUG org.apache.http.headers -- << Connection: keep-alive
07:30:41.946 [main] DEBUG org.apache.http.impl.client.DefaultHttpClient -- Connection can be kept alive for 60000 MILLISECONDS
07:30:41.946 [main] DEBUG org.apache.http.impl.client.DefaultHttpClient -- Authentication succeeded
07:30:41.946 [main] DEBUG org.apache.http.impl.client.TargetAuthenticationStrategy -- Caching 'basic' auth scheme for http://13.60.22.209:7081
07:30:41.947 [main] DEBUG io.restassured.internal.RestAssuredHttpBuilder -- Parsing response as: text/plain;charset=UTF-8
07:30:41.947 [main] DEBUG io.restassured.internal.RestAssuredHttpBuilder -- Parsed data to instance of: class org.apache.http.conn.EofSensorInputStream
]]></system-out>
  </testcase>
  <testcase name="testGetBookByIdAsUser" classname="TestCases.GetBookAPITests" time="0.686">
    <failure message="Expected status code is 200 expected [200] but found [403]" type="java.lang.AssertionError"><![CDATA[java.lang.AssertionError: Expected status code is 200 expected [200] but found [403]
	at org.testng.Assert.fail(Assert.java:110)
	at org.testng.Assert.failNotEquals(Assert.java:1413)
	at org.testng.Assert.assertEqualsImpl(Assert.java:149)
	at org.testng.Assert.assertEquals(Assert.java:131)
	at org.testng.Assert.assertEquals(Assert.java:1240)
	at TestCases.GetBookAPITests.testGetBookByIdAsUser(GetBookAPITests.java:58)
	at java.base/jdk.internal.reflect.NativeMethodAccessorImpl.invoke0(Native Method)
	at java.base/jdk.internal.reflect.NativeMethodAccessorImpl.invoke(NativeMethodAccessorImpl.java:77)
	at java.base/jdk.internal.reflect.DelegatingMethodAccessorImpl.invoke(DelegatingMethodAccessorImpl.java:43)
	at java.base/java.lang.reflect.Method.invoke(Method.java:568)
	at org.testng.internal.invokers.MethodInvocationHelper.invokeMethod(MethodInvocationHelper.java:139)
	at org.testng.internal.invokers.TestInvoker.invokeMethod(TestInvoker.java:677)
	at org.testng.internal.invokers.TestInvoker.invokeTestMethod(TestInvoker.java:221)
	at org.testng.internal.invokers.MethodRunner.runInSequence(MethodRunner.java:50)
	at org.testng.internal.invokers.TestInvoker$MethodInvocationAgent.invoke(TestInvoker.java:969)
	at org.testng.internal.invokers.TestInvoker.invokeTestMethods(TestInvoker.java:194)
	at org.testng.internal.invokers.TestMethodWorker.invokeTestMethods(TestMethodWorker.java:148)
	at org.testng.internal.invokers.TestMethodWorker.run(TestMethodWorker.java:128)
	at java.base/java.util.ArrayList.forEach(ArrayList.java:1511)
	at org.testng.TestRunner.privateRun(TestRunner.java:829)
	at org.testng.TestRunner.run(TestRunner.java:602)
	at org.testng.SuiteRunner.runTest(SuiteRunner.java:437)
	at org.testng.SuiteRunner.runSequentially(SuiteRunner.java:431)
	at org.testng.SuiteRunner.privateRun(SuiteRunner.java:391)
	at org.testng.SuiteRunner.run(SuiteRunner.java:330)
	at org.testng.SuiteRunnerWorker.runSuite(SuiteRunnerWorker.java:52)
	at org.testng.SuiteRunnerWorker.run(SuiteRunnerWorker.java:95)
	at org.testng.TestNG.runSuitesSequentially(TestNG.java:1256)
	at org.testng.TestNG.runSuitesLocally(TestNG.java:1176)
	at org.testng.TestNG.runSuites(TestNG.java:1099)
	at org.testng.TestNG.run(TestNG.java:1067)
	at org.apache.maven.surefire.testng.TestNGExecutor.run(TestNGExecutor.java:324)
	at org.apache.maven.surefire.testng.TestNGXmlTestSuite.execute(TestNGXmlTestSuite.java:74)
	at org.apache.maven.surefire.testng.TestNGProvider.invoke(TestNGProvider.java:123)
	at org.apache.maven.surefire.booter.ForkedBooter.runSuitesInProcess(ForkedBooter.java:456)
	at org.apache.maven.surefire.booter.ForkedBooter.execute(ForkedBooter.java:169)
	at org.apache.maven.surefire.booter.ForkedBooter.run(ForkedBooter.java:595)
	at org.apache.maven.surefire.booter.ForkedBooter.main(ForkedBooter.java:581)
]]></failure>
    <system-out><![CDATA[07:30:41.972 [main] DEBUG org.apache.http.impl.conn.BasicClientConnectionManager -- Get connection for route {}->http://13.60.22.209:7081
07:30:41.972 [main] DEBUG org.apache.http.impl.conn.DefaultClientConnectionOperator -- Connecting to 13.60.22.209:7081
07:30:42.180 [main] DEBUG org.apache.http.client.protocol.RequestAddCookies -- CookieSpec selected: ignoreCookies
07:30:42.180 [main] DEBUG org.apache.http.client.protocol.RequestAuthCache -- Auth cache not set in the context
07:30:42.180 [main] DEBUG org.apache.http.client.protocol.RequestTargetAuthentication -- Target auth state: UNCHALLENGED
07:30:42.180 [main] DEBUG org.apache.http.client.protocol.RequestProxyAuthentication -- Proxy auth state: UNCHALLENGED
07:30:42.181 [main] DEBUG org.apache.http.impl.client.DefaultHttpClient -- Attempt 1 to execute request
07:30:42.181 [main] DEBUG org.apache.http.impl.conn.DefaultClientConnection -- Sending request: GET /api/books/1 HTTP/1.1
07:30:42.181 [main] DEBUG org.apache.http.wire --  >> "GET /api/books/1 HTTP/1.1[\r][\n]"
07:30:42.181 [main] DEBUG org.apache.http.wire --  >> "Accept: */*[\r][\n]"
07:30:42.181 [main] DEBUG org.apache.http.wire --  >> "Host: 13.60.22.209:7081[\r][\n]"
07:30:42.181 [main] DEBUG org.apache.http.wire --  >> "Connection: Keep-Alive[\r][\n]"
07:30:42.181 [main] DEBUG org.apache.http.wire --  >> "User-Agent: Apache-HttpClient/4.5.13 (Java/17.0.9)[\r][\n]"
07:30:42.181 [main] DEBUG org.apache.http.wire --  >> "Accept-Encoding: gzip,deflate[\r][\n]"
07:30:42.181 [main] DEBUG org.apache.http.wire --  >> "[\r][\n]"
07:30:42.181 [main] DEBUG org.apache.http.headers -- >> GET /api/books/1 HTTP/1.1
07:30:42.181 [main] DEBUG org.apache.http.headers -- >> Accept: */*
07:30:42.181 [main] DEBUG org.apache.http.headers -- >> Host: 13.60.22.209:7081
07:30:42.181 [main] DEBUG org.apache.http.headers -- >> Connection: Keep-Alive
07:30:42.182 [main] DEBUG org.apache.http.headers -- >> User-Agent: Apache-HttpClient/4.5.13 (Java/17.0.9)
07:30:42.182 [main] DEBUG org.apache.http.headers -- >> Accept-Encoding: gzip,deflate
07:30:42.372 [main] DEBUG org.apache.http.wire --  << "HTTP/1.1 401 [\r][\n]"
07:30:42.373 [main] DEBUG org.apache.http.wire --  << "Set-Cookie: JSESSIONID=BAAE7CBA4631340551A04C1DA5D7E0DF; Path=/; HttpOnly[\r][\n]"
07:30:42.373 [main] DEBUG org.apache.http.wire --  << "WWW-Authenticate: Basic realm="Realm"[\r][\n]"
07:30:42.373 [main] DEBUG org.apache.http.wire --  << "X-Content-Type-Options: nosniff[\r][\n]"
07:30:42.373 [main] DEBUG org.apache.http.wire --  << "X-XSS-Protection: 1; mode=block[\r][\n]"
07:30:42.373 [main] DEBUG org.apache.http.wire --  << "Cache-Control: no-cache, no-store, max-age=0, must-revalidate[\r][\n]"
07:30:42.373 [main] DEBUG org.apache.http.wire --  << "Pragma: no-cache[\r][\n]"
07:30:42.373 [main] DEBUG org.apache.http.wire --  << "Expires: 0[\r][\n]"
07:30:42.373 [main] DEBUG org.apache.http.wire --  << "X-Frame-Options: DENY[\r][\n]"
07:30:42.373 [main] DEBUG org.apache.http.wire --  << "Content-Length: 0[\r][\n]"
07:30:42.373 [main] DEBUG org.apache.http.wire --  << "Date: Fri, 03 Jan 2025 02:00:43 GMT[\r][\n]"
07:30:42.373 [main] DEBUG org.apache.http.wire --  << "Keep-Alive: timeout=60[\r][\n]"
07:30:42.374 [main] DEBUG org.apache.http.wire --  << "Connection: keep-alive[\r][\n]"
07:30:42.374 [main] DEBUG org.apache.http.wire --  << "[\r][\n]"
07:30:42.374 [main] DEBUG org.apache.http.impl.conn.DefaultClientConnection -- Receiving response: HTTP/1.1 401 
07:30:42.374 [main] DEBUG org.apache.http.headers -- << HTTP/1.1 401 
07:30:42.374 [main] DEBUG org.apache.http.headers -- << Set-Cookie: JSESSIONID=BAAE7CBA4631340551A04C1DA5D7E0DF; Path=/; HttpOnly
07:30:42.374 [main] DEBUG org.apache.http.headers -- << WWW-Authenticate: Basic realm="Realm"
07:30:42.374 [main] DEBUG org.apache.http.headers -- << X-Content-Type-Options: nosniff
07:30:42.374 [main] DEBUG org.apache.http.headers -- << X-XSS-Protection: 1; mode=block
07:30:42.374 [main] DEBUG org.apache.http.headers -- << Cache-Control: no-cache, no-store, max-age=0, must-revalidate
07:30:42.374 [main] DEBUG org.apache.http.headers -- << Pragma: no-cache
07:30:42.374 [main] DEBUG org.apache.http.headers -- << Expires: 0
07:30:42.374 [main] DEBUG org.apache.http.headers -- << X-Frame-Options: DENY
07:30:42.374 [main] DEBUG org.apache.http.headers -- << Content-Length: 0
07:30:42.374 [main] DEBUG org.apache.http.headers -- << Date: Fri, 03 Jan 2025 02:00:43 GMT
07:30:42.374 [main] DEBUG org.apache.http.headers -- << Keep-Alive: timeout=60
07:30:42.374 [main] DEBUG org.apache.http.headers -- << Connection: keep-alive
07:30:42.374 [main] DEBUG org.apache.http.impl.client.DefaultHttpClient -- Connection can be kept alive for 60000 MILLISECONDS
07:30:42.374 [main] DEBUG org.apache.http.impl.client.DefaultHttpClient -- Authentication required
07:30:42.374 [main] DEBUG org.apache.http.impl.client.DefaultHttpClient -- 13.60.22.209:7081 requested authentication
07:30:42.375 [main] DEBUG org.apache.http.impl.client.TargetAuthenticationStrategy -- Authentication schemes in the order of preference: [Negotiate, Kerberos, NTLM, CredSSP, Digest, Basic]
07:30:42.375 [main] DEBUG org.apache.http.impl.client.TargetAuthenticationStrategy -- Challenge for Negotiate authentication scheme not available
07:30:42.375 [main] DEBUG org.apache.http.impl.client.TargetAuthenticationStrategy -- Challenge for Kerberos authentication scheme not available
07:30:42.375 [main] DEBUG org.apache.http.impl.client.TargetAuthenticationStrategy -- Challenge for NTLM authentication scheme not available
07:30:42.375 [main] DEBUG org.apache.http.impl.client.TargetAuthenticationStrategy -- Challenge for CredSSP authentication scheme not available
07:30:42.375 [main] DEBUG org.apache.http.impl.client.TargetAuthenticationStrategy -- Challenge for Digest authentication scheme not available
07:30:42.375 [main] DEBUG org.apache.http.impl.client.DefaultHttpClient -- Selected authentication options: [BASIC [complete=true]]
07:30:42.375 [main] DEBUG org.apache.http.client.protocol.RequestAddCookies -- CookieSpec selected: ignoreCookies
07:30:42.375 [main] DEBUG org.apache.http.client.protocol.RequestAuthCache -- Auth cache not set in the context
07:30:42.375 [main] DEBUG org.apache.http.client.protocol.RequestTargetAuthentication -- Target auth state: CHALLENGED
07:30:42.375 [main] DEBUG org.apache.http.client.protocol.RequestTargetAuthentication -- Generating response to an authentication challenge using basic scheme
07:30:42.375 [main] DEBUG org.apache.http.client.protocol.RequestProxyAuthentication -- Proxy auth state: UNCHALLENGED
07:30:42.376 [main] DEBUG org.apache.http.impl.client.DefaultHttpClient -- Attempt 2 to execute request
07:30:42.376 [main] DEBUG org.apache.http.impl.conn.DefaultClientConnection -- Sending request: GET /api/books/1 HTTP/1.1
07:30:42.376 [main] DEBUG org.apache.http.wire --  >> "GET /api/books/1 HTTP/1.1[\r][\n]"
07:30:42.376 [main] DEBUG org.apache.http.wire --  >> "Accept: */*[\r][\n]"
07:30:42.376 [main] DEBUG org.apache.http.wire --  >> "Host: 13.60.22.209:7081[\r][\n]"
07:30:42.376 [main] DEBUG org.apache.http.wire --  >> "Connection: Keep-Alive[\r][\n]"
07:30:42.376 [main] DEBUG org.apache.http.wire --  >> "User-Agent: Apache-HttpClient/4.5.13 (Java/17.0.9)[\r][\n]"
07:30:42.376 [main] DEBUG org.apache.http.wire --  >> "Authorization: Basic dXNlcjpwYXNzd29yZA==[\r][\n]"
07:30:42.376 [main] DEBUG org.apache.http.wire --  >> "Accept-Encoding: gzip,deflate[\r][\n]"
07:30:42.376 [main] DEBUG org.apache.http.wire --  >> "[\r][\n]"
07:30:42.376 [main] DEBUG org.apache.http.headers -- >> GET /api/books/1 HTTP/1.1
07:30:42.376 [main] DEBUG org.apache.http.headers -- >> Accept: */*
07:30:42.376 [main] DEBUG org.apache.http.headers -- >> Host: 13.60.22.209:7081
07:30:42.376 [main] DEBUG org.apache.http.headers -- >> Connection: Keep-Alive
07:30:42.376 [main] DEBUG org.apache.http.headers -- >> User-Agent: Apache-HttpClient/4.5.13 (Java/17.0.9)
07:30:42.376 [main] DEBUG org.apache.http.headers -- >> Authorization: Basic dXNlcjpwYXNzd29yZA==
07:30:42.376 [main] DEBUG org.apache.http.headers -- >> Accept-Encoding: gzip,deflate
07:30:42.643 [main] DEBUG org.apache.http.wire --  << "HTTP/1.1 403 [\r][\n]"
07:30:42.643 [main] DEBUG org.apache.http.wire --  << "Set-Cookie: JSESSIONID=B093596032FE1BED443E4C69F01B2A76; Path=/; HttpOnly[\r][\n]"
07:30:42.643 [main] DEBUG org.apache.http.wire --  << "X-Content-Type-Options: nosniff[\r][\n]"
07:30:42.643 [main] DEBUG org.apache.http.wire --  << "X-XSS-Protection: 1; mode=block[\r][\n]"
07:30:42.643 [main] DEBUG org.apache.http.wire --  << "Cache-Control: no-cache, no-store, max-age=0, must-revalidate[\r][\n]"
07:30:42.643 [main] DEBUG org.apache.http.wire --  << "Pragma: no-cache[\r][\n]"
07:30:42.643 [main] DEBUG org.apache.http.wire --  << "Expires: 0[\r][\n]"
07:30:42.643 [main] DEBUG org.apache.http.wire --  << "X-Frame-Options: DENY[\r][\n]"
07:30:42.643 [main] DEBUG org.apache.http.wire --  << "Content-Type: text/plain;charset=UTF-8[\r][\n]"
07:30:42.643 [main] DEBUG org.apache.http.wire --  << "Content-Length: 22[\r][\n]"
07:30:42.643 [main] DEBUG org.apache.http.wire --  << "Date: Fri, 03 Jan 2025 02:00:43 GMT[\r][\n]"
07:30:42.643 [main] DEBUG org.apache.http.wire --  << "Keep-Alive: timeout=60[\r][\n]"
07:30:42.643 [main] DEBUG org.apache.http.wire --  << "Connection: keep-alive[\r][\n]"
07:30:42.643 [main] DEBUG org.apache.http.wire --  << "[\r][\n]"
07:30:42.643 [main] DEBUG org.apache.http.impl.conn.DefaultClientConnection -- Receiving response: HTTP/1.1 403 
07:30:42.643 [main] DEBUG org.apache.http.headers -- << HTTP/1.1 403 
07:30:42.643 [main] DEBUG org.apache.http.headers -- << Set-Cookie: JSESSIONID=B093596032FE1BED443E4C69F01B2A76; Path=/; HttpOnly
07:30:42.643 [main] DEBUG org.apache.http.headers -- << X-Content-Type-Options: nosniff
07:30:42.643 [main] DEBUG org.apache.http.headers -- << X-XSS-Protection: 1; mode=block
07:30:42.643 [main] DEBUG org.apache.http.headers -- << Cache-Control: no-cache, no-store, max-age=0, must-revalidate
07:30:42.643 [main] DEBUG org.apache.http.headers -- << Pragma: no-cache
07:30:42.643 [main] DEBUG org.apache.http.headers -- << Expires: 0
07:30:42.643 [main] DEBUG org.apache.http.headers -- << X-Frame-Options: DENY
07:30:42.643 [main] DEBUG org.apache.http.headers -- << Content-Type: text/plain;charset=UTF-8
07:30:42.643 [main] DEBUG org.apache.http.headers -- << Content-Length: 22
07:30:42.643 [main] DEBUG org.apache.http.headers -- << Date: Fri, 03 Jan 2025 02:00:43 GMT
07:30:42.643 [main] DEBUG org.apache.http.headers -- << Keep-Alive: timeout=60
07:30:42.643 [main] DEBUG org.apache.http.headers -- << Connection: keep-alive
07:30:42.644 [main] DEBUG org.apache.http.impl.client.DefaultHttpClient -- Connection can be kept alive for 60000 MILLISECONDS
07:30:42.644 [main] DEBUG org.apache.http.impl.client.DefaultHttpClient -- Authentication succeeded
07:30:42.644 [main] DEBUG org.apache.http.impl.client.TargetAuthenticationStrategy -- Caching 'basic' auth scheme for http://13.60.22.209:7081
07:30:42.644 [main] DEBUG io.restassured.internal.RestAssuredHttpBuilder -- Parsing response as: text/plain;charset=UTF-8
07:30:42.644 [main] DEBUG io.restassured.internal.RestAssuredHttpBuilder -- Parsed data to instance of: class org.apache.http.conn.EofSensorInputStream
]]></system-out>
  </testcase>
  <testcase name="testGetBookByInvalidIdAsAdmin" classname="TestCases.GetBookAPITests" time="0.722">
    <system-out><![CDATA[07:30:42.657 [main] DEBUG org.apache.http.impl.conn.BasicClientConnectionManager -- Get connection for route {}->http://13.60.22.209:7081
07:30:42.657 [main] DEBUG org.apache.http.impl.conn.DefaultClientConnectionOperator -- Connecting to 13.60.22.209:7081
07:30:42.935 [main] DEBUG org.apache.http.client.protocol.RequestAddCookies -- CookieSpec selected: ignoreCookies
07:30:42.935 [main] DEBUG org.apache.http.client.protocol.RequestAuthCache -- Auth cache not set in the context
07:30:42.935 [main] DEBUG org.apache.http.client.protocol.RequestTargetAuthentication -- Target auth state: UNCHALLENGED
07:30:42.935 [main] DEBUG org.apache.http.client.protocol.RequestProxyAuthentication -- Proxy auth state: UNCHALLENGED
07:30:42.936 [main] DEBUG org.apache.http.impl.client.DefaultHttpClient -- Attempt 1 to execute request
07:30:42.936 [main] DEBUG org.apache.http.impl.conn.DefaultClientConnection -- Sending request: GET /api/books/9999 HTTP/1.1
07:30:42.936 [main] DEBUG org.apache.http.wire --  >> "GET /api/books/9999 HTTP/1.1[\r][\n]"
07:30:42.936 [main] DEBUG org.apache.http.wire --  >> "Accept: */*[\r][\n]"
07:30:42.936 [main] DEBUG org.apache.http.wire --  >> "Host: 13.60.22.209:7081[\r][\n]"
07:30:42.936 [main] DEBUG org.apache.http.wire --  >> "Connection: Keep-Alive[\r][\n]"
07:30:42.936 [main] DEBUG org.apache.http.wire --  >> "User-Agent: Apache-HttpClient/4.5.13 (Java/17.0.9)[\r][\n]"
07:30:42.936 [main] DEBUG org.apache.http.wire --  >> "Accept-Encoding: gzip,deflate[\r][\n]"
07:30:42.936 [main] DEBUG org.apache.http.wire --  >> "[\r][\n]"
07:30:42.936 [main] DEBUG org.apache.http.headers -- >> GET /api/books/9999 HTTP/1.1
07:30:42.936 [main] DEBUG org.apache.http.headers -- >> Accept: */*
07:30:42.936 [main] DEBUG org.apache.http.headers -- >> Host: 13.60.22.209:7081
07:30:42.936 [main] DEBUG org.apache.http.headers -- >> Connection: Keep-Alive
07:30:42.936 [main] DEBUG org.apache.http.headers -- >> User-Agent: Apache-HttpClient/4.5.13 (Java/17.0.9)
07:30:42.936 [main] DEBUG org.apache.http.headers -- >> Accept-Encoding: gzip,deflate
07:30:43.107 [main] DEBUG org.apache.http.wire --  << "HTTP/1.1 401 [\r][\n]"
07:30:43.107 [main] DEBUG org.apache.http.wire --  << "Set-Cookie: JSESSIONID=5346D97FF156E8E369F6D0B7F81BBC46; Path=/; HttpOnly[\r][\n]"
07:30:43.107 [main] DEBUG org.apache.http.wire --  << "WWW-Authenticate: Basic realm="Realm"[\r][\n]"
07:30:43.107 [main] DEBUG org.apache.http.wire --  << "X-Content-Type-Options: nosniff[\r][\n]"
07:30:43.107 [main] DEBUG org.apache.http.wire --  << "X-XSS-Protection: 1; mode=block[\r][\n]"
07:30:43.107 [main] DEBUG org.apache.http.wire --  << "Cache-Control: no-cache, no-store, max-age=0, must-revalidate[\r][\n]"
07:30:43.107 [main] DEBUG org.apache.http.wire --  << "Pragma: no-cache[\r][\n]"
07:30:43.107 [main] DEBUG org.apache.http.wire --  << "Expires: 0[\r][\n]"
07:30:43.107 [main] DEBUG org.apache.http.wire --  << "X-Frame-Options: DENY[\r][\n]"
07:30:43.107 [main] DEBUG org.apache.http.wire --  << "Content-Length: 0[\r][\n]"
07:30:43.107 [main] DEBUG org.apache.http.wire --  << "Date: Fri, 03 Jan 2025 02:00:44 GMT[\r][\n]"
07:30:43.107 [main] DEBUG org.apache.http.wire --  << "Keep-Alive: timeout=60[\r][\n]"
07:30:43.107 [main] DEBUG org.apache.http.wire --  << "Connection: keep-alive[\r][\n]"
07:30:43.107 [main] DEBUG org.apache.http.wire --  << "[\r][\n]"
07:30:43.107 [main] DEBUG org.apache.http.impl.conn.DefaultClientConnection -- Receiving response: HTTP/1.1 401 
07:30:43.107 [main] DEBUG org.apache.http.headers -- << HTTP/1.1 401 
07:30:43.107 [main] DEBUG org.apache.http.headers -- << Set-Cookie: JSESSIONID=5346D97FF156E8E369F6D0B7F81BBC46; Path=/; HttpOnly
07:30:43.107 [main] DEBUG org.apache.http.headers -- << WWW-Authenticate: Basic realm="Realm"
07:30:43.107 [main] DEBUG org.apache.http.headers -- << X-Content-Type-Options: nosniff
07:30:43.107 [main] DEBUG org.apache.http.headers -- << X-XSS-Protection: 1; mode=block
07:30:43.107 [main] DEBUG org.apache.http.headers -- << Cache-Control: no-cache, no-store, max-age=0, must-revalidate
07:30:43.107 [main] DEBUG org.apache.http.headers -- << Pragma: no-cache
07:30:43.107 [main] DEBUG org.apache.http.headers -- << Expires: 0
07:30:43.107 [main] DEBUG org.apache.http.headers -- << X-Frame-Options: DENY
07:30:43.107 [main] DEBUG org.apache.http.headers -- << Content-Length: 0
07:30:43.107 [main] DEBUG org.apache.http.headers -- << Date: Fri, 03 Jan 2025 02:00:44 GMT
07:30:43.108 [main] DEBUG org.apache.http.headers -- << Keep-Alive: timeout=60
07:30:43.108 [main] DEBUG org.apache.http.headers -- << Connection: keep-alive
07:30:43.108 [main] DEBUG org.apache.http.impl.client.DefaultHttpClient -- Connection can be kept alive for 60000 MILLISECONDS
07:30:43.108 [main] DEBUG org.apache.http.impl.client.DefaultHttpClient -- Authentication required
07:30:43.108 [main] DEBUG org.apache.http.impl.client.DefaultHttpClient -- 13.60.22.209:7081 requested authentication
07:30:43.108 [main] DEBUG org.apache.http.impl.client.TargetAuthenticationStrategy -- Authentication schemes in the order of preference: [Negotiate, Kerberos, NTLM, CredSSP, Digest, Basic]
07:30:43.108 [main] DEBUG org.apache.http.impl.client.TargetAuthenticationStrategy -- Challenge for Negotiate authentication scheme not available
07:30:43.108 [main] DEBUG org.apache.http.impl.client.TargetAuthenticationStrategy -- Challenge for Kerberos authentication scheme not available
07:30:43.108 [main] DEBUG org.apache.http.impl.client.TargetAuthenticationStrategy -- Challenge for NTLM authentication scheme not available
07:30:43.108 [main] DEBUG org.apache.http.impl.client.TargetAuthenticationStrategy -- Challenge for CredSSP authentication scheme not available
07:30:43.108 [main] DEBUG org.apache.http.impl.client.TargetAuthenticationStrategy -- Challenge for Digest authentication scheme not available
07:30:43.108 [main] DEBUG org.apache.http.impl.client.DefaultHttpClient -- Selected authentication options: [BASIC [complete=true]]
07:30:43.108 [main] DEBUG org.apache.http.client.protocol.RequestAddCookies -- CookieSpec selected: ignoreCookies
07:30:43.108 [main] DEBUG org.apache.http.client.protocol.RequestAuthCache -- Auth cache not set in the context
07:30:43.108 [main] DEBUG org.apache.http.client.protocol.RequestTargetAuthentication -- Target auth state: CHALLENGED
07:30:43.108 [main] DEBUG org.apache.http.client.protocol.RequestTargetAuthentication -- Generating response to an authentication challenge using basic scheme
07:30:43.108 [main] DEBUG org.apache.http.client.protocol.RequestProxyAuthentication -- Proxy auth state: UNCHALLENGED
07:30:43.108 [main] DEBUG org.apache.http.impl.client.DefaultHttpClient -- Attempt 2 to execute request
07:30:43.108 [main] DEBUG org.apache.http.impl.conn.DefaultClientConnection -- Sending request: GET /api/books/9999 HTTP/1.1
07:30:43.108 [main] DEBUG org.apache.http.wire --  >> "GET /api/books/9999 HTTP/1.1[\r][\n]"
07:30:43.108 [main] DEBUG org.apache.http.wire --  >> "Accept: */*[\r][\n]"
07:30:43.108 [main] DEBUG org.apache.http.wire --  >> "Host: 13.60.22.209:7081[\r][\n]"
07:30:43.108 [main] DEBUG org.apache.http.wire --  >> "Connection: Keep-Alive[\r][\n]"
07:30:43.108 [main] DEBUG org.apache.http.wire --  >> "User-Agent: Apache-HttpClient/4.5.13 (Java/17.0.9)[\r][\n]"
07:30:43.109 [main] DEBUG org.apache.http.wire --  >> "Authorization: Basic YWRtaW46cGFzc3dvcmQ=[\r][\n]"
07:30:43.109 [main] DEBUG org.apache.http.wire --  >> "Accept-Encoding: gzip,deflate[\r][\n]"
07:30:43.109 [main] DEBUG org.apache.http.wire --  >> "[\r][\n]"
07:30:43.109 [main] DEBUG org.apache.http.headers -- >> GET /api/books/9999 HTTP/1.1
07:30:43.109 [main] DEBUG org.apache.http.headers -- >> Accept: */*
07:30:43.109 [main] DEBUG org.apache.http.headers -- >> Host: 13.60.22.209:7081
07:30:43.109 [main] DEBUG org.apache.http.headers -- >> Connection: Keep-Alive
07:30:43.109 [main] DEBUG org.apache.http.headers -- >> User-Agent: Apache-HttpClient/4.5.13 (Java/17.0.9)
07:30:43.109 [main] DEBUG org.apache.http.headers -- >> Authorization: Basic YWRtaW46cGFzc3dvcmQ=
07:30:43.109 [main] DEBUG org.apache.http.headers -- >> Accept-Encoding: gzip,deflate
07:30:43.358 [main] DEBUG org.apache.http.wire --  << "HTTP/1.1 404 [\r][\n]"
07:30:43.359 [main] DEBUG org.apache.http.wire --  << "Set-Cookie: JSESSIONID=72049D006C2D36803A69FCDBF7AC98B3; Path=/; HttpOnly[\r][\n]"
07:30:43.359 [main] DEBUG org.apache.http.wire --  << "X-Content-Type-Options: nosniff[\r][\n]"
07:30:43.359 [main] DEBUG org.apache.http.wire --  << "X-XSS-Protection: 1; mode=block[\r][\n]"
07:30:43.359 [main] DEBUG org.apache.http.wire --  << "Cache-Control: no-cache, no-store, max-age=0, must-revalidate[\r][\n]"
07:30:43.359 [main] DEBUG org.apache.http.wire --  << "Pragma: no-cache[\r][\n]"
07:30:43.359 [main] DEBUG org.apache.http.wire --  << "Expires: 0[\r][\n]"
07:30:43.359 [main] DEBUG org.apache.http.wire --  << "X-Frame-Options: DENY[\r][\n]"
07:30:43.359 [main] DEBUG org.apache.http.wire --  << "Content-Type: text/plain;charset=UTF-8[\r][\n]"
07:30:43.359 [main] DEBUG org.apache.http.wire --  << "Content-Length: 14[\r][\n]"
07:30:43.359 [main] DEBUG org.apache.http.wire --  << "Date: Fri, 03 Jan 2025 02:00:44 GMT[\r][\n]"
07:30:43.359 [main] DEBUG org.apache.http.wire --  << "Keep-Alive: timeout=60[\r][\n]"
07:30:43.359 [main] DEBUG org.apache.http.wire --  << "Connection: keep-alive[\r][\n]"
07:30:43.359 [main] DEBUG org.apache.http.wire --  << "[\r][\n]"
07:30:43.359 [main] DEBUG org.apache.http.impl.conn.DefaultClientConnection -- Receiving response: HTTP/1.1 404 
07:30:43.360 [main] DEBUG org.apache.http.headers -- << HTTP/1.1 404 
07:30:43.360 [main] DEBUG org.apache.http.headers -- << Set-Cookie: JSESSIONID=72049D006C2D36803A69FCDBF7AC98B3; Path=/; HttpOnly
07:30:43.360 [main] DEBUG org.apache.http.headers -- << X-Content-Type-Options: nosniff
07:30:43.360 [main] DEBUG org.apache.http.headers -- << X-XSS-Protection: 1; mode=block
07:30:43.360 [main] DEBUG org.apache.http.headers -- << Cache-Control: no-cache, no-store, max-age=0, must-revalidate
07:30:43.360 [main] DEBUG org.apache.http.headers -- << Pragma: no-cache
07:30:43.360 [main] DEBUG org.apache.http.headers -- << Expires: 0
07:30:43.360 [main] DEBUG org.apache.http.headers -- << X-Frame-Options: DENY
07:30:43.360 [main] DEBUG org.apache.http.headers -- << Content-Type: text/plain;charset=UTF-8
07:30:43.360 [main] DEBUG org.apache.http.headers -- << Content-Length: 14
07:30:43.360 [main] DEBUG org.apache.http.headers -- << Date: Fri, 03 Jan 2025 02:00:44 GMT
07:30:43.360 [main] DEBUG org.apache.http.headers -- << Keep-Alive: timeout=60
07:30:43.360 [main] DEBUG org.apache.http.headers -- << Connection: keep-alive
07:30:43.360 [main] DEBUG org.apache.http.impl.client.DefaultHttpClient -- Connection can be kept alive for 60000 MILLISECONDS
07:30:43.360 [main] DEBUG org.apache.http.impl.client.DefaultHttpClient -- Authentication succeeded
07:30:43.360 [main] DEBUG org.apache.http.impl.client.TargetAuthenticationStrategy -- Caching 'basic' auth scheme for http://13.60.22.209:7081
07:30:43.361 [main] DEBUG io.restassured.internal.RestAssuredHttpBuilder -- Parsing response as: text/plain;charset=UTF-8
07:30:43.362 [main] DEBUG io.restassured.internal.RestAssuredHttpBuilder -- Parsed data to instance of: class org.apache.http.conn.EofSensorInputStream
07:30:43.367 [main] DEBUG org.apache.http.wire --  << "Book not found"
07:30:43.367 [main] DEBUG org.apache.http.impl.conn.BasicClientConnectionManager -- Releasing connection org.apache.http.impl.conn.ManagedClientConnectionImpl@713a35c5
07:30:43.367 [main] DEBUG org.apache.http.impl.conn.BasicClientConnectionManager -- Connection can be kept alive for 60000 MILLISECONDS
]]></system-out>
  </testcase>
  <testcase name="testCreateBookWithDuplicateTitle" classname="TestCases.PostBookAPITests" time="1.467">
    <system-out><![CDATA[07:30:43.445 [Finalizer] DEBUG org.apache.http.impl.conn.DefaultClientConnection -- Connection 0.0.0.0:62909<->13.60.22.209:7081 closed
07:30:43.445 [Finalizer] DEBUG org.apache.http.impl.conn.DefaultClientConnection -- Connection 0.0.0.0:62908<->13.60.22.209:7081 closed
07:30:43.445 [Finalizer] DEBUG org.apache.http.impl.conn.DefaultClientConnection -- Connection 0.0.0.0:62907<->13.60.22.209:7081 closed
[...]
07:31:32.391 [AsyncHttpClient-1-3] DEBUG org.asynchttpclient.netty.handler.HttpHandler -- 

Request DefaultHttpRequest(decodeResult: success, version: HTTP/1.1)
POST /session/d1bb19133fd39050ad19888525ebafde/element HTTP/1.1
User-Agent: selenium/4.12.0 (java windows)
Content-Length: 53
Content-Type: application/json; charset=utf-8
host: localhost:21843
accept: */*

Response DefaultHttpResponse(decodeResult: success, version: HTTP/1.1)
HTTP/1.1 200 OK
Content-Length: 126
Content-Type: application/json; charset=utf-8
cache-control: no-cache

07:31:32.391 [AsyncHttpClient-1-3] DEBUG org.asynchttpclient.netty.channel.ChannelManager -- Adding key: http://localhost:21843 for channel [id: 0xa9aa7777, L:/127.0.0.1:63138 - R:localhost/127.0.0.1:21843]
07:31:32.392 [Forwarding sendKeysToElement on session d1bb19133fd39050ad19888525ebafde to remote] DEBUG org.asynchttpclient.netty.request.NettyRequestSender -- Using pooled Channel '[id: 0xa9aa7777, L:/127.0.0.1:63138 - R:localhost/127.0.0.1:21843]' for 'POST' to 'http://localhost:21843/session/d1bb19133fd39050ad19888525ebafde/element/f.B397281BF44D3382D8135DCD9DB65B60.d.CE7BE4A8B41DED40F9F26E199AB1CAB5.e.26/value'
07:31:32.393 [Forwarding sendKeysToElement on session d1bb19133fd39050ad19888525ebafde to remote] DEBUG org.asynchttpclient.netty.request.NettyRequestSender -- Using open Channel [id: 0xa9aa7777, L:/127.0.0.1:63138 - R:localhost/127.0.0.1:21843] for POST '/session/d1bb19133fd39050ad19888525ebafde/element/f.B397281BF44D3382D8135DCD9DB65B60.d.CE7BE4A8B41DED40F9F26E199AB1CAB5.e.26/value'
07:31:32.432 [AsyncHttpClient-1-1] DEBUG org.asynchttpclient.netty.channel.DefaultChannelPool -- Entry count for : http://localhost:63139 : 1
07:31:32.524 [AsyncHttpClient-1-3] DEBUG org.asynchttpclient.netty.handler.HttpHandler -- 

Request DefaultHttpRequest(decodeResult: success, version: HTTP/1.1)
POST /session/d1bb19133fd39050ad19888525ebafde/element/f.B397281BF44D3382D8135DCD9DB65B60.d.CE7BE4A8B41DED40F9F26E199AB1CAB5.e.26/value HTTP/1.1
User-Agent: selenium/4.12.0 (java windows)
Content-Length: 229
Content-Type: application/json; charset=utf-8
host: localhost:21843
accept: */*

Response DefaultHttpResponse(decodeResult: success, version: HTTP/1.1)
HTTP/1.1 200 OK
Content-Length: 14
Content-Type: application/json; charset=utf-8
cache-control: no-cache

07:31:32.524 [AsyncHttpClient-1-3] DEBUG org.asynchttpclient.netty.channel.ChannelManager -- Adding key: http://localhost:21843 for channel [id: 0xa9aa7777, L:/127.0.0.1:63138 - R:localhost/127.0.0.1:21843]
07:31:32.525 [Forwarding findElement on session d1bb19133fd39050ad19888525ebafde to remote] DEBUG org.asynchttpclient.netty.request.NettyRequestSender -- Using pooled Channel '[id: 0xa9aa7777, L:/127.0.0.1:63138 - R:localhost/127.0.0.1:21843]' for 'POST' to 'http://localhost:21843/session/d1bb19133fd39050ad19888525ebafde/element'
07:31:32.525 [Forwarding findElement on session d1bb19133fd39050ad19888525ebafde to remote] DEBUG org.asynchttpclient.netty.request.NettyRequestSender -- Using open Channel [id: 0xa9aa7777, L:/127.0.0.1:63138 - R:localhost/127.0.0.1:21843] for POST '/session/d1bb19133fd39050ad19888525ebafde/element'
07:31:32.537 [AsyncHttpClient-1-3] DEBUG org.asynchttpclient.netty.handler.HttpHandler -- 

Request DefaultHttpRequest(decodeResult: success, version: HTTP/1.1)
POST /session/d1bb19133fd39050ad19888525ebafde/element HTTP/1.1
User-Agent: selenium/4.12.0 (java windows)
Content-Length: 54
Content-Type: application/json; charset=utf-8
host: localhost:21843
accept: */*

Response DefaultHttpResponse(decodeResult: success, version: HTTP/1.1)
HTTP/1.1 200 OK
Content-Length: 126
Content-Type: application/json; charset=utf-8
cache-control: no-cache

07:31:32.537 [AsyncHttpClient-1-3] DEBUG org.asynchttpclient.netty.channel.ChannelManager -- Adding key: http://localhost:21843 for channel [id: 0xa9aa7777, L:/127.0.0.1:63138 - R:localhost/127.0.0.1:21843]
07:31:32.538 [Forwarding sendKeysToElement on session d1bb19133fd39050ad19888525ebafde to remote] DEBUG org.asynchttpclient.netty.request.NettyRequestSender -- Using pooled Channel '[id: 0xa9aa7777, L:/127.0.0.1:63138 - R:localhost/127.0.0.1:21843]' for 'POST' to 'http://localhost:21843/session/d1bb19133fd39050ad19888525ebafde/element/f.B397281BF44D3382D8135DCD9DB65B60.d.CE7BE4A8B41DED40F9F26E199AB1CAB5.e.29/value'
07:31:32.538 [Forwarding sendKeysToElement on session d1bb19133fd39050ad19888525ebafde to remote] DEBUG org.asynchttpclient.netty.request.NettyRequestSender -- Using open Channel [id: 0xa9aa7777, L:/127.0.0.1:63138 - R:localhost/127.0.0.1:21843] for POST '/session/d1bb19133fd39050ad19888525ebafde/element/f.B397281BF44D3382D8135DCD9DB65B60.d.CE7BE4A8B41DED40F9F26E199AB1CAB5.e.29/value'
07:31:32.595 [AsyncHttpClient-1-3] DEBUG org.asynchttpclient.netty.handler.HttpHandler -- 

Request DefaultHttpRequest(decodeResult: success, version: HTTP/1.1)
POST /session/d1bb19133fd39050ad19888525ebafde/element/f.B397281BF44D3382D8135DCD9DB65B60.d.CE7BE4A8B41DED40F9F26E199AB1CAB5.e.29/value HTTP/1.1
User-Agent: selenium/4.12.0 (java windows)
Content-Length: 159
Content-Type: application/json; charset=utf-8
host: localhost:21843
accept: */*

Response DefaultHttpResponse(decodeResult: success, version: HTTP/1.1)
HTTP/1.1 200 OK
Content-Length: 14
Content-Type: application/json; charset=utf-8
cache-control: no-cache

07:31:32.595 [AsyncHttpClient-1-3] DEBUG org.asynchttpclient.netty.channel.ChannelManager -- Adding key: http://localhost:21843 for channel [id: 0xa9aa7777, L:/127.0.0.1:63138 - R:localhost/127.0.0.1:21843]
07:31:32.597 [Forwarding findElement on session d1bb19133fd39050ad19888525ebafde to remote] DEBUG org.asynchttpclient.netty.request.NettyRequestSender -- Using pooled Channel '[id: 0xa9aa7777, L:/127.0.0.1:63138 - R:localhost/127.0.0.1:21843]' for 'POST' to 'http://localhost:21843/session/d1bb19133fd39050ad19888525ebafde/element'
07:31:32.597 [Forwarding findElement on session d1bb19133fd39050ad19888525ebafde to remote] DEBUG org.asynchttpclient.netty.request.NettyRequestSender -- Using open Channel [id: 0xa9aa7777, L:/127.0.0.1:63138 - R:localhost/127.0.0.1:21843] for POST '/session/d1bb19133fd39050ad19888525ebafde/element'
07:31:32.610 [AsyncHttpClient-1-3] DEBUG org.asynchttpclient.netty.handler.HttpHandler -- 

Request DefaultHttpRequest(decodeResult: success, version: HTTP/1.1)
POST /session/d1bb19133fd39050ad19888525ebafde/element HTTP/1.1
User-Agent: selenium/4.12.0 (java windows)
Content-Length: 53
Content-Type: application/json; charset=utf-8
host: localhost:21843
accept: */*

Response DefaultHttpResponse(decodeResult: success, version: HTTP/1.1)
HTTP/1.1 200 OK
Content-Length: 126
Content-Type: application/json; charset=utf-8
cache-control: no-cache

07:31:32.610 [AsyncHttpClient-1-3] DEBUG org.asynchttpclient.netty.channel.ChannelManager -- Adding key: http://localhost:21843 for channel [id: 0xa9aa7777, L:/127.0.0.1:63138 - R:localhost/127.0.0.1:21843]
07:31:32.611 [Forwarding sendKeysToElement on session d1bb19133fd39050ad19888525ebafde to remote] DEBUG org.asynchttpclient.netty.request.NettyRequestSender -- Using pooled Channel '[id: 0xa9aa7777, L:/127.0.0.1:63138 - R:localhost/127.0.0.1:21843]' for 'POST' to 'http://localhost:21843/session/d1bb19133fd39050ad19888525ebafde/element/f.B397281BF44D3382D8135DCD9DB65B60.d.CE7BE4A8B41DED40F9F26E199AB1CAB5.e.30/value'
07:31:32.611 [Forwarding sendKeysToElement on session d1bb19133fd39050ad19888525ebafde to remote] DEBUG org.asynchttpclient.netty.request.NettyRequestSender -- Using open Channel [id: 0xa9aa7777, L:/127.0.0.1:63138 - R:localhost/127.0.0.1:21843] for POST '/session/d1bb19133fd39050ad19888525ebafde/element/f.B397281BF44D3382D8135DCD9DB65B60.d.CE7BE4A8B41DED40F9F26E199AB1CAB5.e.30/value'
07:31:32.670 [AsyncHttpClient-1-3] DEBUG org.asynchttpclient.netty.handler.HttpHandler -- 

Request DefaultHttpRequest(decodeResult: success, version: HTTP/1.1)
POST /session/d1bb19133fd39050ad19888525ebafde/element/f.B397281BF44D3382D8135DCD9DB65B60.d.CE7BE4A8B41DED40F9F26E199AB1CAB5.e.30/value HTTP/1.1
User-Agent: selenium/4.12.0 (java windows)
Content-Length: 199
Content-Type: application/json; charset=utf-8
host: localhost:21843
accept: */*

Response DefaultHttpResponse(decodeResult: success, version: HTTP/1.1)
HTTP/1.1 200 OK
Content-Length: 14
Content-Type: application/json; charset=utf-8
cache-control: no-cache

07:31:32.670 [AsyncHttpClient-1-3] DEBUG org.asynchttpclient.netty.channel.ChannelManager -- Adding key: http://localhost:21843 for channel [id: 0xa9aa7777, L:/127.0.0.1:63138 - R:localhost/127.0.0.1:21843]
07:31:32.671 [Forwarding findElement on session d1bb19133fd39050ad19888525ebafde to remote] DEBUG org.asynchttpclient.netty.request.NettyRequestSender -- Using pooled Channel '[id: 0xa9aa7777, L:/127.0.0.1:63138 - R:localhost/127.0.0.1:21843]' for 'POST' to 'http://localhost:21843/session/d1bb19133fd39050ad19888525ebafde/element'
07:31:32.671 [Forwarding findElement on session d1bb19133fd39050ad19888525ebafde to remote] DEBUG org.asynchttpclient.netty.request.NettyRequestSender -- Using open Channel [id: 0xa9aa7777, L:/127.0.0.1:63138 - R:localhost/127.0.0.1:21843] for POST '/session/d1bb19133fd39050ad19888525ebafde/element'
07:31:32.685 [AsyncHttpClient-1-3] DEBUG org.asynchttpclient.netty.handler.HttpHandler -- 

Request DefaultHttpRequest(decodeResult: success, version: HTTP/1.1)
POST /session/d1bb19133fd39050ad19888525ebafde/element HTTP/1.1
User-Agent: selenium/4.12.0 (java windows)
Content-Length: 53
Content-Type: application/json; charset=utf-8
host: localhost:21843
accept: */*

Response DefaultHttpResponse(decodeResult: success, version: HTTP/1.1)
HTTP/1.1 200 OK
Content-Length: 126
Content-Type: application/json; charset=utf-8
cache-control: no-cache

07:31:32.685 [AsyncHttpClient-1-3] DEBUG org.asynchttpclient.netty.channel.ChannelManager -- Adding key: http://localhost:21843 for channel [id: 0xa9aa7777, L:/127.0.0.1:63138 - R:localhost/127.0.0.1:21843]
07:31:32.686 [Forwarding sendKeysToElement on session d1bb19133fd39050ad19888525ebafde to remote] DEBUG org.asynchttpclient.netty.request.NettyRequestSender -- Using pooled Channel '[id: 0xa9aa7777, L:/127.0.0.1:63138 - R:localhost/127.0.0.1:21843]' for 'POST' to 'http://localhost:21843/session/d1bb19133fd39050ad19888525ebafde/element/f.B397281BF44D3382D8135DCD9DB65B60.d.CE7BE4A8B41DED40F9F26E199AB1CAB5.e.15/value'
07:31:32.686 [Forwarding sendKeysToElement on session d1bb19133fd39050ad19888525ebafde to remote] DEBUG org.asynchttpclient.netty.request.NettyRequestSender -- Using open Channel [id: 0xa9aa7777, L:/127.0.0.1:63138 - R:localhost/127.0.0.1:21843] for POST '/session/d1bb19133fd39050ad19888525ebafde/element/f.B397281BF44D3382D8135DCD9DB65B60.d.CE7BE4A8B41DED40F9F26E199AB1CAB5.e.15/value'
07:31:32.735 [AsyncHttpClient-1-3] DEBUG org.asynchttpclient.netty.handler.HttpHandler -- 

Request DefaultHttpRequest(decodeResult: success, version: HTTP/1.1)
POST /session/d1bb19133fd39050ad19888525ebafde/element/f.B397281BF44D3382D8135DCD9DB65B60.d.CE7BE4A8B41DED40F9F26E199AB1CAB5.e.15/value HTTP/1.1
User-Agent: selenium/4.12.0 (java windows)
Content-Length: 149
Content-Type: application/json; charset=utf-8
host: localhost:21843
accept: */*

Response DefaultHttpResponse(decodeResult: success, version: HTTP/1.1)
HTTP/1.1 200 OK
Content-Length: 14
Content-Type: application/json; charset=utf-8
cache-control: no-cache

07:31:32.736 [AsyncHttpClient-1-3] DEBUG org.asynchttpclient.netty.channel.ChannelManager -- Adding key: http://localhost:21843 for channel [id: 0xa9aa7777, L:/127.0.0.1:63138 - R:localhost/127.0.0.1:21843]
07:31:32.736 [Forwarding findElement on session d1bb19133fd39050ad19888525ebafde to remote] DEBUG org.asynchttpclient.netty.request.NettyRequestSender -- Using pooled Channel '[id: 0xa9aa7777, L:/127.0.0.1:63138 - R:localhost/127.0.0.1:21843]' for 'POST' to 'http://localhost:21843/session/d1bb19133fd39050ad19888525ebafde/element'
07:31:32.737 [Forwarding findElement on session d1bb19133fd39050ad19888525ebafde to remote] DEBUG org.asynchttpclient.netty.request.NettyRequestSender -- Using open Channel [id: 0xa9aa7777, L:/127.0.0.1:63138 - R:localhost/127.0.0.1:21843] for POST '/session/d1bb19133fd39050ad19888525ebafde/element'
07:31:32.752 [AsyncHttpClient-1-3] DEBUG org.asynchttpclient.netty.handler.HttpHandler -- 

Request DefaultHttpRequest(decodeResult: success, version: HTTP/1.1)
POST /session/d1bb19133fd39050ad19888525ebafde/element HTTP/1.1
User-Agent: selenium/4.12.0 (java windows)
Content-Length: 60
Content-Type: application/json; charset=utf-8
host: localhost:21843
accept: */*

Response DefaultHttpResponse(decodeResult: success, version: HTTP/1.1)
HTTP/1.1 200 OK
Content-Length: 126
Content-Type: application/json; charset=utf-8
cache-control: no-cache

07:31:32.752 [AsyncHttpClient-1-3] DEBUG org.asynchttpclient.netty.channel.ChannelManager -- Adding key: http://localhost:21843 for channel [id: 0xa9aa7777, L:/127.0.0.1:63138 - R:localhost/127.0.0.1:21843]
07:31:32.754 [Forwarding sendKeysToElement on session d1bb19133fd39050ad19888525ebafde to remote] DEBUG org.asynchttpclient.netty.request.NettyRequestSender -- Using pooled Channel '[id: 0xa9aa7777, L:/127.0.0.1:63138 - R:localhost/127.0.0.1:21843]' for 'POST' to 'http://localhost:21843/session/d1bb19133fd39050ad19888525ebafde/element/f.B397281BF44D3382D8135DCD9DB65B60.d.CE7BE4A8B41DED40F9F26E199AB1CAB5.e.16/value'
07:31:32.754 [Forwarding sendKeysToElement on session d1bb19133fd39050ad19888525ebafde to remote] DEBUG org.asynchttpclient.netty.request.NettyRequestSender -- Using open Channel [id: 0xa9aa7777, L:/127.0.0.1:63138 - R:localhost/127.0.0.1:21843] for POST '/session/d1bb19133fd39050ad19888525ebafde/element/f.B397281BF44D3382D8135DCD9DB65B60.d.CE7BE4A8B41DED40F9F26E199AB1CAB5.e.16/value'
07:31:32.806 [AsyncHttpClient-1-3] DEBUG org.asynchttpclient.netty.handler.HttpHandler -- 

Request DefaultHttpRequest(decodeResult: success, version: HTTP/1.1)
POST /session/d1bb19133fd39050ad19888525ebafde/element/f.B397281BF44D3382D8135DCD9DB65B60.d.CE7BE4A8B41DED40F9F26E199AB1CAB5.e.16/value HTTP/1.1
User-Agent: selenium/4.12.0 (java windows)
Content-Length: 149
Content-Type: application/json; charset=utf-8
host: localhost:21843
accept: */*

Response DefaultHttpResponse(decodeResult: success, version: HTTP/1.1)
HTTP/1.1 200 OK
Content-Length: 14
Content-Type: application/json; charset=utf-8
cache-control: no-cache

07:31:32.806 [AsyncHttpClient-1-3] DEBUG org.asynchttpclient.netty.channel.ChannelManager -- Adding key: http://localhost:21843 for channel [id: 0xa9aa7777, L:/127.0.0.1:63138 - R:localhost/127.0.0.1:21843]
07:31:32.807 [Forwarding findElement on session d1bb19133fd39050ad19888525ebafde to remote] DEBUG org.asynchttpclient.netty.request.NettyRequestSender -- Using pooled Channel '[id: 0xa9aa7777, L:/127.0.0.1:63138 - R:localhost/127.0.0.1:21843]' for 'POST' to 'http://localhost:21843/session/d1bb19133fd39050ad19888525ebafde/element'
07:31:32.807 [Forwarding findElement on session d1bb19133fd39050ad19888525ebafde to remote] DEBUG org.asynchttpclient.netty.request.NettyRequestSender -- Using open Channel [id: 0xa9aa7777, L:/127.0.0.1:63138 - R:localhost/127.0.0.1:21843] for POST '/session/d1bb19133fd39050ad19888525ebafde/element'
07:31:32.820 [AsyncHttpClient-1-3] DEBUG org.asynchttpclient.netty.handler.HttpHandler -- 

Request DefaultHttpRequest(decodeResult: success, version: HTTP/1.1)
POST /session/d1bb19133fd39050ad19888525ebafde/element HTTP/1.1
User-Agent: selenium/4.12.0 (java windows)
Content-Length: 65
Content-Type: application/json; charset=utf-8
host: localhost:21843
accept: */*

Response DefaultHttpResponse(decodeResult: success, version: HTTP/1.1)
HTTP/1.1 200 OK
Content-Length: 125
Content-Type: application/json; charset=utf-8
cache-control: no-cache

07:31:32.821 [AsyncHttpClient-1-3] DEBUG org.asynchttpclient.netty.channel.ChannelManager -- Adding key: http://localhost:21843 for channel [id: 0xa9aa7777, L:/127.0.0.1:63138 - R:localhost/127.0.0.1:21843]
07:31:32.822 [Forwarding clickElement on session d1bb19133fd39050ad19888525ebafde to remote] DEBUG org.asynchttpclient.netty.request.NettyRequestSender -- Using pooled Channel '[id: 0xa9aa7777, L:/127.0.0.1:63138 - R:localhost/127.0.0.1:21843]' for 'POST' to 'http://localhost:21843/session/d1bb19133fd39050ad19888525ebafde/element/f.B397281BF44D3382D8135DCD9DB65B60.d.CE7BE4A8B41DED40F9F26E199AB1CAB5.e.7/click'
07:31:32.822 [Forwarding clickElement on session d1bb19133fd39050ad19888525ebafde to remote] DEBUG org.asynchttpclient.netty.request.NettyRequestSender -- Using open Channel [id: 0xa9aa7777, L:/127.0.0.1:63138 - R:localhost/127.0.0.1:21843] for POST '/session/d1bb19133fd39050ad19888525ebafde/element/f.B397281BF44D3382D8135DCD9DB65B60.d.CE7BE4A8B41DED40F9F26E199AB1CAB5.e.7/click'
07:31:32.892 [AsyncHttpClient-1-3] DEBUG org.asynchttpclient.netty.handler.HttpHandler -- 

Request DefaultHttpRequest(decodeResult: success, version: HTTP/1.1)
POST /session/d1bb19133fd39050ad19888525ebafde/element/f.B397281BF44D3382D8135DCD9DB65B60.d.CE7BE4A8B41DED40F9F26E199AB1CAB5.e.7/click HTTP/1.1
User-Agent: selenium/4.12.0 (java windows)
Content-Length: 87
Content-Type: application/json; charset=utf-8
host: localhost:21843
accept: */*

Response DefaultHttpResponse(decodeResult: success, version: HTTP/1.1)
HTTP/1.1 200 OK
Content-Length: 14
Content-Type: application/json; charset=utf-8
cache-control: no-cache

07:31:32.893 [AsyncHttpClient-1-3] DEBUG org.asynchttpclient.netty.channel.ChannelManager -- Adding key: http://localhost:21843 for channel [id: 0xa9aa7777, L:/127.0.0.1:63138 - R:localhost/127.0.0.1:21843]
07:31:32.894 [Forwarding getPageSource on session d1bb19133fd39050ad19888525ebafde to remote] DEBUG org.asynchttpclient.netty.request.NettyRequestSender -- Using pooled Channel '[id: 0xa9aa7777, L:/127.0.0.1:63138 - R:localhost/127.0.0.1:21843]' for 'POST' to 'http://localhost:21843/session/d1bb19133fd39050ad19888525ebafde/execute/sync'
07:31:32.894 [Forwarding getPageSource on session d1bb19133fd39050ad19888525ebafde to remote] DEBUG org.asynchttpclient.netty.request.NettyRequestSender -- Using open Channel [id: 0xa9aa7777, L:/127.0.0.1:63138 - R:localhost/127.0.0.1:21843] for POST '/session/d1bb19133fd39050ad19888525ebafde/execute/sync'
07:31:32.913 [AsyncHttpClient-1-3] DEBUG org.asynchttpclient.netty.handler.HttpHandler -- 

Request DefaultHttpRequest(decodeResult: success, version: HTTP/1.1)
POST /session/d1bb19133fd39050ad19888525ebafde/execute/sync HTTP/1.1
User-Agent: selenium/4.12.0 (java windows)
Content-Length: 176
Content-Type: application/json; charset=utf-8
host: localhost:21843
accept: */*

Response DefaultHttpResponse(decodeResult: success, version: HTTP/1.1)
HTTP/1.1 200 OK
Content-Length: 7571
Content-Type: application/json; charset=utf-8
cache-control: no-cache

07:31:32.915 [AsyncHttpClient-1-3] DEBUG org.asynchttpclient.netty.channel.ChannelManager -- Adding key: http://localhost:21843 for channel [id: 0xa9aa7777, L:/127.0.0.1:63138 - R:localhost/127.0.0.1:21843]
]]></system-out>
    <system-err><![CDATA[Jan 03, 2025 7:31:31 AM org.openqa.selenium.devtools.CdpVersionFinder findNearestMatch
WARNING: Unable to find CDP implementation matching 131
Jan 03, 2025 7:31:31 AM org.openqa.selenium.chromium.ChromiumDriver lambda$new$5
WARNING: Unable to find version of CDP to use for 131.0.6778.205. You may need to include a dependency on a specific version of the CDP using something similar to `org.seleniumhq.selenium:selenium-devtools-v86:4.12.0` where the version ("v86") matches the version of the chromium-based browser you're using and the version number of the artifact is the same as Selenium's.
]]></system-err>
  </testcase>
</testsuite>