<?xml version="1.0" encoding="UTF-8"?>
<testsuite xmlns:xsi="http://www.w3.org/2001/XMLSchema-instance" xsi:noNamespaceSchemaLocation="https://maven.apache.org/surefire/maven-surefire-plugin/xsd/surefire-test-report-3.0.xsd" version="3.0" name="TestSuite" time="109.245" tests="40" errors="0" skipped="0" failures="24">
  <properties>
[...]
</properties>
  <testcase name="testGetAllBooksAsAdmin" classname="TestCases.GetBookAPITests" time="1.823">
    <system-out><![CDATA[17:03:46.724 [main] DEBUG org.testng.TestNG -- suiteXmlPath: "H:\Group_01_GitRepository\src\test\resources\testng.xml"
17:03:46.775 [main] WARN org.testng.xml.TestNGContentHandler -- It is strongly recommended to add "<!DOCTYPE suite SYSTEM "https://testng.org/testng-1.0.dtd" >" at the top of the suite file [H:\Group_01_GitRepository\src\test\resources\testng.xml] otherwise TestNG may fail or not work as expected.
17:03:47.028 [main] WARN org.testng.TestNG -- Ignoring duplicate listener : io.qameta.allure.testng.AllureTestNg
17:03:47.028 [main] WARN org.testng.TestNG -- Ignoring duplicate listener : io.qameta.allure.testng.AllureTestNg
17:03:47.028 [main] WARN org.testng.TestNG -- Ignoring duplicate listener : io.qameta.allure.testng.AllureTestNg
17:03:48.402 [main] DEBUG org.apache.http.impl.conn.BasicClientConnectionManager -- Get connection for route {}->http://13.60.22.209:7081
17:03:48.408 [main] DEBUG org.apache.http.impl.conn.DefaultClientConnectionOperator -- Connecting to 13.60.22.209:7081
17:03:48.614 [main] DEBUG org.apache.http.client.protocol.RequestAddCookies -- CookieSpec selected: ignoreCookies
17:03:48.616 [main] DEBUG org.apache.http.client.protocol.RequestAuthCache -- Auth cache not set in the context
17:03:48.617 [main] DEBUG org.apache.http.client.protocol.RequestTargetAuthentication -- Target auth state: UNCHALLENGED
17:03:48.621 [main] DEBUG org.apache.http.client.protocol.RequestProxyAuthentication -- Proxy auth state: UNCHALLENGED
17:03:48.621 [main] DEBUG org.apache.http.impl.client.DefaultHttpClient -- Attempt 1 to execute request
17:03:48.622 [main] DEBUG org.apache.http.impl.conn.DefaultClientConnection -- Sending request: GET /api/books HTTP/1.1
17:03:48.622 [main] DEBUG org.apache.http.wire --  >> "GET /api/books HTTP/1.1[\r][\n]"
17:03:48.632 [main] DEBUG org.apache.http.wire --  >> "Accept: */*[\r][\n]"
17:03:48.632 [main] DEBUG org.apache.http.wire --  >> "Host: 13.60.22.209:7081[\r][\n]"
17:03:48.632 [main] DEBUG org.apache.http.wire --  >> "Connection: Keep-Alive[\r][\n]"
17:03:48.634 [main] DEBUG org.apache.http.wire --  >> "User-Agent: Apache-HttpClient/4.5.13 (Java/17.0.9)[\r][\n]"
17:03:48.634 [main] DEBUG org.apache.http.wire --  >> "Accept-Encoding: gzip,deflate[\r][\n]"
17:03:48.634 [main] DEBUG org.apache.http.wire --  >> "[\r][\n]"
17:03:48.634 [main] DEBUG org.apache.http.headers -- >> GET /api/books HTTP/1.1
17:03:48.634 [main] DEBUG org.apache.http.headers -- >> Accept: */*
17:03:48.634 [main] DEBUG org.apache.http.headers -- >> Host: 13.60.22.209:7081
17:03:48.634 [main] DEBUG org.apache.http.headers -- >> Connection: Keep-Alive
17:03:48.634 [main] DEBUG org.apache.http.headers -- >> User-Agent: Apache-HttpClient/4.5.13 (Java/17.0.9)
17:03:48.635 [main] DEBUG org.apache.http.headers -- >> Accept-Encoding: gzip,deflate
17:03:48.810 [main] DEBUG org.apache.http.wire --  << "HTTP/1.1 401 [\r][\n]"
17:03:48.813 [main] DEBUG org.apache.http.wire --  << "Set-Cookie: JSESSIONID=4149434772861C47FA85FCC78A111366; Path=/; HttpOnly[\r][\n]"
17:03:48.813 [main] DEBUG org.apache.http.wire --  << "WWW-Authenticate: Basic realm="Realm"[\r][\n]"
17:03:48.813 [main] DEBUG org.apache.http.wire --  << "X-Content-Type-Options: nosniff[\r][\n]"
17:03:48.813 [main] DEBUG org.apache.http.wire --  << "X-XSS-Protection: 1; mode=block[\r][\n]"
17:03:48.813 [main] DEBUG org.apache.http.wire --  << "Cache-Control: no-cache, no-store, max-age=0, must-revalidate[\r][\n]"
17:03:48.814 [main] DEBUG org.apache.http.wire --  << "Pragma: no-cache[\r][\n]"
17:03:48.814 [main] DEBUG org.apache.http.wire --  << "Expires: 0[\r][\n]"
17:03:48.814 [main] DEBUG org.apache.http.wire --  << "X-Frame-Options: DENY[\r][\n]"
17:03:48.814 [main] DEBUG org.apache.http.wire --  << "Content-Length: 0[\r][\n]"
17:03:48.814 [main] DEBUG org.apache.http.wire --  << "Date: Fri, 03 Jan 2025 11:33:49 GMT[\r][\n]"
17:03:48.814 [main] DEBUG org.apache.http.wire --  << "Keep-Alive: timeout=60[\r][\n]"
17:03:48.814 [main] DEBUG org.apache.http.wire --  << "Connection: keep-alive[\r][\n]"
17:03:48.815 [main] DEBUG org.apache.http.wire --  << "[\r][\n]"
17:03:48.816 [main] DEBUG org.apache.http.impl.conn.DefaultClientConnection -- Receiving response: HTTP/1.1 401 
17:03:48.816 [main] DEBUG org.apache.http.headers -- << HTTP/1.1 401 
17:03:48.816 [main] DEBUG org.apache.http.headers -- << Set-Cookie: JSESSIONID=4149434772861C47FA85FCC78A111366; Path=/; HttpOnly
17:03:48.816 [main] DEBUG org.apache.http.headers -- << WWW-Authenticate: Basic realm="Realm"
17:03:48.816 [main] DEBUG org.apache.http.headers -- << X-Content-Type-Options: nosniff
17:03:48.816 [main] DEBUG org.apache.http.headers -- << X-XSS-Protection: 1; mode=block
17:03:48.817 [main] DEBUG org.apache.http.headers -- << Cache-Control: no-cache, no-store, max-age=0, must-revalidate
17:03:48.817 [main] DEBUG org.apache.http.headers -- << Pragma: no-cache
17:03:48.817 [main] DEBUG org.apache.http.headers -- << Expires: 0
17:03:48.818 [main] DEBUG org.apache.http.headers -- << X-Frame-Options: DENY
17:03:48.818 [main] DEBUG org.apache.http.headers -- << Content-Length: 0
17:03:48.818 [main] DEBUG org.apache.http.headers -- << Date: Fri, 03 Jan 2025 11:33:49 GMT
17:03:48.818 [main] DEBUG org.apache.http.headers -- << Keep-Alive: timeout=60
17:03:48.818 [main] DEBUG org.apache.http.headers -- << Connection: keep-alive
17:03:48.826 [main] DEBUG org.apache.http.impl.client.DefaultHttpClient -- Connection can be kept alive for 60000 MILLISECONDS
17:03:48.827 [main] DEBUG org.apache.http.impl.client.DefaultHttpClient -- Authentication required
17:03:48.828 [main] DEBUG org.apache.http.impl.client.DefaultHttpClient -- 13.60.22.209:7081 requested authentication
17:03:48.828 [main] DEBUG org.apache.http.impl.client.TargetAuthenticationStrategy -- Authentication schemes in the order of preference: [Negotiate, Kerberos, NTLM, CredSSP, Digest, Basic]
17:03:48.828 [main] DEBUG org.apache.http.impl.client.TargetAuthenticationStrategy -- Challenge for Negotiate authentication scheme not available
17:03:48.828 [main] DEBUG org.apache.http.impl.client.TargetAuthenticationStrategy -- Challenge for Kerberos authentication scheme not available
17:03:48.828 [main] DEBUG org.apache.http.impl.client.TargetAuthenticationStrategy -- Challenge for NTLM authentication scheme not available
17:03:48.828 [main] DEBUG org.apache.http.impl.client.TargetAuthenticationStrategy -- Challenge for CredSSP authentication scheme not available
17:03:48.829 [main] DEBUG org.apache.http.impl.client.TargetAuthenticationStrategy -- Challenge for Digest authentication scheme not available
17:03:48.834 [main] DEBUG org.apache.http.impl.client.DefaultHttpClient -- Selected authentication options: [BASIC [complete=true]]
17:03:48.836 [main] DEBUG org.apache.http.client.protocol.RequestAddCookies -- CookieSpec selected: ignoreCookies
17:03:48.837 [main] DEBUG org.apache.http.client.protocol.RequestAuthCache -- Auth cache not set in the context
17:03:48.837 [main] DEBUG org.apache.http.client.protocol.RequestTargetAuthentication -- Target auth state: CHALLENGED
17:03:48.837 [main] DEBUG org.apache.http.client.protocol.RequestTargetAuthentication -- Generating response to an authentication challenge using basic scheme
17:03:48.842 [main] DEBUG org.apache.http.client.protocol.RequestProxyAuthentication -- Proxy auth state: UNCHALLENGED
17:03:48.843 [main] DEBUG org.apache.http.impl.client.DefaultHttpClient -- Attempt 2 to execute request
17:03:48.843 [main] DEBUG org.apache.http.impl.conn.DefaultClientConnection -- Sending request: GET /api/books HTTP/1.1
17:03:48.843 [main] DEBUG org.apache.http.wire --  >> "GET /api/books HTTP/1.1[\r][\n]"
17:03:48.843 [main] DEBUG org.apache.http.wire --  >> "Accept: */*[\r][\n]"
17:03:48.843 [main] DEBUG org.apache.http.wire --  >> "Host: 13.60.22.209:7081[\r][\n]"
17:03:48.843 [main] DEBUG org.apache.http.wire --  >> "Connection: Keep-Alive[\r][\n]"
17:03:48.843 [main] DEBUG org.apache.http.wire --  >> "User-Agent: Apache-HttpClient/4.5.13 (Java/17.0.9)[\r][\n]"
17:03:48.843 [main] DEBUG org.apache.http.wire --  >> "Authorization: Basic YWRtaW46cGFzc3dvcmQ=[\r][\n]"
17:03:48.844 [main] DEBUG org.apache.http.wire --  >> "Accept-Encoding: gzip,deflate[\r][\n]"
17:03:48.844 [main] DEBUG org.apache.http.wire --  >> "[\r][\n]"
17:03:48.844 [main] DEBUG org.apache.http.headers -- >> GET /api/books HTTP/1.1
17:03:48.844 [main] DEBUG org.apache.http.headers -- >> Accept: */*
17:03:48.844 [main] DEBUG org.apache.http.headers -- >> Host: 13.60.22.209:7081
17:03:48.844 [main] DEBUG org.apache.http.headers -- >> Connection: Keep-Alive
17:03:48.844 [main] DEBUG org.apache.http.headers -- >> User-Agent: Apache-HttpClient/4.5.13 (Java/17.0.9)
17:03:48.844 [main] DEBUG org.apache.http.headers -- >> Authorization: Basic YWRtaW46cGFzc3dvcmQ=
17:03:48.844 [main] DEBUG org.apache.http.headers -- >> Accept-Encoding: gzip,deflate
17:03:49.122 [main] DEBUG org.apache.http.wire --  << "HTTP/1.1 200 [\r][\n]"
17:03:49.122 [main] DEBUG org.apache.http.wire --  << "Set-Cookie: JSESSIONID=88AD6BCD611DC8507034FE037A9B1F68; Path=/; HttpOnly[\r][\n]"
17:03:49.122 [main] DEBUG org.apache.http.wire --  << "X-Content-Type-Options: nosniff[\r][\n]"
17:03:49.122 [main] DEBUG org.apache.http.wire --  << "X-XSS-Protection: 1; mode=block[\r][\n]"
17:03:49.123 [main] DEBUG org.apache.http.wire --  << "Cache-Control: no-cache, no-store, max-age=0, must-revalidate[\r][\n]"
17:03:49.124 [main] DEBUG org.apache.http.wire --  << "Pragma: no-cache[\r][\n]"
17:03:49.124 [main] DEBUG org.apache.http.wire --  << "Expires: 0[\r][\n]"
17:03:49.126 [main] DEBUG org.apache.http.wire --  << "X-Frame-Options: DENY[\r][\n]"
17:03:49.126 [main] DEBUG org.apache.http.wire --  << "Content-Type: application/json[\r][\n]"
17:03:49.126 [main] DEBUG org.apache.http.wire --  << "Transfer-Encoding: chunked[\r][\n]"
17:03:49.126 [main] DEBUG org.apache.http.wire --  << "Date: Fri, 03 Jan 2025 11:33:49 GMT[\r][\n]"
17:03:49.126 [main] DEBUG org.apache.http.wire --  << "Keep-Alive: timeout=60[\r][\n]"
17:03:49.127 [main] DEBUG org.apache.http.wire --  << "Connection: keep-alive[\r][\n]"
17:03:49.127 [main] DEBUG org.apache.http.wire --  << "[\r][\n]"
17:03:49.127 [main] DEBUG org.apache.http.impl.conn.DefaultClientConnection -- Receiving response: HTTP/1.1 200 
17:03:49.127 [main] DEBUG org.apache.http.headers -- << HTTP/1.1 200 
17:03:49.127 [main] DEBUG org.apache.http.headers -- << Set-Cookie: JSESSIONID=88AD6BCD611DC8507034FE037A9B1F68; Path=/; HttpOnly
17:03:49.128 [main] DEBUG org.apache.http.headers -- << X-Content-Type-Options: nosniff
17:03:49.128 [main] DEBUG org.apache.http.headers -- << X-XSS-Protection: 1; mode=block
17:03:49.128 [main] DEBUG org.apache.http.headers -- << Cache-Control: no-cache, no-store, max-age=0, must-revalidate
17:03:49.128 [main] DEBUG org.apache.http.headers -- << Pragma: no-cache
17:03:49.128 [main] DEBUG org.apache.http.headers -- << Expires: 0
17:03:49.128 [main] DEBUG org.apache.http.headers -- << X-Frame-Options: DENY
17:03:49.128 [main] DEBUG org.apache.http.headers -- << Content-Type: application/json
17:03:49.129 [main] DEBUG org.apache.http.headers -- << Transfer-Encoding: chunked
17:03:49.129 [main] DEBUG org.apache.http.headers -- << Date: Fri, 03 Jan 2025 11:33:49 GMT
17:03:49.129 [main] DEBUG org.apache.http.headers -- << Keep-Alive: timeout=60
17:03:49.129 [main] DEBUG org.apache.http.headers -- << Connection: keep-alive
17:03:49.131 [main] DEBUG org.apache.http.impl.client.DefaultHttpClient -- Connection can be kept alive for 60000 MILLISECONDS
17:03:49.131 [main] DEBUG org.apache.http.impl.client.DefaultHttpClient -- Authentication succeeded
17:03:49.133 [main] DEBUG org.apache.http.impl.client.TargetAuthenticationStrategy -- Caching 'basic' auth scheme for http://13.60.22.209:7081
17:03:49.152 [main] DEBUG io.restassured.internal.RestAssuredHttpBuilder -- Parsing response as: application/json
17:03:49.153 [main] DEBUG io.restassured.internal.RestAssuredHttpBuilder -- Parsed data to instance of: class org.apache.http.conn.EofSensorInputStream
17:03:49.223 [main] DEBUG org.apache.http.wire --  << "33a[\r][\n]"
17:03:49.223 [main] DEBUG org.apache.http.wire --  << "[{"id":2,"title":"","author":"Hri"},{"id":3,"title":"Squid game_2","author":"Nicola"},{"id":4,"title":"Frozen prince3","author":"CorrectAuthor"},{"id":5,"title":"Valid Bookss","author":"Valid Authors"},{"id":6,"title":"Harry Potter","author":"Howkling"},{"id":7,"title":"Harry Potter1","author":"Howkling"},{"id":8,"title":"Test Book","author":"Original Author"},{"id":9,"title":"Test Book2","author":null},{"id":10,"title":"Cindcgdtrella2","author":"Howkling"},{"id":11,"title":"123","author":"Valid Authors"},{"id":12,"title":"Numeric Author Books","author":"123456"},{"id":13,"title":"old Bok","author":"old Author"},{"id":14,"title":"modern Bok","author":"new Author"},{"id":15,"title":"book Names","author":null},{"id":20,"title":null,"author":"Attffutfythor Naes"},{"id":23,"title":"Vald Books","author":"Valid Autors"}]"
17:03:49.224 [main] DEBUG org.apache.http.wire --  << "[\r][\n]"
17:03:49.224 [main] DEBUG org.apache.http.wire --  << "0[\r][\n]"
17:03:49.224 [main] DEBUG org.apache.http.wire --  << "[\r][\n]"
17:03:49.224 [main] DEBUG org.apache.http.impl.conn.BasicClientConnectionManager -- Releasing connection org.apache.http.impl.conn.ManagedClientConnectionImpl@5981f4a6
17:03:49.224 [main] DEBUG org.apache.http.impl.conn.BasicClientConnectionManager -- Connection can be kept alive for 60000 MILLISECONDS
17:03:49.407 [Finalizer] DEBUG org.apache.http.impl.conn.DefaultClientConnection -- Connection 0.0.0.0:58372<->13.60.22.209:7081 closed
]]></system-out>
  </testcase>
  <testcase name="testGetAllBooksAsUser" classname="TestCases.GetBookAPITests" time="0.645">
    <system-out><![CDATA[17:03:49.439 [main] DEBUG org.apache.http.impl.conn.BasicClientConnectionManager -- Get connection for route {}->http://13.60.22.209:7081
17:03:49.439 [main] DEBUG org.apache.http.impl.conn.DefaultClientConnectionOperator -- Connecting to 13.60.22.209:7081
17:03:49.599 [main] DEBUG org.apache.http.client.protocol.RequestAddCookies -- CookieSpec selected: ignoreCookies
17:03:49.599 [main] DEBUG org.apache.http.client.protocol.RequestAuthCache -- Auth cache not set in the context
17:03:49.600 [main] DEBUG org.apache.http.client.protocol.RequestTargetAuthentication -- Target auth state: UNCHALLENGED
17:03:49.600 [main] DEBUG org.apache.http.client.protocol.RequestProxyAuthentication -- Proxy auth state: UNCHALLENGED
17:03:49.601 [main] DEBUG org.apache.http.impl.client.DefaultHttpClient -- Attempt 1 to execute request
17:03:49.601 [main] DEBUG org.apache.http.impl.conn.DefaultClientConnection -- Sending request: GET /api/books HTTP/1.1
17:03:49.601 [main] DEBUG org.apache.http.wire --  >> "GET /api/books HTTP/1.1[\r][\n]"
17:03:49.601 [main] DEBUG org.apache.http.wire --  >> "Accept: */*[\r][\n]"
17:03:49.601 [main] DEBUG org.apache.http.wire --  >> "Host: 13.60.22.209:7081[\r][\n]"
17:03:49.602 [main] DEBUG org.apache.http.wire --  >> "Connection: Keep-Alive[\r][\n]"
17:03:49.602 [main] DEBUG org.apache.http.wire --  >> "User-Agent: Apache-HttpClient/4.5.13 (Java/17.0.9)[\r][\n]"
17:03:49.602 [main] DEBUG org.apache.http.wire --  >> "Accept-Encoding: gzip,deflate[\r][\n]"
17:03:49.602 [main] DEBUG org.apache.http.wire --  >> "[\r][\n]"
17:03:49.602 [main] DEBUG org.apache.http.headers -- >> GET /api/books HTTP/1.1
17:03:49.603 [main] DEBUG org.apache.http.headers -- >> Accept: */*
17:03:49.603 [main] DEBUG org.apache.http.headers -- >> Host: 13.60.22.209:7081
17:03:49.603 [main] DEBUG org.apache.http.headers -- >> Connection: Keep-Alive
17:03:49.603 [main] DEBUG org.apache.http.headers -- >> User-Agent: Apache-HttpClient/4.5.13 (Java/17.0.9)
17:03:49.603 [main] DEBUG org.apache.http.headers -- >> Accept-Encoding: gzip,deflate
17:03:49.770 [main] DEBUG org.apache.http.wire --  << "HTTP/1.1 401 [\r][\n]"
17:03:49.771 [main] DEBUG org.apache.http.wire --  << "Set-Cookie: JSESSIONID=CD40CF4C187BEEA940E298B97DD659E6; Path=/; HttpOnly[\r][\n]"
17:03:49.771 [main] DEBUG org.apache.http.wire --  << "WWW-Authenticate: Basic realm="Realm"[\r][\n]"
17:03:49.771 [main] DEBUG org.apache.http.wire --  << "X-Content-Type-Options: nosniff[\r][\n]"
17:03:49.771 [main] DEBUG org.apache.http.wire --  << "X-XSS-Protection: 1; mode=block[\r][\n]"
17:03:49.771 [main] DEBUG org.apache.http.wire --  << "Cache-Control: no-cache, no-store, max-age=0, must-revalidate[\r][\n]"
17:03:49.771 [main] DEBUG org.apache.http.wire --  << "Pragma: no-cache[\r][\n]"
17:03:49.772 [main] DEBUG org.apache.http.wire --  << "Expires: 0[\r][\n]"
17:03:49.772 [main] DEBUG org.apache.http.wire --  << "X-Frame-Options: DENY[\r][\n]"
17:03:49.772 [main] DEBUG org.apache.http.wire --  << "Content-Length: 0[\r][\n]"
17:03:49.772 [main] DEBUG org.apache.http.wire --  << "Date: Fri, 03 Jan 2025 11:33:49 GMT[\r][\n]"
17:03:49.773 [main] DEBUG org.apache.http.wire --  << "Keep-Alive: timeout=60[\r][\n]"
17:03:49.773 [main] DEBUG org.apache.http.wire --  << "Connection: keep-alive[\r][\n]"
17:03:49.773 [main] DEBUG org.apache.http.wire --  << "[\r][\n]"
17:03:49.773 [main] DEBUG org.apache.http.impl.conn.DefaultClientConnection -- Receiving response: HTTP/1.1 401 
17:03:49.773 [main] DEBUG org.apache.http.headers -- << HTTP/1.1 401 
17:03:49.773 [main] DEBUG org.apache.http.headers -- << Set-Cookie: JSESSIONID=CD40CF4C187BEEA940E298B97DD659E6; Path=/; HttpOnly
17:03:49.774 [main] DEBUG org.apache.http.headers -- << WWW-Authenticate: Basic realm="Realm"
17:03:49.774 [main] DEBUG org.apache.http.headers -- << X-Content-Type-Options: nosniff
17:03:49.774 [main] DEBUG org.apache.http.headers -- << X-XSS-Protection: 1; mode=block
17:03:49.774 [main] DEBUG org.apache.http.headers -- << Cache-Control: no-cache, no-store, max-age=0, must-revalidate
17:03:49.774 [main] DEBUG org.apache.http.headers -- << Pragma: no-cache
17:03:49.774 [main] DEBUG org.apache.http.headers -- << Expires: 0
17:03:49.776 [main] DEBUG org.apache.http.headers -- << X-Frame-Options: DENY
17:03:49.776 [main] DEBUG org.apache.http.headers -- << Content-Length: 0
17:03:49.776 [main] DEBUG org.apache.http.headers -- << Date: Fri, 03 Jan 2025 11:33:49 GMT
17:03:49.776 [main] DEBUG org.apache.http.headers -- << Keep-Alive: timeout=60
17:03:49.776 [main] DEBUG org.apache.http.headers -- << Connection: keep-alive
17:03:49.777 [main] DEBUG org.apache.http.impl.client.DefaultHttpClient -- Connection can be kept alive for 60000 MILLISECONDS
17:03:49.777 [main] DEBUG org.apache.http.impl.client.DefaultHttpClient -- Authentication required
17:03:49.777 [main] DEBUG org.apache.http.impl.client.DefaultHttpClient -- 13.60.22.209:7081 requested authentication
17:03:49.778 [main] DEBUG org.apache.http.impl.client.TargetAuthenticationStrategy -- Authentication schemes in the order of preference: [Negotiate, Kerberos, NTLM, CredSSP, Digest, Basic]
17:03:49.778 [main] DEBUG org.apache.http.impl.client.TargetAuthenticationStrategy -- Challenge for Negotiate authentication scheme not available
17:03:49.778 [main] DEBUG org.apache.http.impl.client.TargetAuthenticationStrategy -- Challenge for Kerberos authentication scheme not available
17:03:49.778 [main] DEBUG org.apache.http.impl.client.TargetAuthenticationStrategy -- Challenge for NTLM authentication scheme not available
17:03:49.778 [main] DEBUG org.apache.http.impl.client.TargetAuthenticationStrategy -- Challenge for CredSSP authentication scheme not available
17:03:49.778 [main] DEBUG org.apache.http.impl.client.TargetAuthenticationStrategy -- Challenge for Digest authentication scheme not available
17:03:49.779 [main] DEBUG org.apache.http.impl.client.DefaultHttpClient -- Selected authentication options: [BASIC [complete=true]]
17:03:49.779 [main] DEBUG org.apache.http.client.protocol.RequestAddCookies -- CookieSpec selected: ignoreCookies
17:03:49.779 [main] DEBUG org.apache.http.client.protocol.RequestAuthCache -- Auth cache not set in the context
17:03:49.779 [main] DEBUG org.apache.http.client.protocol.RequestTargetAuthentication -- Target auth state: CHALLENGED
17:03:49.780 [main] DEBUG org.apache.http.client.protocol.RequestTargetAuthentication -- Generating response to an authentication challenge using basic scheme
17:03:49.780 [main] DEBUG org.apache.http.client.protocol.RequestProxyAuthentication -- Proxy auth state: UNCHALLENGED
17:03:49.780 [main] DEBUG org.apache.http.impl.client.DefaultHttpClient -- Attempt 2 to execute request
17:03:49.780 [main] DEBUG org.apache.http.impl.conn.DefaultClientConnection -- Sending request: GET /api/books HTTP/1.1
17:03:49.782 [main] DEBUG org.apache.http.wire --  >> "GET /api/books HTTP/1.1[\r][\n]"
17:03:49.782 [main] DEBUG org.apache.http.wire --  >> "Accept: */*[\r][\n]"
17:03:49.782 [main] DEBUG org.apache.http.wire --  >> "Host: 13.60.22.209:7081[\r][\n]"
17:03:49.782 [main] DEBUG org.apache.http.wire --  >> "Connection: Keep-Alive[\r][\n]"
17:03:49.783 [main] DEBUG org.apache.http.wire --  >> "User-Agent: Apache-HttpClient/4.5.13 (Java/17.0.9)[\r][\n]"
17:03:49.783 [main] DEBUG org.apache.http.wire --  >> "Authorization: Basic dXNlcjpwYXNzd29yZA==[\r][\n]"
17:03:49.783 [main] DEBUG org.apache.http.wire --  >> "Accept-Encoding: gzip,deflate[\r][\n]"
17:03:49.783 [main] DEBUG org.apache.http.wire --  >> "[\r][\n]"
17:03:49.783 [main] DEBUG org.apache.http.headers -- >> GET /api/books HTTP/1.1
17:03:49.783 [main] DEBUG org.apache.http.headers -- >> Accept: */*
17:03:49.783 [main] DEBUG org.apache.http.headers -- >> Host: 13.60.22.209:7081
17:03:49.783 [main] DEBUG org.apache.http.headers -- >> Connection: Keep-Alive
17:03:49.783 [main] DEBUG org.apache.http.headers -- >> User-Agent: Apache-HttpClient/4.5.13 (Java/17.0.9)
17:03:49.783 [main] DEBUG org.apache.http.headers -- >> Authorization: Basic dXNlcjpwYXNzd29yZA==
17:03:49.783 [main] DEBUG org.apache.http.headers -- >> Accept-Encoding: gzip,deflate
17:03:50.041 [main] DEBUG org.apache.http.wire --  << "HTTP/1.1 200 [\r][\n]"
17:03:50.042 [main] DEBUG org.apache.http.wire --  << "Set-Cookie: JSESSIONID=30D37E9753A61B83E3206E15C1B7E274; Path=/; HttpOnly[\r][\n]"
17:03:50.042 [main] DEBUG org.apache.http.wire --  << "X-Content-Type-Options: nosniff[\r][\n]"
17:03:50.042 [main] DEBUG org.apache.http.wire --  << "X-XSS-Protection: 1; mode=block[\r][\n]"
17:03:50.042 [main] DEBUG org.apache.http.wire --  << "Cache-Control: no-cache, no-store, max-age=0, must-revalidate[\r][\n]"
17:03:50.042 [main] DEBUG org.apache.http.wire --  << "Pragma: no-cache[\r][\n]"
17:03:50.042 [main] DEBUG org.apache.http.wire --  << "Expires: 0[\r][\n]"
17:03:50.043 [main] DEBUG org.apache.http.wire --  << "X-Frame-Options: DENY[\r][\n]"
17:03:50.043 [main] DEBUG org.apache.http.wire --  << "Content-Type: application/json[\r][\n]"
17:03:50.043 [main] DEBUG org.apache.http.wire --  << "Transfer-Encoding: chunked[\r][\n]"
17:03:50.043 [main] DEBUG org.apache.http.wire --  << "Date: Fri, 03 Jan 2025 11:33:51 GMT[\r][\n]"
17:03:50.043 [main] DEBUG org.apache.http.wire --  << "Keep-Alive: timeout=60[\r][\n]"
17:03:50.043 [main] DEBUG org.apache.http.wire --  << "Connection: keep-alive[\r][\n]"
17:03:50.043 [main] DEBUG org.apache.http.wire --  << "[\r][\n]"
17:03:50.045 [main] DEBUG org.apache.http.impl.conn.DefaultClientConnection -- Receiving response: HTTP/1.1 200 
17:03:50.045 [main] DEBUG org.apache.http.headers -- << HTTP/1.1 200 
17:03:50.045 [main] DEBUG org.apache.http.headers -- << Set-Cookie: JSESSIONID=30D37E9753A61B83E3206E15C1B7E274; Path=/; HttpOnly
17:03:50.045 [main] DEBUG org.apache.http.headers -- << X-Content-Type-Options: nosniff
17:03:50.045 [main] DEBUG org.apache.http.headers -- << X-XSS-Protection: 1; mode=block
17:03:50.045 [main] DEBUG org.apache.http.headers -- << Cache-Control: no-cache, no-store, max-age=0, must-revalidate
17:03:50.045 [main] DEBUG org.apache.http.headers -- << Pragma: no-cache
17:03:50.045 [main] DEBUG org.apache.http.headers -- << Expires: 0
17:03:50.045 [main] DEBUG org.apache.http.headers -- << X-Frame-Options: DENY
17:03:50.045 [main] DEBUG org.apache.http.headers -- << Content-Type: application/json
17:03:50.045 [main] DEBUG org.apache.http.headers -- << Transfer-Encoding: chunked
17:03:50.045 [main] DEBUG org.apache.http.headers -- << Date: Fri, 03 Jan 2025 11:33:51 GMT
17:03:50.045 [main] DEBUG org.apache.http.headers -- << Keep-Alive: timeout=60
17:03:50.046 [main] DEBUG org.apache.http.headers -- << Connection: keep-alive
17:03:50.046 [main] DEBUG org.apache.http.impl.client.DefaultHttpClient -- Connection can be kept alive for 60000 MILLISECONDS
17:03:50.046 [main] DEBUG org.apache.http.impl.client.DefaultHttpClient -- Authentication succeeded
17:03:50.046 [main] DEBUG org.apache.http.impl.client.TargetAuthenticationStrategy -- Caching 'basic' auth scheme for http://13.60.22.209:7081
17:03:50.046 [main] DEBUG io.restassured.internal.RestAssuredHttpBuilder -- Parsing response as: application/json
17:03:50.046 [main] DEBUG io.restassured.internal.RestAssuredHttpBuilder -- Parsed data to instance of: class org.apache.http.conn.EofSensorInputStream
17:03:50.049 [main] DEBUG org.apache.http.wire --  << "33a[\r][\n]"
17:03:50.050 [main] DEBUG org.apache.http.wire --  << "[{"id":2,"title":"","author":"Hri"},{"id":3,"title":"Squid game_2","author":"Nicola"},{"id":4,"title":"Frozen prince3","author":"CorrectAuthor"},{"id":5,"title":"Valid Bookss","author":"Valid Authors"},{"id":6,"title":"Harry Potter","author":"Howkling"},{"id":7,"title":"Harry Potter1","author":"Howkling"},{"id":8,"title":"Test Book","author":"Original Author"},{"id":9,"title":"Test Book2","author":null},{"id":10,"title":"Cindcgdtrella2","author":"Howkling"},{"id":11,"title":"123","author":"Valid Authors"},{"id":12,"title":"Numeric Author Books","author":"123456"},{"id":13,"title":"old Bok","author":"old Author"},{"id":14,"title":"modern Bok","author":"new Author"},{"id":15,"title":"book Names","author":null},{"id":20,"title":null,"author":"Attffutfythor Naes"},{"id":23,"title":"Vald Books","author":"Valid Autors"}]"
17:03:50.050 [main] DEBUG org.apache.http.wire --  << "[\r][\n]"
17:03:50.050 [main] DEBUG org.apache.http.wire --  << "0[\r][\n]"
17:03:50.050 [main] DEBUG org.apache.http.wire --  << "[\r][\n]"
17:03:50.050 [main] DEBUG org.apache.http.impl.conn.BasicClientConnectionManager -- Releasing connection org.apache.http.impl.conn.ManagedClientConnectionImpl@1192b58e
17:03:50.050 [main] DEBUG org.apache.http.impl.conn.BasicClientConnectionManager -- Connection can be kept alive for 60000 MILLISECONDS
]]></system-out>
  </testcase>
  <testcase name="testGetBookByIdAsAdmin" classname="TestCases.GetBookAPITests" time="1.029">
    <system-out><![CDATA[17:03:50.093 [main] DEBUG org.apache.http.impl.conn.BasicClientConnectionManager -- Get connection for route {}->http://13.60.22.209:7081
17:03:50.094 [main] DEBUG org.apache.http.impl.conn.DefaultClientConnectionOperator -- Connecting to 13.60.22.209:7081
17:03:50.251 [main] DEBUG org.apache.http.client.protocol.RequestAddCookies -- CookieSpec selected: ignoreCookies
17:03:50.252 [main] DEBUG org.apache.http.client.protocol.RequestAuthCache -- Auth cache not set in the context
17:03:50.252 [main] DEBUG org.apache.http.client.protocol.RequestTargetAuthentication -- Target auth state: UNCHALLENGED
17:03:50.252 [main] DEBUG org.apache.http.client.protocol.RequestProxyAuthentication -- Proxy auth state: UNCHALLENGED
17:03:50.252 [main] DEBUG org.apache.http.impl.client.DefaultHttpClient -- Attempt 1 to execute request
17:03:50.252 [main] DEBUG org.apache.http.impl.conn.DefaultClientConnection -- Sending request: GET /api/books/2 HTTP/1.1
17:03:50.252 [main] DEBUG org.apache.http.wire --  >> "GET /api/books/2 HTTP/1.1[\r][\n]"
17:03:50.252 [main] DEBUG org.apache.http.wire --  >> "Accept: */*[\r][\n]"
17:03:50.252 [main] DEBUG org.apache.http.wire --  >> "Host: 13.60.22.209:7081[\r][\n]"
17:03:50.253 [main] DEBUG org.apache.http.wire --  >> "Connection: Keep-Alive[\r][\n]"
17:03:50.253 [main] DEBUG org.apache.http.wire --  >> "User-Agent: Apache-HttpClient/4.5.13 (Java/17.0.9)[\r][\n]"
17:03:50.253 [main] DEBUG org.apache.http.wire --  >> "Accept-Encoding: gzip,deflate[\r][\n]"
17:03:50.253 [main] DEBUG org.apache.http.wire --  >> "[\r][\n]"
17:03:50.254 [main] DEBUG org.apache.http.headers -- >> GET /api/books/2 HTTP/1.1
17:03:50.254 [main] DEBUG org.apache.http.headers -- >> Accept: */*
17:03:50.254 [main] DEBUG org.apache.http.headers -- >> Host: 13.60.22.209:7081
17:03:50.254 [main] DEBUG org.apache.http.headers -- >> Connection: Keep-Alive
17:03:50.254 [main] DEBUG org.apache.http.headers -- >> User-Agent: Apache-HttpClient/4.5.13 (Java/17.0.9)
17:03:50.254 [main] DEBUG org.apache.http.headers -- >> Accept-Encoding: gzip,deflate
17:03:50.420 [main] DEBUG org.apache.http.wire --  << "HTTP/1.1 401 [\r][\n]"
17:03:50.421 [main] DEBUG org.apache.http.wire --  << "Set-Cookie: JSESSIONID=9A914F99553076F437F8F99FCAB60554; Path=/; HttpOnly[\r][\n]"
17:03:50.421 [main] DEBUG org.apache.http.wire --  << "WWW-Authenticate: Basic realm="Realm"[\r][\n]"
17:03:50.421 [main] DEBUG org.apache.http.wire --  << "X-Content-Type-Options: nosniff[\r][\n]"
17:03:50.421 [main] DEBUG org.apache.http.wire --  << "X-XSS-Protection: 1; mode=block[\r][\n]"
17:03:50.421 [main] DEBUG org.apache.http.wire --  << "Cache-Control: no-cache, no-store, max-age=0, must-revalidate[\r][\n]"
17:03:50.422 [main] DEBUG org.apache.http.wire --  << "Pragma: no-cache[\r][\n]"
17:03:50.422 [main] DEBUG org.apache.http.wire --  << "Expires: 0[\r][\n]"
17:03:50.422 [main] DEBUG org.apache.http.wire --  << "X-Frame-Options: DENY[\r][\n]"
17:03:50.422 [main] DEBUG org.apache.http.wire --  << "Content-Length: 0[\r][\n]"
17:03:50.422 [main] DEBUG org.apache.http.wire --  << "Date: Fri, 03 Jan 2025 11:33:51 GMT[\r][\n]"
17:03:50.422 [main] DEBUG org.apache.http.wire --  << "Keep-Alive: timeout=60[\r][\n]"
17:03:50.422 [main] DEBUG org.apache.http.wire --  << "Connection: keep-alive[\r][\n]"
17:03:50.423 [main] DEBUG org.apache.http.wire --  << "[\r][\n]"
17:03:50.423 [main] DEBUG org.apache.http.impl.conn.DefaultClientConnection -- Receiving response: HTTP/1.1 401 
17:03:50.423 [main] DEBUG org.apache.http.headers -- << HTTP/1.1 401 
17:03:50.423 [main] DEBUG org.apache.http.headers -- << Set-Cookie: JSESSIONID=9A914F99553076F437F8F99FCAB60554; Path=/; HttpOnly
17:03:50.423 [main] DEBUG org.apache.http.headers -- << WWW-Authenticate: Basic realm="Realm"
17:03:50.423 [main] DEBUG org.apache.http.headers -- << X-Content-Type-Options: nosniff
17:03:50.423 [main] DEBUG org.apache.http.headers -- << X-XSS-Protection: 1; mode=block
17:03:50.423 [main] DEBUG org.apache.http.headers -- << Cache-Control: no-cache, no-store, max-age=0, must-revalidate
17:03:50.423 [main] DEBUG org.apache.http.headers -- << Pragma: no-cache
17:03:50.423 [main] DEBUG org.apache.http.headers -- << Expires: 0
17:03:50.424 [main] DEBUG org.apache.http.headers -- << X-Frame-Options: DENY
17:03:50.424 [main] DEBUG org.apache.http.headers -- << Content-Length: 0
17:03:50.424 [main] DEBUG org.apache.http.headers -- << Date: Fri, 03 Jan 2025 11:33:51 GMT
17:03:50.424 [main] DEBUG org.apache.http.headers -- << Keep-Alive: timeout=60
17:03:50.424 [main] DEBUG org.apache.http.headers -- << Connection: keep-alive
17:03:50.424 [main] DEBUG org.apache.http.impl.client.DefaultHttpClient -- Connection can be kept alive for 60000 MILLISECONDS
17:03:50.424 [main] DEBUG org.apache.http.impl.client.DefaultHttpClient -- Authentication required
17:03:50.424 [main] DEBUG org.apache.http.impl.client.DefaultHttpClient -- 13.60.22.209:7081 requested authentication
17:03:50.425 [main] DEBUG org.apache.http.impl.client.TargetAuthenticationStrategy -- Authentication schemes in the order of preference: [Negotiate, Kerberos, NTLM, CredSSP, Digest, Basic]
17:03:50.425 [main] DEBUG org.apache.http.impl.client.TargetAuthenticationStrategy -- Challenge for Negotiate authentication scheme not available
17:03:50.425 [main] DEBUG org.apache.http.impl.client.TargetAuthenticationStrategy -- Challenge for Kerberos authentication scheme not available
17:03:50.425 [main] DEBUG org.apache.http.impl.client.TargetAuthenticationStrategy -- Challenge for NTLM authentication scheme not available
17:03:50.425 [main] DEBUG org.apache.http.impl.client.TargetAuthenticationStrategy -- Challenge for CredSSP authentication scheme not available
17:03:50.425 [main] DEBUG org.apache.http.impl.client.TargetAuthenticationStrategy -- Challenge for Digest authentication scheme not available
17:03:50.425 [main] DEBUG org.apache.http.impl.client.DefaultHttpClient -- Selected authentication options: [BASIC [complete=true]]
17:03:50.426 [main] DEBUG org.apache.http.client.protocol.RequestAddCookies -- CookieSpec selected: ignoreCookies
17:03:50.426 [main] DEBUG org.apache.http.client.protocol.RequestAuthCache -- Auth cache not set in the context
17:03:50.426 [main] DEBUG org.apache.http.client.protocol.RequestTargetAuthentication -- Target auth state: CHALLENGED
17:03:50.426 [main] DEBUG org.apache.http.client.protocol.RequestTargetAuthentication -- Generating response to an authentication challenge using basic scheme
17:03:50.427 [main] DEBUG org.apache.http.client.protocol.RequestProxyAuthentication -- Proxy auth state: UNCHALLENGED
17:03:50.427 [main] DEBUG org.apache.http.impl.client.DefaultHttpClient -- Attempt 2 to execute request
17:03:50.427 [main] DEBUG org.apache.http.impl.conn.DefaultClientConnection -- Sending request: GET /api/books/2 HTTP/1.1
17:03:50.427 [main] DEBUG org.apache.http.wire --  >> "GET /api/books/2 HTTP/1.1[\r][\n]"
17:03:50.427 [main] DEBUG org.apache.http.wire --  >> "Accept: */*[\r][\n]"
17:03:50.427 [main] DEBUG org.apache.http.wire --  >> "Host: 13.60.22.209:7081[\r][\n]"
17:03:50.427 [main] DEBUG org.apache.http.wire --  >> "Connection: Keep-Alive[\r][\n]"
17:03:50.428 [main] DEBUG org.apache.http.wire --  >> "User-Agent: Apache-HttpClient/4.5.13 (Java/17.0.9)[\r][\n]"
17:03:50.428 [main] DEBUG org.apache.http.wire --  >> "Authorization: Basic YWRtaW46cGFzc3dvcmQ=[\r][\n]"
17:03:50.428 [main] DEBUG org.apache.http.wire --  >> "Accept-Encoding: gzip,deflate[\r][\n]"
17:03:50.428 [main] DEBUG org.apache.http.wire --  >> "[\r][\n]"
17:03:50.428 [main] DEBUG org.apache.http.headers -- >> GET /api/books/2 HTTP/1.1
17:03:50.428 [main] DEBUG org.apache.http.headers -- >> Accept: */*
17:03:50.428 [main] DEBUG org.apache.http.headers -- >> Host: 13.60.22.209:7081
17:03:50.428 [main] DEBUG org.apache.http.headers -- >> Connection: Keep-Alive
17:03:50.429 [main] DEBUG org.apache.http.headers -- >> User-Agent: Apache-HttpClient/4.5.13 (Java/17.0.9)
17:03:50.429 [main] DEBUG org.apache.http.headers -- >> Authorization: Basic YWRtaW46cGFzc3dvcmQ=
17:03:50.429 [main] DEBUG org.apache.http.headers -- >> Accept-Encoding: gzip,deflate
17:03:50.688 [main] DEBUG org.apache.http.wire --  << "HTTP/1.1 200 [\r][\n]"
17:03:50.688 [main] DEBUG org.apache.http.wire --  << "Set-Cookie: JSESSIONID=7F94155CBF554A1E6E1E89183521E000; Path=/; HttpOnly[\r][\n]"
17:03:50.688 [main] DEBUG org.apache.http.wire --  << "X-Content-Type-Options: nosniff[\r][\n]"
17:03:50.688 [main] DEBUG org.apache.http.wire --  << "X-XSS-Protection: 1; mode=block[\r][\n]"
17:03:50.688 [main] DEBUG org.apache.http.wire --  << "Cache-Control: no-cache, no-store, max-age=0, must-revalidate[\r][\n]"
17:03:50.688 [main] DEBUG org.apache.http.wire --  << "Pragma: no-cache[\r][\n]"
17:03:50.689 [main] DEBUG org.apache.http.wire --  << "Expires: 0[\r][\n]"
17:03:50.689 [main] DEBUG org.apache.http.wire --  << "X-Frame-Options: DENY[\r][\n]"
17:03:50.689 [main] DEBUG org.apache.http.wire --  << "Content-Type: application/json[\r][\n]"
17:03:50.689 [main] DEBUG org.apache.http.wire --  << "Transfer-Encoding: chunked[\r][\n]"
17:03:50.689 [main] DEBUG org.apache.http.wire --  << "Date: Fri, 03 Jan 2025 11:33:51 GMT[\r][\n]"
17:03:50.689 [main] DEBUG org.apache.http.wire --  << "Keep-Alive: timeout=60[\r][\n]"
17:03:50.689 [main] DEBUG org.apache.http.wire --  << "Connection: keep-alive[\r][\n]"
17:03:50.689 [main] DEBUG org.apache.http.wire --  << "[\r][\n]"
17:03:50.689 [main] DEBUG org.apache.http.impl.conn.DefaultClientConnection -- Receiving response: HTTP/1.1 200 
17:03:50.689 [main] DEBUG org.apache.http.headers -- << HTTP/1.1 200 
17:03:50.689 [main] DEBUG org.apache.http.headers -- << Set-Cookie: JSESSIONID=7F94155CBF554A1E6E1E89183521E000; Path=/; HttpOnly
17:03:50.689 [main] DEBUG org.apache.http.headers -- << X-Content-Type-Options: nosniff
17:03:50.689 [main] DEBUG org.apache.http.headers -- << X-XSS-Protection: 1; mode=block
17:03:50.689 [main] DEBUG org.apache.http.headers -- << Cache-Control: no-cache, no-store, max-age=0, must-revalidate
17:03:50.689 [main] DEBUG org.apache.http.headers -- << Pragma: no-cache
17:03:50.689 [main] DEBUG org.apache.http.headers -- << Expires: 0
17:03:50.690 [main] DEBUG org.apache.http.headers -- << X-Frame-Options: DENY
17:03:50.690 [main] DEBUG org.apache.http.headers -- << Content-Type: application/json
17:03:50.690 [main] DEBUG org.apache.http.headers -- << Transfer-Encoding: chunked
17:03:50.690 [main] DEBUG org.apache.http.headers -- << Date: Fri, 03 Jan 2025 11:33:51 GMT
17:03:50.690 [main] DEBUG org.apache.http.headers -- << Keep-Alive: timeout=60
17:03:50.690 [main] DEBUG org.apache.http.headers -- << Connection: keep-alive
17:03:50.690 [main] DEBUG org.apache.http.impl.client.DefaultHttpClient -- Connection can be kept alive for 60000 MILLISECONDS
17:03:50.690 [main] DEBUG org.apache.http.impl.client.DefaultHttpClient -- Authentication succeeded
17:03:50.690 [main] DEBUG org.apache.http.impl.client.TargetAuthenticationStrategy -- Caching 'basic' auth scheme for http://13.60.22.209:7081
17:03:50.691 [main] DEBUG io.restassured.internal.RestAssuredHttpBuilder -- Parsing response as: application/json
17:03:50.691 [main] DEBUG io.restassured.internal.RestAssuredHttpBuilder -- Parsed data to instance of: class org.apache.http.conn.EofSensorInputStream
17:03:50.692 [main] DEBUG org.apache.http.wire --  << "22[\r][\n]"
17:03:50.692 [main] DEBUG org.apache.http.wire --  << "{"id":2,"title":"","author":"Hri"}"
17:03:50.692 [main] DEBUG org.apache.http.wire --  << "[\r][\n]"
17:03:50.692 [main] DEBUG org.apache.http.wire --  << "0[\r][\n]"
17:03:50.692 [main] DEBUG org.apache.http.wire --  << "[\r][\n]"
17:03:50.692 [main] DEBUG org.apache.http.impl.conn.BasicClientConnectionManager -- Releasing connection org.apache.http.impl.conn.ManagedClientConnectionImpl@7e307087
17:03:50.692 [main] DEBUG org.apache.http.impl.conn.BasicClientConnectionManager -- Connection can be kept alive for 60000 MILLISECONDS
17:03:51.067 [Finalizer] DEBUG org.apache.http.impl.conn.DefaultClientConnection -- Connection 0.0.0.0:58373<->13.60.22.209:7081 closed
]]></system-out>
  </testcase>
  <testcase name="testGetBookByIdAsRegularUser" classname="TestCases.GetBookAPITests" time="0.652">
    <failure message="Expected status code is 200 expected [200] but found [403]" type="java.lang.AssertionError"><![CDATA[java.lang.AssertionError: Expected status code is 200 expected [200] but found [403]
	at org.testng.Assert.fail(Assert.java:110)
	at org.testng.Assert.failNotEquals(Assert.java:1413)
	at org.testng.Assert.assertEqualsImpl(Assert.java:149)
	at org.testng.Assert.assertEquals(Assert.java:131)
	at org.testng.Assert.assertEquals(Assert.java:1240)
	at TestCases.GetBookAPITests.testGetBookByIdAsRegularUser(GetBookAPITests.java:114)
	at java.base/jdk.internal.reflect.NativeMethodAccessorImpl.invoke0(Native Method)
	at java.base/jdk.internal.reflect.NativeMethodAccessorImpl.invoke(NativeMethodAccessorImpl.java:77)
	at java.base/jdk.internal.reflect.DelegatingMethodAccessorImpl.invoke(DelegatingMethodAccessorImpl.java:43)
	at java.base/java.lang.reflect.Method.invoke(Method.java:568)
	at org.testng.internal.invokers.MethodInvocationHelper.invokeMethod(MethodInvocationHelper.java:139)
	at org.testng.internal.invokers.TestInvoker.invokeMethod(TestInvoker.java:677)
	at org.testng.internal.invokers.TestInvoker.invokeTestMethod(TestInvoker.java:221)
	at org.testng.internal.invokers.MethodRunner.runInSequence(MethodRunner.java:50)
	at org.testng.internal.invokers.TestInvoker$MethodInvocationAgent.invoke(TestInvoker.java:969)
	at org.testng.internal.invokers.TestInvoker.invokeTestMethods(TestInvoker.java:194)
	at org.testng.internal.invokers.TestMethodWorker.invokeTestMethods(TestMethodWorker.java:148)
	at org.testng.internal.invokers.TestMethodWorker.run(TestMethodWorker.java:128)
	at java.base/java.util.ArrayList.forEach(ArrayList.java:1511)
	at org.testng.TestRunner.privateRun(TestRunner.java:829)
	at org.testng.TestRunner.run(TestRunner.java:602)
	at org.testng.SuiteRunner.runTest(SuiteRunner.java:437)
	at org.testng.SuiteRunner.runSequentially(SuiteRunner.java:431)
	at org.testng.SuiteRunner.privateRun(SuiteRunner.java:391)
	at org.testng.SuiteRunner.run(SuiteRunner.java:330)
	at org.testng.SuiteRunnerWorker.runSuite(SuiteRunnerWorker.java:52)
	at org.testng.SuiteRunnerWorker.run(SuiteRunnerWorker.java:95)
	at org.testng.TestNG.runSuitesSequentially(TestNG.java:1256)
	at org.testng.TestNG.runSuitesLocally(TestNG.java:1176)
	at org.testng.TestNG.runSuites(TestNG.java:1099)
	at org.testng.TestNG.run(TestNG.java:1067)
	at org.apache.maven.surefire.testng.TestNGExecutor.run(TestNGExecutor.java:324)
	at org.apache.maven.surefire.testng.TestNGXmlTestSuite.execute(TestNGXmlTestSuite.java:74)
	at org.apache.maven.surefire.testng.TestNGProvider.invoke(TestNGProvider.java:123)
	at org.apache.maven.surefire.booter.ForkedBooter.runSuitesInProcess(ForkedBooter.java:456)
	at org.apache.maven.surefire.booter.ForkedBooter.execute(ForkedBooter.java:169)
	at org.apache.maven.surefire.booter.ForkedBooter.run(ForkedBooter.java:595)
	at org.apache.maven.surefire.booter.ForkedBooter.main(ForkedBooter.java:581)
]]></failure>
    <system-out><![CDATA[17:03:51.114 [main] DEBUG org.apache.http.impl.conn.BasicClientConnectionManager -- Get connection for route {}->http://13.60.22.209:7081
17:03:51.114 [main] DEBUG org.apache.http.impl.conn.DefaultClientConnectionOperator -- Connecting to 13.60.22.209:7081
17:03:51.284 [main] DEBUG org.apache.http.client.protocol.RequestAddCookies -- CookieSpec selected: ignoreCookies
17:03:51.285 [main] DEBUG org.apache.http.client.protocol.RequestAuthCache -- Auth cache not set in the context
17:03:51.285 [main] DEBUG org.apache.http.client.protocol.RequestTargetAuthentication -- Target auth state: UNCHALLENGED
17:03:51.285 [main] DEBUG org.apache.http.client.protocol.RequestProxyAuthentication -- Proxy auth state: UNCHALLENGED
17:03:51.285 [main] DEBUG org.apache.http.impl.client.DefaultHttpClient -- Attempt 1 to execute request
17:03:51.285 [main] DEBUG org.apache.http.impl.conn.DefaultClientConnection -- Sending request: GET /api/books/1 HTTP/1.1
17:03:51.286 [main] DEBUG org.apache.http.wire --  >> "GET /api/books/1 HTTP/1.1[\r][\n]"
17:03:51.286 [main] DEBUG org.apache.http.wire --  >> "Accept: */*[\r][\n]"
17:03:51.286 [main] DEBUG org.apache.http.wire --  >> "Host: 13.60.22.209:7081[\r][\n]"
17:03:51.287 [main] DEBUG org.apache.http.wire --  >> "Connection: Keep-Alive[\r][\n]"
17:03:51.287 [main] DEBUG org.apache.http.wire --  >> "User-Agent: Apache-HttpClient/4.5.13 (Java/17.0.9)[\r][\n]"
17:03:51.287 [main] DEBUG org.apache.http.wire --  >> "Accept-Encoding: gzip,deflate[\r][\n]"
17:03:51.287 [main] DEBUG org.apache.http.wire --  >> "[\r][\n]"
17:03:51.287 [main] DEBUG org.apache.http.headers -- >> GET /api/books/1 HTTP/1.1
17:03:51.287 [main] DEBUG org.apache.http.headers -- >> Accept: */*
17:03:51.287 [main] DEBUG org.apache.http.headers -- >> Host: 13.60.22.209:7081
17:03:51.288 [main] DEBUG org.apache.http.headers -- >> Connection: Keep-Alive
17:03:51.288 [main] DEBUG org.apache.http.headers -- >> User-Agent: Apache-HttpClient/4.5.13 (Java/17.0.9)
17:03:51.288 [main] DEBUG org.apache.http.headers -- >> Accept-Encoding: gzip,deflate
17:03:51.456 [main] DEBUG org.apache.http.wire --  << "HTTP/1.1 401 [\r][\n]"
17:03:51.457 [main] DEBUG org.apache.http.wire --  << "Set-Cookie: JSESSIONID=42FD06408FED553FF26C7A5D96D4B852; Path=/; HttpOnly[\r][\n]"
17:03:51.457 [main] DEBUG org.apache.http.wire --  << "WWW-Authenticate: Basic realm="Realm"[\r][\n]"
17:03:51.457 [main] DEBUG org.apache.http.wire --  << "X-Content-Type-Options: nosniff[\r][\n]"
17:03:51.458 [main] DEBUG org.apache.http.wire --  << "X-XSS-Protection: 1; mode=block[\r][\n]"
17:03:51.458 [main] DEBUG org.apache.http.wire --  << "Cache-Control: no-cache, no-store, max-age=0, must-revalidate[\r][\n]"
17:03:51.458 [main] DEBUG org.apache.http.wire --  << "Pragma: no-cache[\r][\n]"
17:03:51.458 [main] DEBUG org.apache.http.wire --  << "Expires: 0[\r][\n]"
17:03:51.458 [main] DEBUG org.apache.http.wire --  << "X-Frame-Options: DENY[\r][\n]"
17:03:51.458 [main] DEBUG org.apache.http.wire --  << "Content-Length: 0[\r][\n]"
17:03:51.458 [main] DEBUG org.apache.http.wire --  << "Date: Fri, 03 Jan 2025 11:33:52 GMT[\r][\n]"
17:03:51.458 [main] DEBUG org.apache.http.wire --  << "Keep-Alive: timeout=60[\r][\n]"
17:03:51.459 [main] DEBUG org.apache.http.wire --  << "Connection: keep-alive[\r][\n]"
17:03:51.459 [main] DEBUG org.apache.http.wire --  << "[\r][\n]"
17:03:51.459 [main] DEBUG org.apache.http.impl.conn.DefaultClientConnection -- Receiving response: HTTP/1.1 401 
17:03:51.459 [main] DEBUG org.apache.http.headers -- << HTTP/1.1 401 
17:03:51.459 [main] DEBUG org.apache.http.headers -- << Set-Cookie: JSESSIONID=42FD06408FED553FF26C7A5D96D4B852; Path=/; HttpOnly
17:03:51.460 [main] DEBUG org.apache.http.headers -- << WWW-Authenticate: Basic realm="Realm"
17:03:51.460 [main] DEBUG org.apache.http.headers -- << X-Content-Type-Options: nosniff
17:03:51.460 [main] DEBUG org.apache.http.headers -- << X-XSS-Protection: 1; mode=block
17:03:51.460 [main] DEBUG org.apache.http.headers -- << Cache-Control: no-cache, no-store, max-age=0, must-revalidate
17:03:51.460 [main] DEBUG org.apache.http.headers -- << Pragma: no-cache
17:03:51.460 [main] DEBUG org.apache.http.headers -- << Expires: 0
17:03:51.460 [main] DEBUG org.apache.http.headers -- << X-Frame-Options: DENY
17:03:51.460 [main] DEBUG org.apache.http.headers -- << Content-Length: 0
17:03:51.460 [main] DEBUG org.apache.http.headers -- << Date: Fri, 03 Jan 2025 11:33:52 GMT
17:03:51.460 [main] DEBUG org.apache.http.headers -- << Keep-Alive: timeout=60
17:03:51.460 [main] DEBUG org.apache.http.headers -- << Connection: keep-alive
17:03:51.461 [main] DEBUG org.apache.http.impl.client.DefaultHttpClient -- Connection can be kept alive for 60000 MILLISECONDS
17:03:51.461 [main] DEBUG org.apache.http.impl.client.DefaultHttpClient -- Authentication required
17:03:51.461 [main] DEBUG org.apache.http.impl.client.DefaultHttpClient -- 13.60.22.209:7081 requested authentication
17:03:51.461 [main] DEBUG org.apache.http.impl.client.TargetAuthenticationStrategy -- Authentication schemes in the order of preference: [Negotiate, Kerberos, NTLM, CredSSP, Digest, Basic]
17:03:51.461 [main] DEBUG org.apache.http.impl.client.TargetAuthenticationStrategy -- Challenge for Negotiate authentication scheme not available
17:03:51.461 [main] DEBUG org.apache.http.impl.client.TargetAuthenticationStrategy -- Challenge for Kerberos authentication scheme not available
17:03:51.461 [main] DEBUG org.apache.http.impl.client.TargetAuthenticationStrategy -- Challenge for NTLM authentication scheme not available
17:03:51.462 [main] DEBUG org.apache.http.impl.client.TargetAuthenticationStrategy -- Challenge for CredSSP authentication scheme not available
17:03:51.462 [main] DEBUG org.apache.http.impl.client.TargetAuthenticationStrategy -- Challenge for Digest authentication scheme not available
17:03:51.462 [main] DEBUG org.apache.http.impl.client.DefaultHttpClient -- Selected authentication options: [BASIC [complete=true]]
17:03:51.463 [main] DEBUG org.apache.http.client.protocol.RequestAddCookies -- CookieSpec selected: ignoreCookies
17:03:51.463 [main] DEBUG org.apache.http.client.protocol.RequestAuthCache -- Auth cache not set in the context
17:03:51.463 [main] DEBUG org.apache.http.client.protocol.RequestTargetAuthentication -- Target auth state: CHALLENGED
17:03:51.463 [main] DEBUG org.apache.http.client.protocol.RequestTargetAuthentication -- Generating response to an authentication challenge using basic scheme
17:03:51.463 [main] DEBUG org.apache.http.client.protocol.RequestProxyAuthentication -- Proxy auth state: UNCHALLENGED
17:03:51.463 [main] DEBUG org.apache.http.impl.client.DefaultHttpClient -- Attempt 2 to execute request
17:03:51.463 [main] DEBUG org.apache.http.impl.conn.DefaultClientConnection -- Sending request: GET /api/books/1 HTTP/1.1
17:03:51.463 [main] DEBUG org.apache.http.wire --  >> "GET /api/books/1 HTTP/1.1[\r][\n]"
17:03:51.463 [main] DEBUG org.apache.http.wire --  >> "Accept: */*[\r][\n]"
17:03:51.463 [main] DEBUG org.apache.http.wire --  >> "Host: 13.60.22.209:7081[\r][\n]"
17:03:51.464 [main] DEBUG org.apache.http.wire --  >> "Connection: Keep-Alive[\r][\n]"
17:03:51.464 [main] DEBUG org.apache.http.wire --  >> "User-Agent: Apache-HttpClient/4.5.13 (Java/17.0.9)[\r][\n]"
17:03:51.464 [main] DEBUG org.apache.http.wire --  >> "Authorization: Basic dXNlcjpwYXNzd29yZA==[\r][\n]"
17:03:51.464 [main] DEBUG org.apache.http.wire --  >> "Accept-Encoding: gzip,deflate[\r][\n]"
17:03:51.464 [main] DEBUG org.apache.http.wire --  >> "[\r][\n]"
17:03:51.464 [main] DEBUG org.apache.http.headers -- >> GET /api/books/1 HTTP/1.1
17:03:51.464 [main] DEBUG org.apache.http.headers -- >> Accept: */*
17:03:51.464 [main] DEBUG org.apache.http.headers -- >> Host: 13.60.22.209:7081
17:03:51.464 [main] DEBUG org.apache.http.headers -- >> Connection: Keep-Alive
17:03:51.464 [main] DEBUG org.apache.http.headers -- >> User-Agent: Apache-HttpClient/4.5.13 (Java/17.0.9)
17:03:51.465 [main] DEBUG org.apache.http.headers -- >> Authorization: Basic dXNlcjpwYXNzd29yZA==
17:03:51.465 [main] DEBUG org.apache.http.headers -- >> Accept-Encoding: gzip,deflate
17:03:51.722 [main] DEBUG org.apache.http.wire --  << "HTTP/1.1 403 [\r][\n]"
17:03:51.722 [main] DEBUG org.apache.http.wire --  << "Set-Cookie: JSESSIONID=EF8C1788CA0CA827370B29EF1EDBB0C1; Path=/; HttpOnly[\r][\n]"
17:03:51.722 [main] DEBUG org.apache.http.wire --  << "X-Content-Type-Options: nosniff[\r][\n]"
17:03:51.722 [main] DEBUG org.apache.http.wire --  << "X-XSS-Protection: 1; mode=block[\r][\n]"
17:03:51.723 [main] DEBUG org.apache.http.wire --  << "Cache-Control: no-cache, no-store, max-age=0, must-revalidate[\r][\n]"
17:03:51.723 [main] DEBUG org.apache.http.wire --  << "Pragma: no-cache[\r][\n]"
17:03:51.723 [main] DEBUG org.apache.http.wire --  << "Expires: 0[\r][\n]"
17:03:51.723 [main] DEBUG org.apache.http.wire --  << "X-Frame-Options: DENY[\r][\n]"
17:03:51.723 [main] DEBUG org.apache.http.wire --  << "Content-Type: text/plain;charset=UTF-8[\r][\n]"
17:03:51.723 [main] DEBUG org.apache.http.wire --  << "Content-Length: 22[\r][\n]"
17:03:51.723 [main] DEBUG org.apache.http.wire --  << "Date: Fri, 03 Jan 2025 11:33:52 GMT[\r][\n]"
17:03:51.724 [main] DEBUG org.apache.http.wire --  << "Keep-Alive: timeout=60[\r][\n]"
17:03:51.724 [main] DEBUG org.apache.http.wire --  << "Connection: keep-alive[\r][\n]"
17:03:51.724 [main] DEBUG org.apache.http.wire --  << "[\r][\n]"
17:03:51.724 [main] DEBUG org.apache.http.impl.conn.DefaultClientConnection -- Receiving response: HTTP/1.1 403 
17:03:51.724 [main] DEBUG org.apache.http.headers -- << HTTP/1.1 403 
17:03:51.724 [main] DEBUG org.apache.http.headers -- << Set-Cookie: JSESSIONID=EF8C1788CA0CA827370B29EF1EDBB0C1; Path=/; HttpOnly
17:03:51.724 [main] DEBUG org.apache.http.headers -- << X-Content-Type-Options: nosniff
17:03:51.724 [main] DEBUG org.apache.http.headers -- << X-XSS-Protection: 1; mode=block
17:03:51.725 [main] DEBUG org.apache.http.headers -- << Cache-Control: no-cache, no-store, max-age=0, must-revalidate
17:03:51.725 [main] DEBUG org.apache.http.headers -- << Pragma: no-cache
17:03:51.725 [main] DEBUG org.apache.http.headers -- << Expires: 0
17:03:51.725 [main] DEBUG org.apache.http.headers -- << X-Frame-Options: DENY
17:03:51.725 [main] DEBUG org.apache.http.headers -- << Content-Type: text/plain;charset=UTF-8
17:03:51.725 [main] DEBUG org.apache.http.headers -- << Content-Length: 22
17:03:51.725 [main] DEBUG org.apache.http.headers -- << Date: Fri, 03 Jan 2025 11:33:52 GMT
17:03:51.725 [main] DEBUG org.apache.http.headers -- << Keep-Alive: timeout=60
17:03:51.725 [main] DEBUG org.apache.http.headers -- << Connection: keep-alive
17:03:51.726 [main] DEBUG org.apache.http.impl.client.DefaultHttpClient -- Connection can be kept alive for 60000 MILLISECONDS
17:03:51.726 [main] DEBUG org.apache.http.impl.client.DefaultHttpClient -- Authentication succeeded
17:03:51.726 [main] DEBUG org.apache.http.impl.client.TargetAuthenticationStrategy -- Caching 'basic' auth scheme for http://13.60.22.209:7081
17:03:51.727 [main] DEBUG io.restassured.internal.RestAssuredHttpBuilder -- Parsing response as: text/plain;charset=UTF-8
17:03:51.727 [main] DEBUG io.restassured.internal.RestAssuredHttpBuilder -- Parsed data to instance of: class org.apache.http.conn.EofSensorInputStream
]]></system-out>
  </testcase>
  <testcase name="testGetBookByIdAsUser" classname="TestCases.GetBookAPITests" time="0.646">
    <failure message="Expected status code is 200 expected [200] but found [403]" type="java.lang.AssertionError"><![CDATA[java.lang.AssertionError: Expected status code is 200 expected [200] but found [403]
	at org.testng.Assert.fail(Assert.java:110)
	at org.testng.Assert.failNotEquals(Assert.java:1413)
	at org.testng.Assert.assertEqualsImpl(Assert.java:149)
	at org.testng.Assert.assertEquals(Assert.java:131)
	at org.testng.Assert.assertEquals(Assert.java:1240)
	at TestCases.GetBookAPITests.testGetBookByIdAsUser(GetBookAPITests.java:58)
	at java.base/jdk.internal.reflect.NativeMethodAccessorImpl.invoke0(Native Method)
	at java.base/jdk.internal.reflect.NativeMethodAccessorImpl.invoke(NativeMethodAccessorImpl.java:77)
	at java.base/jdk.internal.reflect.DelegatingMethodAccessorImpl.invoke(DelegatingMethodAccessorImpl.java:43)
	at java.base/java.lang.reflect.Method.invoke(Method.java:568)
	at org.testng.internal.invokers.MethodInvocationHelper.invokeMethod(MethodInvocationHelper.java:139)
	at org.testng.internal.invokers.TestInvoker.invokeMethod(TestInvoker.java:677)
	at org.testng.internal.invokers.TestInvoker.invokeTestMethod(TestInvoker.java:221)
	at org.testng.internal.invokers.MethodRunner.runInSequence(MethodRunner.java:50)
	at org.testng.internal.invokers.TestInvoker$MethodInvocationAgent.invoke(TestInvoker.java:969)
	at org.testng.internal.invokers.TestInvoker.invokeTestMethods(TestInvoker.java:194)
	at org.testng.internal.invokers.TestMethodWorker.invokeTestMethods(TestMethodWorker.java:148)
	at org.testng.internal.invokers.TestMethodWorker.run(TestMethodWorker.java:128)
	at java.base/java.util.ArrayList.forEach(ArrayList.java:1511)
	at org.testng.TestRunner.privateRun(TestRunner.java:829)
	at org.testng.TestRunner.run(TestRunner.java:602)
	at org.testng.SuiteRunner.runTest(SuiteRunner.java:437)
	at org.testng.SuiteRunner.runSequentially(SuiteRunner.java:431)
	at org.testng.SuiteRunner.privateRun(SuiteRunner.java:391)
	at org.testng.SuiteRunner.run(SuiteRunner.java:330)
	at org.testng.SuiteRunnerWorker.runSuite(SuiteRunnerWorker.java:52)
	at org.testng.SuiteRunnerWorker.run(SuiteRunnerWorker.java:95)
	at org.testng.TestNG.runSuitesSequentially(TestNG.java:1256)
	at org.testng.TestNG.runSuitesLocally(TestNG.java:1176)
	at org.testng.TestNG.runSuites(TestNG.java:1099)
	at org.testng.TestNG.run(TestNG.java:1067)
	at org.apache.maven.surefire.testng.TestNGExecutor.run(TestNGExecutor.java:324)
	at org.apache.maven.surefire.testng.TestNGXmlTestSuite.execute(TestNGXmlTestSuite.java:74)
	at org.apache.maven.surefire.testng.TestNGProvider.invoke(TestNGProvider.java:123)
	at org.apache.maven.surefire.booter.ForkedBooter.runSuitesInProcess(ForkedBooter.java:456)
	at org.apache.maven.surefire.booter.ForkedBooter.execute(ForkedBooter.java:169)
	at org.apache.maven.surefire.booter.ForkedBooter.run(ForkedBooter.java:595)
	at org.apache.maven.surefire.booter.ForkedBooter.main(ForkedBooter.java:581)
]]></failure>
    <system-out><![CDATA[17:03:51.765 [main] DEBUG org.apache.http.impl.conn.BasicClientConnectionManager -- Get connection for route {}->http://13.60.22.209:7081
17:03:51.766 [main] DEBUG org.apache.http.impl.conn.DefaultClientConnectionOperator -- Connecting to 13.60.22.209:7081
17:03:51.941 [main] DEBUG org.apache.http.client.protocol.RequestAddCookies -- CookieSpec selected: ignoreCookies
17:03:51.941 [main] DEBUG org.apache.http.client.protocol.RequestAuthCache -- Auth cache not set in the context
17:03:51.941 [main] DEBUG org.apache.http.client.protocol.RequestTargetAuthentication -- Target auth state: UNCHALLENGED
17:03:51.941 [main] DEBUG org.apache.http.client.protocol.RequestProxyAuthentication -- Proxy auth state: UNCHALLENGED
17:03:51.941 [main] DEBUG org.apache.http.impl.client.DefaultHttpClient -- Attempt 1 to execute request
17:03:51.941 [main] DEBUG org.apache.http.impl.conn.DefaultClientConnection -- Sending request: GET /api/books/1 HTTP/1.1
17:03:51.941 [main] DEBUG org.apache.http.wire --  >> "GET /api/books/1 HTTP/1.1[\r][\n]"
17:03:51.941 [main] DEBUG org.apache.http.wire --  >> "Accept: */*[\r][\n]"
17:03:51.941 [main] DEBUG org.apache.http.wire --  >> "Host: 13.60.22.209:7081[\r][\n]"
17:03:51.942 [main] DEBUG org.apache.http.wire --  >> "Connection: Keep-Alive[\r][\n]"
17:03:51.942 [main] DEBUG org.apache.http.wire --  >> "User-Agent: Apache-HttpClient/4.5.13 (Java/17.0.9)[\r][\n]"
17:03:51.942 [main] DEBUG org.apache.http.wire --  >> "Accept-Encoding: gzip,deflate[\r][\n]"
17:03:51.942 [main] DEBUG org.apache.http.wire --  >> "[\r][\n]"
17:03:51.942 [main] DEBUG org.apache.http.headers -- >> GET /api/books/1 HTTP/1.1
17:03:51.942 [main] DEBUG org.apache.http.headers -- >> Accept: */*
17:03:51.942 [main] DEBUG org.apache.http.headers -- >> Host: 13.60.22.209:7081
17:03:51.942 [main] DEBUG org.apache.http.headers -- >> Connection: Keep-Alive
17:03:51.942 [main] DEBUG org.apache.http.headers -- >> User-Agent: Apache-HttpClient/4.5.13 (Java/17.0.9)
17:03:51.942 [main] DEBUG org.apache.http.headers -- >> Accept-Encoding: gzip,deflate
17:03:52.119 [main] DEBUG org.apache.http.wire --  << "HTTP/1.1 401 [\r][\n]"
17:03:52.120 [main] DEBUG org.apache.http.wire --  << "Set-Cookie: JSESSIONID=8F40E67B7948EC706EF5312F558155AE; Path=/; HttpOnly[\r][\n]"
17:03:52.120 [main] DEBUG org.apache.http.wire --  << "WWW-Authenticate: Basic realm="Realm"[\r][\n]"
17:03:52.120 [main] DEBUG org.apache.http.wire --  << "X-Content-Type-Options: nosniff[\r][\n]"
17:03:52.120 [main] DEBUG org.apache.http.wire --  << "X-XSS-Protection: 1; mode=block[\r][\n]"
17:03:52.120 [main] DEBUG org.apache.http.wire --  << "Cache-Control: no-cache, no-store, max-age=0, must-revalidate[\r][\n]"
17:03:52.120 [main] DEBUG org.apache.http.wire --  << "Pragma: no-cache[\r][\n]"
17:03:52.120 [main] DEBUG org.apache.http.wire --  << "Expires: 0[\r][\n]"
17:03:52.121 [main] DEBUG org.apache.http.wire --  << "X-Frame-Options: DENY[\r][\n]"
17:03:52.121 [main] DEBUG org.apache.http.wire --  << "Content-Length: 0[\r][\n]"
17:03:52.121 [main] DEBUG org.apache.http.wire --  << "Date: Fri, 03 Jan 2025 11:33:52 GMT[\r][\n]"
17:03:52.121 [main] DEBUG org.apache.http.wire --  << "Keep-Alive: timeout=60[\r][\n]"
17:03:52.121 [main] DEBUG org.apache.http.wire --  << "Connection: keep-alive[\r][\n]"
17:03:52.121 [main] DEBUG org.apache.http.wire --  << "[\r][\n]"
17:03:52.121 [main] DEBUG org.apache.http.impl.conn.DefaultClientConnection -- Receiving response: HTTP/1.1 401 
17:03:52.121 [main] DEBUG org.apache.http.headers -- << HTTP/1.1 401 
17:03:52.121 [main] DEBUG org.apache.http.headers -- << Set-Cookie: JSESSIONID=8F40E67B7948EC706EF5312F558155AE; Path=/; HttpOnly
17:03:52.121 [main] DEBUG org.apache.http.headers -- << WWW-Authenticate: Basic realm="Realm"
17:03:52.121 [main] DEBUG org.apache.http.headers -- << X-Content-Type-Options: nosniff
17:03:52.121 [main] DEBUG org.apache.http.headers -- << X-XSS-Protection: 1; mode=block
17:03:52.121 [main] DEBUG org.apache.http.headers -- << Cache-Control: no-cache, no-store, max-age=0, must-revalidate
17:03:52.121 [main] DEBUG org.apache.http.headers -- << Pragma: no-cache
17:03:52.121 [main] DEBUG org.apache.http.headers -- << Expires: 0
17:03:52.121 [main] DEBUG org.apache.http.headers -- << X-Frame-Options: DENY
17:03:52.122 [main] DEBUG org.apache.http.headers -- << Content-Length: 0
17:03:52.122 [main] DEBUG org.apache.http.headers -- << Date: Fri, 03 Jan 2025 11:33:52 GMT
17:03:52.122 [main] DEBUG org.apache.http.headers -- << Keep-Alive: timeout=60
17:03:52.122 [main] DEBUG org.apache.http.headers -- << Connection: keep-alive
17:03:52.122 [main] DEBUG org.apache.http.impl.client.DefaultHttpClient -- Connection can be kept alive for 60000 MILLISECONDS
17:03:52.122 [main] DEBUG org.apache.http.impl.client.DefaultHttpClient -- Authentication required
17:03:52.122 [main] DEBUG org.apache.http.impl.client.DefaultHttpClient -- 13.60.22.209:7081 requested authentication
17:03:52.122 [main] DEBUG org.apache.http.impl.client.TargetAuthenticationStrategy -- Authentication schemes in the order of preference: [Negotiate, Kerberos, NTLM, CredSSP, Digest, Basic]
17:03:52.123 [main] DEBUG org.apache.http.impl.client.TargetAuthenticationStrategy -- Challenge for Negotiate authentication scheme not available
17:03:52.123 [main] DEBUG org.apache.http.impl.client.TargetAuthenticationStrategy -- Challenge for Kerberos authentication scheme not available
17:03:52.123 [main] DEBUG org.apache.http.impl.client.TargetAuthenticationStrategy -- Challenge for NTLM authentication scheme not available
17:03:52.123 [main] DEBUG org.apache.http.impl.client.TargetAuthenticationStrategy -- Challenge for CredSSP authentication scheme not available
17:03:52.123 [main] DEBUG org.apache.http.impl.client.TargetAuthenticationStrategy -- Challenge for Digest authentication scheme not available
17:03:52.123 [main] DEBUG org.apache.http.impl.client.DefaultHttpClient -- Selected authentication options: [BASIC [complete=true]]
17:03:52.123 [main] DEBUG org.apache.http.client.protocol.RequestAddCookies -- CookieSpec selected: ignoreCookies
17:03:52.123 [main] DEBUG org.apache.http.client.protocol.RequestAuthCache -- Auth cache not set in the context
17:03:52.123 [main] DEBUG org.apache.http.client.protocol.RequestTargetAuthentication -- Target auth state: CHALLENGED
17:03:52.123 [main] DEBUG org.apache.http.client.protocol.RequestTargetAuthentication -- Generating response to an authentication challenge using basic scheme
17:03:52.123 [main] DEBUG org.apache.http.client.protocol.RequestProxyAuthentication -- Proxy auth state: UNCHALLENGED
17:03:52.124 [main] DEBUG org.apache.http.impl.client.DefaultHttpClient -- Attempt 2 to execute request
17:03:52.124 [main] DEBUG org.apache.http.impl.conn.DefaultClientConnection -- Sending request: GET /api/books/1 HTTP/1.1
17:03:52.124 [main] DEBUG org.apache.http.wire --  >> "GET /api/books/1 HTTP/1.1[\r][\n]"
17:03:52.124 [main] DEBUG org.apache.http.wire --  >> "Accept: */*[\r][\n]"
17:03:52.124 [main] DEBUG org.apache.http.wire --  >> "Host: 13.60.22.209:7081[\r][\n]"
17:03:52.124 [main] DEBUG org.apache.http.wire --  >> "Connection: Keep-Alive[\r][\n]"
17:03:52.124 [main] DEBUG org.apache.http.wire --  >> "User-Agent: Apache-HttpClient/4.5.13 (Java/17.0.9)[\r][\n]"
17:03:52.124 [main] DEBUG org.apache.http.wire --  >> "Authorization: Basic dXNlcjpwYXNzd29yZA==[\r][\n]"
17:03:52.124 [main] DEBUG org.apache.http.wire --  >> "Accept-Encoding: gzip,deflate[\r][\n]"
17:03:52.124 [main] DEBUG org.apache.http.wire --  >> "[\r][\n]"
17:03:52.124 [main] DEBUG org.apache.http.headers -- >> GET /api/books/1 HTTP/1.1
17:03:52.124 [main] DEBUG org.apache.http.headers -- >> Accept: */*
17:03:52.124 [main] DEBUG org.apache.http.headers -- >> Host: 13.60.22.209:7081
17:03:52.124 [main] DEBUG org.apache.http.headers -- >> Connection: Keep-Alive
17:03:52.124 [main] DEBUG org.apache.http.headers -- >> User-Agent: Apache-HttpClient/4.5.13 (Java/17.0.9)
17:03:52.124 [main] DEBUG org.apache.http.headers -- >> Authorization: Basic dXNlcjpwYXNzd29yZA==
17:03:52.125 [main] DEBUG org.apache.http.headers -- >> Accept-Encoding: gzip,deflate
17:03:52.392 [main] DEBUG org.apache.http.wire --  << "HTTP/1.1 403 [\r][\n]"
17:03:52.392 [main] DEBUG org.apache.http.wire --  << "Set-Cookie: JSESSIONID=DDDCB3CAD4010093D3349AD6539C70D6; Path=/; HttpOnly[\r][\n]"
17:03:52.392 [main] DEBUG org.apache.http.wire --  << "X-Content-Type-Options: nosniff[\r][\n]"
17:03:52.392 [main] DEBUG org.apache.http.wire --  << "X-XSS-Protection: 1; mode=block[\r][\n]"
17:03:52.392 [main] DEBUG org.apache.http.wire --  << "Cache-Control: no-cache, no-store, max-age=0, must-revalidate[\r][\n]"
17:03:52.394 [main] DEBUG org.apache.http.wire --  << "Pragma: no-cache[\r][\n]"
17:03:52.394 [main] DEBUG org.apache.http.wire --  << "Expires: 0[\r][\n]"
17:03:52.394 [main] DEBUG org.apache.http.wire --  << "X-Frame-Options: DENY[\r][\n]"
17:03:52.394 [main] DEBUG org.apache.http.wire --  << "Content-Type: text/plain;charset=UTF-8[\r][\n]"
17:03:52.394 [main] DEBUG org.apache.http.wire --  << "Content-Length: 22[\r][\n]"
17:03:52.394 [main] DEBUG org.apache.http.wire --  << "Date: Fri, 03 Jan 2025 11:33:52 GMT[\r][\n]"
17:03:52.394 [main] DEBUG org.apache.http.wire --  << "Keep-Alive: timeout=60[\r][\n]"
17:03:52.394 [main] DEBUG org.apache.http.wire --  << "Connection: keep-alive[\r][\n]"
17:03:52.394 [main] DEBUG org.apache.http.wire --  << "[\r][\n]"
17:03:52.394 [main] DEBUG org.apache.http.impl.conn.DefaultClientConnection -- Receiving response: HTTP/1.1 403 
17:03:52.394 [main] DEBUG org.apache.http.headers -- << HTTP/1.1 403 
17:03:52.394 [main] DEBUG org.apache.http.headers -- << Set-Cookie: JSESSIONID=DDDCB3CAD4010093D3349AD6539C70D6; Path=/; HttpOnly
17:03:52.394 [main] DEBUG org.apache.http.headers -- << X-Content-Type-Options: nosniff
17:03:52.394 [main] DEBUG org.apache.http.headers -- << X-XSS-Protection: 1; mode=block
17:03:52.394 [main] DEBUG org.apache.http.headers -- << Cache-Control: no-cache, no-store, max-age=0, must-revalidate
17:03:52.394 [main] DEBUG org.apache.http.headers -- << Pragma: no-cache
17:03:52.394 [main] DEBUG org.apache.http.headers -- << Expires: 0
17:03:52.394 [main] DEBUG org.apache.http.headers -- << X-Frame-Options: DENY
17:03:52.394 [main] DEBUG org.apache.http.headers -- << Content-Type: text/plain;charset=UTF-8
17:03:52.394 [main] DEBUG org.apache.http.headers -- << Content-Length: 22
17:03:52.394 [main] DEBUG org.apache.http.headers -- << Date: Fri, 03 Jan 2025 11:33:52 GMT
17:03:52.394 [main] DEBUG org.apache.http.headers -- << Keep-Alive: timeout=60
17:03:52.394 [main] DEBUG org.apache.http.headers -- << Connection: keep-alive
17:03:52.395 [main] DEBUG org.apache.http.impl.client.DefaultHttpClient -- Connection can be kept alive for 60000 MILLISECONDS
17:03:52.395 [main] DEBUG org.apache.http.impl.client.DefaultHttpClient -- Authentication succeeded
17:03:52.395 [main] DEBUG org.apache.http.impl.client.TargetAuthenticationStrategy -- Caching 'basic' auth scheme for http://13.60.22.209:7081
17:03:52.395 [main] DEBUG io.restassured.internal.RestAssuredHttpBuilder -- Parsing response as: text/plain;charset=UTF-8
17:03:52.395 [main] DEBUG io.restassured.internal.RestAssuredHttpBuilder -- Parsed data to instance of: class org.apache.http.conn.EofSensorInputStream
]]></system-out>
  </testcase>
  <testcase name="testGetBookByInvalidIdAsAdmin" classname="TestCases.GetBookAPITests" time="0.689">
    <system-out><![CDATA[17:03:52.421 [main] DEBUG org.apache.http.impl.conn.BasicClientConnectionManager -- Get connection for route {}->http://13.60.22.209:7081
17:03:52.422 [main] DEBUG org.apache.http.impl.conn.DefaultClientConnectionOperator -- Connecting to 13.60.22.209:7081
17:03:52.613 [main] DEBUG org.apache.http.client.protocol.RequestAddCookies -- CookieSpec selected: ignoreCookies
17:03:52.613 [main] DEBUG org.apache.http.client.protocol.RequestAuthCache -- Auth cache not set in the context
17:03:52.613 [main] DEBUG org.apache.http.client.protocol.RequestTargetAuthentication -- Target auth state: UNCHALLENGED
17:03:52.614 [main] DEBUG org.apache.http.client.protocol.RequestProxyAuthentication -- Proxy auth state: UNCHALLENGED
17:03:52.614 [main] DEBUG org.apache.http.impl.client.DefaultHttpClient -- Attempt 1 to execute request
17:03:52.614 [main] DEBUG org.apache.http.impl.conn.DefaultClientConnection -- Sending request: GET /api/books/9999 HTTP/1.1
17:03:52.614 [main] DEBUG org.apache.http.wire --  >> "GET /api/books/9999 HTTP/1.1[\r][\n]"
17:03:52.614 [main] DEBUG org.apache.http.wire --  >> "Accept: */*[\r][\n]"
17:03:52.614 [main] DEBUG org.apache.http.wire --  >> "Host: 13.60.22.209:7081[\r][\n]"
17:03:52.614 [main] DEBUG org.apache.http.wire --  >> "Connection: Keep-Alive[\r][\n]"
17:03:52.614 [main] DEBUG org.apache.http.wire --  >> "User-Agent: Apache-HttpClient/4.5.13 (Java/17.0.9)[\r][\n]"
17:03:52.614 [main] DEBUG org.apache.http.wire --  >> "Accept-Encoding: gzip,deflate[\r][\n]"
17:03:52.615 [main] DEBUG org.apache.http.wire --  >> "[\r][\n]"
17:03:52.615 [main] DEBUG org.apache.http.headers -- >> GET /api/books/9999 HTTP/1.1
17:03:52.615 [main] DEBUG org.apache.http.headers -- >> Accept: */*
17:03:52.615 [main] DEBUG org.apache.http.headers -- >> Host: 13.60.22.209:7081
17:03:52.615 [main] DEBUG org.apache.http.headers -- >> Connection: Keep-Alive
17:03:52.615 [main] DEBUG org.apache.http.headers -- >> User-Agent: Apache-HttpClient/4.5.13 (Java/17.0.9)
17:03:52.615 [main] DEBUG org.apache.http.headers -- >> Accept-Encoding: gzip,deflate
17:03:52.799 [main] DEBUG org.apache.http.wire --  << "HTTP/1.1 401 [\r][\n]"
17:03:52.799 [main] DEBUG org.apache.http.wire --  << "Set-Cookie: JSESSIONID=DB3C387242DEC5A3FDDC42F3F7B1E12C; Path=/; HttpOnly[\r][\n]"
17:03:52.799 [main] DEBUG org.apache.http.wire --  << "WWW-Authenticate: Basic realm="Realm"[\r][\n]"
17:03:52.799 [main] DEBUG org.apache.http.wire --  << "X-Content-Type-Options: nosniff[\r][\n]"
17:03:52.799 [main] DEBUG org.apache.http.wire --  << "X-XSS-Protection: 1; mode=block[\r][\n]"
17:03:52.799 [main] DEBUG org.apache.http.wire --  << "Cache-Control: no-cache, no-store, max-age=0, must-revalidate[\r][\n]"
17:03:52.799 [main] DEBUG org.apache.http.wire --  << "Pragma: no-cache[\r][\n]"
17:03:52.799 [main] DEBUG org.apache.http.wire --  << "Expires: 0[\r][\n]"
17:03:52.800 [main] DEBUG org.apache.http.wire --  << "X-Frame-Options: DENY[\r][\n]"
17:03:52.800 [main] DEBUG org.apache.http.wire --  << "Content-Length: 0[\r][\n]"
17:03:52.800 [main] DEBUG org.apache.http.wire --  << "Date: Fri, 03 Jan 2025 11:33:53 GMT[\r][\n]"
17:03:52.800 [main] DEBUG org.apache.http.wire --  << "Keep-Alive: timeout=60[\r][\n]"
17:03:52.800 [main] DEBUG org.apache.http.wire --  << "Connection: keep-alive[\r][\n]"
17:03:52.800 [main] DEBUG org.apache.http.wire --  << "[\r][\n]"
17:03:52.800 [main] DEBUG org.apache.http.impl.conn.DefaultClientConnection -- Receiving response: HTTP/1.1 401 
17:03:52.800 [main] DEBUG org.apache.http.headers -- << HTTP/1.1 401 
17:03:52.800 [main] DEBUG org.apache.http.headers -- << Set-Cookie: JSESSIONID=DB3C387242DEC5A3FDDC42F3F7B1E12C; Path=/; HttpOnly
17:03:52.800 [main] DEBUG org.apache.http.headers -- << WWW-Authenticate: Basic realm="Realm"
17:03:52.800 [main] DEBUG org.apache.http.headers -- << X-Content-Type-Options: nosniff
17:03:52.800 [main] DEBUG org.apache.http.headers -- << X-XSS-Protection: 1; mode=block
17:03:52.800 [main] DEBUG org.apache.http.headers -- << Cache-Control: no-cache, no-store, max-age=0, must-revalidate
17:03:52.800 [main] DEBUG org.apache.http.headers -- << Pragma: no-cache
17:03:52.800 [main] DEBUG org.apache.http.headers -- << Expires: 0
17:03:52.800 [main] DEBUG org.apache.http.headers -- << X-Frame-Options: DENY
17:03:52.800 [main] DEBUG org.apache.http.headers -- << Content-Length: 0
17:03:52.800 [main] DEBUG org.apache.http.headers -- << Date: Fri, 03 Jan 2025 11:33:53 GMT
17:03:52.800 [main] DEBUG org.apache.http.headers -- << Keep-Alive: timeout=60
17:03:52.800 [main] DEBUG org.apache.http.headers -- << Connection: keep-alive
17:03:52.800 [main] DEBUG org.apache.http.impl.client.DefaultHttpClient -- Connection can be kept alive for 60000 MILLISECONDS
17:03:52.801 [main] DEBUG org.apache.http.impl.client.DefaultHttpClient -- Authentication required
17:03:52.801 [main] DEBUG org.apache.http.impl.client.DefaultHttpClient -- 13.60.22.209:7081 requested authentication
17:03:52.801 [main] DEBUG org.apache.http.impl.client.TargetAuthenticationStrategy -- Authentication schemes in the order of preference: [Negotiate, Kerberos, NTLM, CredSSP, Digest, Basic]
17:03:52.801 [main] DEBUG org.apache.http.impl.client.TargetAuthenticationStrategy -- Challenge for Negotiate authentication scheme not available
17:03:52.801 [main] DEBUG org.apache.http.impl.client.TargetAuthenticationStrategy -- Challenge for Kerberos authentication scheme not available
17:03:52.801 [main] DEBUG org.apache.http.impl.client.TargetAuthenticationStrategy -- Challenge for NTLM authentication scheme not available
17:03:52.801 [main] DEBUG org.apache.http.impl.client.TargetAuthenticationStrategy -- Challenge for CredSSP authentication scheme not available
17:03:52.801 [main] DEBUG org.apache.http.impl.client.TargetAuthenticationStrategy -- Challenge for Digest authentication scheme not available
17:03:52.801 [main] DEBUG org.apache.http.impl.client.DefaultHttpClient -- Selected authentication options: [BASIC [complete=true]]
17:03:52.801 [main] DEBUG org.apache.http.client.protocol.RequestAddCookies -- CookieSpec selected: ignoreCookies
17:03:52.802 [main] DEBUG org.apache.http.client.protocol.RequestAuthCache -- Auth cache not set in the context
17:03:52.802 [main] DEBUG org.apache.http.client.protocol.RequestTargetAuthentication -- Target auth state: CHALLENGED
17:03:52.802 [main] DEBUG org.apache.http.client.protocol.RequestTargetAuthentication -- Generating response to an authentication challenge using basic scheme
17:03:52.802 [main] DEBUG org.apache.http.client.protocol.RequestProxyAuthentication -- Proxy auth state: UNCHALLENGED
17:03:52.802 [main] DEBUG org.apache.http.impl.client.DefaultHttpClient -- Attempt 2 to execute request
17:03:52.802 [main] DEBUG org.apache.http.impl.conn.DefaultClientConnection -- Sending request: GET /api/books/9999 HTTP/1.1
17:03:52.802 [main] DEBUG org.apache.http.wire --  >> "GET /api/books/9999 HTTP/1.1[\r][\n]"
17:03:52.802 [main] DEBUG org.apache.http.wire --  >> "Accept: */*[\r][\n]"
17:03:52.802 [main] DEBUG org.apache.http.wire --  >> "Host: 13.60.22.209:7081[\r][\n]"
17:03:52.802 [main] DEBUG org.apache.http.wire --  >> "Connection: Keep-Alive[\r][\n]"
17:03:52.802 [main] DEBUG org.apache.http.wire --  >> "User-Agent: Apache-HttpClient/4.5.13 (Java/17.0.9)[\r][\n]"
17:03:52.803 [main] DEBUG org.apache.http.wire --  >> "Authorization: Basic YWRtaW46cGFzc3dvcmQ=[\r][\n]"
17:03:52.803 [main] DEBUG org.apache.http.wire --  >> "Accept-Encoding: gzip,deflate[\r][\n]"
17:03:52.803 [main] DEBUG org.apache.http.wire --  >> "[\r][\n]"
17:03:52.803 [main] DEBUG org.apache.http.headers -- >> GET /api/books/9999 HTTP/1.1
17:03:52.803 [main] DEBUG org.apache.http.headers -- >> Accept: */*
17:03:52.803 [main] DEBUG org.apache.http.headers -- >> Host: 13.60.22.209:7081
17:03:52.803 [main] DEBUG org.apache.http.headers -- >> Connection: Keep-Alive
17:03:52.803 [main] DEBUG org.apache.http.headers -- >> User-Agent: Apache-HttpClient/4.5.13 (Java/17.0.9)
17:03:52.803 [main] DEBUG org.apache.http.headers -- >> Authorization: Basic YWRtaW46cGFzc3dvcmQ=
17:03:52.804 [main] DEBUG org.apache.http.headers -- >> Accept-Encoding: gzip,deflate
17:03:53.075 [main] DEBUG org.apache.http.wire --  << "HTTP/1.1 404 [\r][\n]"
17:03:53.075 [main] DEBUG org.apache.http.wire --  << "Set-Cookie: JSESSIONID=44924E44EDA4340B1562C0F91C5E1B92; Path=/; HttpOnly[\r][\n]"
17:03:53.075 [main] DEBUG org.apache.http.wire --  << "X-Content-Type-Options: nosniff[\r][\n]"
17:03:53.075 [main] DEBUG org.apache.http.wire --  << "X-XSS-Protection: 1; mode=block[\r][\n]"
17:03:53.075 [main] DEBUG org.apache.http.wire --  << "Cache-Control: no-cache, no-store, max-age=0, must-revalidate[\r][\n]"
17:03:53.075 [main] DEBUG org.apache.http.wire --  << "Pragma: no-cache[\r][\n]"
17:03:53.075 [main] DEBUG org.apache.http.wire --  << "Expires: 0[\r][\n]"
17:03:53.076 [main] DEBUG org.apache.http.wire --  << "X-Frame-Options: DENY[\r][\n]"
17:03:53.076 [main] DEBUG org.apache.http.wire --  << "Content-Type: text/plain;charset=UTF-8[\r][\n]"
17:03:53.076 [main] DEBUG org.apache.http.wire --  << "Content-Length: 14[\r][\n]"
17:03:53.076 [main] DEBUG org.apache.http.wire --  << "Date: Fri, 03 Jan 2025 11:33:53 GMT[\r][\n]"
17:03:53.076 [main] DEBUG org.apache.http.wire --  << "Keep-Alive: timeout=60[\r][\n]"
17:03:53.076 [main] DEBUG org.apache.http.wire --  << "Connection: keep-alive[\r][\n]"
17:03:53.076 [main] DEBUG org.apache.http.wire --  << "[\r][\n]"
17:03:53.076 [main] DEBUG org.apache.http.impl.conn.DefaultClientConnection -- Receiving response: HTTP/1.1 404 
17:03:53.076 [main] DEBUG org.apache.http.headers -- << HTTP/1.1 404 
17:03:53.076 [main] DEBUG org.apache.http.headers -- << Set-Cookie: JSESSIONID=44924E44EDA4340B1562C0F91C5E1B92; Path=/; HttpOnly
17:03:53.076 [main] DEBUG org.apache.http.headers -- << X-Content-Type-Options: nosniff
17:03:53.076 [main] DEBUG org.apache.http.headers -- << X-XSS-Protection: 1; mode=block
17:03:53.076 [main] DEBUG org.apache.http.headers -- << Cache-Control: no-cache, no-store, max-age=0, must-revalidate
17:03:53.076 [main] DEBUG org.apache.http.headers -- << Pragma: no-cache
17:03:53.076 [main] DEBUG org.apache.http.headers -- << Expires: 0
17:03:53.076 [main] DEBUG org.apache.http.headers -- << X-Frame-Options: DENY
17:03:53.076 [main] DEBUG org.apache.http.headers -- << Content-Type: text/plain;charset=UTF-8
17:03:53.077 [main] DEBUG org.apache.http.headers -- << Content-Length: 14
17:03:53.077 [main] DEBUG org.apache.http.headers -- << Date: Fri, 03 Jan 2025 11:33:53 GMT
17:03:53.077 [main] DEBUG org.apache.http.headers -- << Keep-Alive: timeout=60
17:03:53.077 [main] DEBUG org.apache.http.headers -- << Connection: keep-alive
17:03:53.077 [main] DEBUG org.apache.http.impl.client.DefaultHttpClient -- Connection can be kept alive for 60000 MILLISECONDS
17:03:53.077 [main] DEBUG org.apache.http.impl.client.DefaultHttpClient -- Authentication succeeded
17:03:53.077 [main] DEBUG org.apache.http.impl.client.TargetAuthenticationStrategy -- Caching 'basic' auth scheme for http://13.60.22.209:7081
17:03:53.079 [main] DEBUG io.restassured.internal.RestAssuredHttpBuilder -- Parsing response as: text/plain;charset=UTF-8
17:03:53.079 [main] DEBUG io.restassured.internal.RestAssuredHttpBuilder -- Parsed data to instance of: class org.apache.http.conn.EofSensorInputStream
17:03:53.087 [main] DEBUG org.apache.http.wire --  << "Book not found"
[...]
17:05:33.953 [AsyncHttpClient-1-9] DEBUG org.asynchttpclient.netty.handler.HttpHandler -- 

Request DefaultHttpRequest(decodeResult: success, version: HTTP/1.1)
POST /session/e906908ffa83f5e102c14cd52c472464/element/f.18433E76A6AF7D88AD85C7749A82BE74.d.D5D7231FF802501DB4CB6A02D309CAC2.e.29/value HTTP/1.1
User-Agent: selenium/4.12.0 (java windows)
Content-Length: 159
Content-Type: application/json; charset=utf-8
host: localhost:32702
accept: */*

Response DefaultHttpResponse(decodeResult: success, version: HTTP/1.1)
HTTP/1.1 200 OK
Content-Length: 14
Content-Type: application/json; charset=utf-8
cache-control: no-cache

17:05:33.953 [AsyncHttpClient-1-9] DEBUG org.asynchttpclient.netty.channel.ChannelManager -- Adding key: http://localhost:32702 for channel [id: 0x9d778d6a, L:/127.0.0.1:58728 - R:localhost/127.0.0.1:32702]
17:05:33.954 [Forwarding findElement on session e906908ffa83f5e102c14cd52c472464 to remote] DEBUG org.asynchttpclient.netty.request.NettyRequestSender -- Using pooled Channel '[id: 0x9d778d6a, L:/127.0.0.1:58728 - R:localhost/127.0.0.1:32702]' for 'POST' to 'http://localhost:32702/session/e906908ffa83f5e102c14cd52c472464/element'
17:05:33.954 [Forwarding findElement on session e906908ffa83f5e102c14cd52c472464 to remote] DEBUG org.asynchttpclient.netty.request.NettyRequestSender -- Using open Channel [id: 0x9d778d6a, L:/127.0.0.1:58728 - R:localhost/127.0.0.1:32702] for POST '/session/e906908ffa83f5e102c14cd52c472464/element'
17:05:33.969 [AsyncHttpClient-1-9] DEBUG org.asynchttpclient.netty.handler.HttpHandler -- 

Request DefaultHttpRequest(decodeResult: success, version: HTTP/1.1)
POST /session/e906908ffa83f5e102c14cd52c472464/element HTTP/1.1
User-Agent: selenium/4.12.0 (java windows)
Content-Length: 53
Content-Type: application/json; charset=utf-8
host: localhost:32702
accept: */*

Response DefaultHttpResponse(decodeResult: success, version: HTTP/1.1)
HTTP/1.1 200 OK
Content-Length: 126
Content-Type: application/json; charset=utf-8
cache-control: no-cache

17:05:33.969 [AsyncHttpClient-1-9] DEBUG org.asynchttpclient.netty.channel.ChannelManager -- Adding key: http://localhost:32702 for channel [id: 0x9d778d6a, L:/127.0.0.1:58728 - R:localhost/127.0.0.1:32702]
17:05:33.970 [Forwarding sendKeysToElement on session e906908ffa83f5e102c14cd52c472464 to remote] DEBUG org.asynchttpclient.netty.request.NettyRequestSender -- Using pooled Channel '[id: 0x9d778d6a, L:/127.0.0.1:58728 - R:localhost/127.0.0.1:32702]' for 'POST' to 'http://localhost:32702/session/e906908ffa83f5e102c14cd52c472464/element/f.18433E76A6AF7D88AD85C7749A82BE74.d.D5D7231FF802501DB4CB6A02D309CAC2.e.22/value'
17:05:33.970 [Forwarding sendKeysToElement on session e906908ffa83f5e102c14cd52c472464 to remote] DEBUG org.asynchttpclient.netty.request.NettyRequestSender -- Using open Channel [id: 0x9d778d6a, L:/127.0.0.1:58728 - R:localhost/127.0.0.1:32702] for POST '/session/e906908ffa83f5e102c14cd52c472464/element/f.18433E76A6AF7D88AD85C7749A82BE74.d.D5D7231FF802501DB4CB6A02D309CAC2.e.22/value'
17:05:34.054 [AsyncHttpClient-1-9] DEBUG org.asynchttpclient.netty.handler.HttpHandler -- 

Request DefaultHttpRequest(decodeResult: success, version: HTTP/1.1)
POST /session/e906908ffa83f5e102c14cd52c472464/element/f.18433E76A6AF7D88AD85C7749A82BE74.d.D5D7231FF802501DB4CB6A02D309CAC2.e.22/value HTTP/1.1
User-Agent: selenium/4.12.0 (java windows)
Content-Length: 239
Content-Type: application/json; charset=utf-8
host: localhost:32702
accept: */*

Response DefaultHttpResponse(decodeResult: success, version: HTTP/1.1)
HTTP/1.1 200 OK
Content-Length: 14
Content-Type: application/json; charset=utf-8
cache-control: no-cache

17:05:34.054 [AsyncHttpClient-1-9] DEBUG org.asynchttpclient.netty.channel.ChannelManager -- Adding key: http://localhost:32702 for channel [id: 0x9d778d6a, L:/127.0.0.1:58728 - R:localhost/127.0.0.1:32702]
17:05:34.055 [Forwarding findElement on session e906908ffa83f5e102c14cd52c472464 to remote] DEBUG org.asynchttpclient.netty.request.NettyRequestSender -- Using pooled Channel '[id: 0x9d778d6a, L:/127.0.0.1:58728 - R:localhost/127.0.0.1:32702]' for 'POST' to 'http://localhost:32702/session/e906908ffa83f5e102c14cd52c472464/element'
17:05:34.055 [Forwarding findElement on session e906908ffa83f5e102c14cd52c472464 to remote] DEBUG org.asynchttpclient.netty.request.NettyRequestSender -- Using open Channel [id: 0x9d778d6a, L:/127.0.0.1:58728 - R:localhost/127.0.0.1:32702] for POST '/session/e906908ffa83f5e102c14cd52c472464/element'
17:05:34.068 [AsyncHttpClient-1-9] DEBUG org.asynchttpclient.netty.handler.HttpHandler -- 

Request DefaultHttpRequest(decodeResult: success, version: HTTP/1.1)
POST /session/e906908ffa83f5e102c14cd52c472464/element HTTP/1.1
User-Agent: selenium/4.12.0 (java windows)
Content-Length: 60
Content-Type: application/json; charset=utf-8
host: localhost:32702
accept: */*

Response DefaultHttpResponse(decodeResult: success, version: HTTP/1.1)
HTTP/1.1 200 OK
Content-Length: 126
Content-Type: application/json; charset=utf-8
cache-control: no-cache

17:05:34.068 [AsyncHttpClient-1-9] DEBUG org.asynchttpclient.netty.channel.ChannelManager -- Adding key: http://localhost:32702 for channel [id: 0x9d778d6a, L:/127.0.0.1:58728 - R:localhost/127.0.0.1:32702]
17:05:34.069 [Forwarding sendKeysToElement on session e906908ffa83f5e102c14cd52c472464 to remote] DEBUG org.asynchttpclient.netty.request.NettyRequestSender -- Using pooled Channel '[id: 0x9d778d6a, L:/127.0.0.1:58728 - R:localhost/127.0.0.1:32702]' for 'POST' to 'http://localhost:32702/session/e906908ffa83f5e102c14cd52c472464/element/f.18433E76A6AF7D88AD85C7749A82BE74.d.D5D7231FF802501DB4CB6A02D309CAC2.e.23/value'
17:05:34.069 [Forwarding sendKeysToElement on session e906908ffa83f5e102c14cd52c472464 to remote] DEBUG org.asynchttpclient.netty.request.NettyRequestSender -- Using open Channel [id: 0x9d778d6a, L:/127.0.0.1:58728 - R:localhost/127.0.0.1:32702] for POST '/session/e906908ffa83f5e102c14cd52c472464/element/f.18433E76A6AF7D88AD85C7749A82BE74.d.D5D7231FF802501DB4CB6A02D309CAC2.e.23/value'
17:05:34.155 [AsyncHttpClient-1-9] DEBUG org.asynchttpclient.netty.handler.HttpHandler -- 

Request DefaultHttpRequest(decodeResult: success, version: HTTP/1.1)
POST /session/e906908ffa83f5e102c14cd52c472464/element/f.18433E76A6AF7D88AD85C7749A82BE74.d.D5D7231FF802501DB4CB6A02D309CAC2.e.23/value HTTP/1.1
User-Agent: selenium/4.12.0 (java windows)
Content-Length: 239
Content-Type: application/json; charset=utf-8
host: localhost:32702
accept: */*

Response DefaultHttpResponse(decodeResult: success, version: HTTP/1.1)
HTTP/1.1 200 OK
Content-Length: 14
Content-Type: application/json; charset=utf-8
cache-control: no-cache

17:05:34.155 [AsyncHttpClient-1-9] DEBUG org.asynchttpclient.netty.channel.ChannelManager -- Adding key: http://localhost:32702 for channel [id: 0x9d778d6a, L:/127.0.0.1:58728 - R:localhost/127.0.0.1:32702]
17:05:34.156 [Forwarding findElement on session e906908ffa83f5e102c14cd52c472464 to remote] DEBUG org.asynchttpclient.netty.request.NettyRequestSender -- Using pooled Channel '[id: 0x9d778d6a, L:/127.0.0.1:58728 - R:localhost/127.0.0.1:32702]' for 'POST' to 'http://localhost:32702/session/e906908ffa83f5e102c14cd52c472464/element'
17:05:34.156 [Forwarding findElement on session e906908ffa83f5e102c14cd52c472464 to remote] DEBUG org.asynchttpclient.netty.request.NettyRequestSender -- Using open Channel [id: 0x9d778d6a, L:/127.0.0.1:58728 - R:localhost/127.0.0.1:32702] for POST '/session/e906908ffa83f5e102c14cd52c472464/element'
17:05:34.169 [AsyncHttpClient-1-9] DEBUG org.asynchttpclient.netty.handler.HttpHandler -- 

Request DefaultHttpRequest(decodeResult: success, version: HTTP/1.1)
POST /session/e906908ffa83f5e102c14cd52c472464/element HTTP/1.1
User-Agent: selenium/4.12.0 (java windows)
Content-Length: 81
Content-Type: application/json; charset=utf-8
host: localhost:32702
accept: */*

Response DefaultHttpResponse(decodeResult: success, version: HTTP/1.1)
HTTP/1.1 200 OK
Content-Length: 126
Content-Type: application/json; charset=utf-8
cache-control: no-cache

17:05:34.169 [AsyncHttpClient-1-9] DEBUG org.asynchttpclient.netty.channel.ChannelManager -- Adding key: http://localhost:32702 for channel [id: 0x9d778d6a, L:/127.0.0.1:58728 - R:localhost/127.0.0.1:32702]
17:05:34.169 [Forwarding clickElement on session e906908ffa83f5e102c14cd52c472464 to remote] DEBUG org.asynchttpclient.netty.request.NettyRequestSender -- Using pooled Channel '[id: 0x9d778d6a, L:/127.0.0.1:58728 - R:localhost/127.0.0.1:32702]' for 'POST' to 'http://localhost:32702/session/e906908ffa83f5e102c14cd52c472464/element/f.18433E76A6AF7D88AD85C7749A82BE74.d.D5D7231FF802501DB4CB6A02D309CAC2.e.31/click'
17:05:34.169 [Forwarding clickElement on session e906908ffa83f5e102c14cd52c472464 to remote] DEBUG org.asynchttpclient.netty.request.NettyRequestSender -- Using open Channel [id: 0x9d778d6a, L:/127.0.0.1:58728 - R:localhost/127.0.0.1:32702] for POST '/session/e906908ffa83f5e102c14cd52c472464/element/f.18433E76A6AF7D88AD85C7749A82BE74.d.D5D7231FF802501DB4CB6A02D309CAC2.e.31/click'
17:05:34.190 [AsyncHttpClient-1-1] DEBUG org.asynchttpclient.netty.channel.DefaultChannelPool -- Entry count for : http://localhost:58730 : 1
17:05:34.243 [AsyncHttpClient-1-9] DEBUG org.asynchttpclient.netty.handler.HttpHandler -- 

Request DefaultHttpRequest(decodeResult: success, version: HTTP/1.1)
POST /session/e906908ffa83f5e102c14cd52c472464/element/f.18433E76A6AF7D88AD85C7749A82BE74.d.D5D7231FF802501DB4CB6A02D309CAC2.e.31/click HTTP/1.1
User-Agent: selenium/4.12.0 (java windows)
Content-Length: 88
Content-Type: application/json; charset=utf-8
host: localhost:32702
accept: */*

Response DefaultHttpResponse(decodeResult: success, version: HTTP/1.1)
HTTP/1.1 200 OK
Content-Length: 14
Content-Type: application/json; charset=utf-8
cache-control: no-cache

17:05:34.243 [AsyncHttpClient-1-9] DEBUG org.asynchttpclient.netty.channel.ChannelManager -- Adding key: http://localhost:32702 for channel [id: 0x9d778d6a, L:/127.0.0.1:58728 - R:localhost/127.0.0.1:32702]
17:05:34.244 [Forwarding findElement on session e906908ffa83f5e102c14cd52c472464 to remote] DEBUG org.asynchttpclient.netty.request.NettyRequestSender -- Using pooled Channel '[id: 0x9d778d6a, L:/127.0.0.1:58728 - R:localhost/127.0.0.1:32702]' for 'POST' to 'http://localhost:32702/session/e906908ffa83f5e102c14cd52c472464/element'
17:05:34.244 [Forwarding findElement on session e906908ffa83f5e102c14cd52c472464 to remote] DEBUG org.asynchttpclient.netty.request.NettyRequestSender -- Using open Channel [id: 0x9d778d6a, L:/127.0.0.1:58728 - R:localhost/127.0.0.1:32702] for POST '/session/e906908ffa83f5e102c14cd52c472464/element'
17:05:34.259 [AsyncHttpClient-1-9] DEBUG org.asynchttpclient.netty.handler.HttpHandler -- 

Request DefaultHttpRequest(decodeResult: success, version: HTTP/1.1)
POST /session/e906908ffa83f5e102c14cd52c472464/element HTTP/1.1
User-Agent: selenium/4.12.0 (java windows)
Content-Length: 145
Content-Type: application/json; charset=utf-8
host: localhost:32702
accept: */*

Response DefaultHttpResponse(decodeResult: success, version: HTTP/1.1)
HTTP/1.1 404 Not Found
Content-Length: 1092
Content-Type: application/json; charset=utf-8
cache-control: no-cache

17:05:34.260 [AsyncHttpClient-1-9] DEBUG org.asynchttpclient.netty.channel.ChannelManager -- Adding key: http://localhost:32702 for channel [id: 0x9d778d6a, L:/127.0.0.1:58728 - R:localhost/127.0.0.1:32702]
17:05:34.774 [Forwarding findElement on session e906908ffa83f5e102c14cd52c472464 to remote] DEBUG org.asynchttpclient.netty.request.NettyRequestSender -- Using pooled Channel '[id: 0x9d778d6a, L:/127.0.0.1:58728 - R:localhost/127.0.0.1:32702]' for 'POST' to 'http://localhost:32702/session/e906908ffa83f5e102c14cd52c472464/element'
17:05:34.774 [Forwarding findElement on session e906908ffa83f5e102c14cd52c472464 to remote] DEBUG org.asynchttpclient.netty.request.NettyRequestSender -- Using open Channel [id: 0x9d778d6a, L:/127.0.0.1:58728 - R:localhost/127.0.0.1:32702] for POST '/session/e906908ffa83f5e102c14cd52c472464/element'
17:05:34.798 [AsyncHttpClient-1-9] DEBUG org.asynchttpclient.netty.handler.HttpHandler -- 

Request DefaultHttpRequest(decodeResult: success, version: HTTP/1.1)
POST /session/e906908ffa83f5e102c14cd52c472464/element HTTP/1.1
User-Agent: selenium/4.12.0 (java windows)
Content-Length: 145
Content-Type: application/json; charset=utf-8
host: localhost:32702
accept: */*

Response DefaultHttpResponse(decodeResult: success, version: HTTP/1.1)
HTTP/1.1 404 Not Found
Content-Length: 1092
Content-Type: application/json; charset=utf-8
cache-control: no-cache

17:05:34.802 [AsyncHttpClient-1-9] DEBUG org.asynchttpclient.netty.channel.ChannelManager -- Adding key: http://localhost:32702 for channel [id: 0x9d778d6a, L:/127.0.0.1:58728 - R:localhost/127.0.0.1:32702]
17:05:35.290 [AsyncHttpClient-1-1] DEBUG org.asynchttpclient.netty.channel.DefaultChannelPool -- Entry count for : http://localhost:32702 : 1
17:05:35.290 [AsyncHttpClient-1-1] DEBUG org.asynchttpclient.netty.channel.DefaultChannelPool -- Entry count for : http://localhost:58730 : 1
17:05:35.320 [Forwarding findElement on session e906908ffa83f5e102c14cd52c472464 to remote] DEBUG org.asynchttpclient.netty.request.NettyRequestSender -- Using pooled Channel '[id: 0x9d778d6a, L:/127.0.0.1:58728 - R:localhost/127.0.0.1:32702]' for 'POST' to 'http://localhost:32702/session/e906908ffa83f5e102c14cd52c472464/element'
17:05:35.320 [Forwarding findElement on session e906908ffa83f5e102c14cd52c472464 to remote] DEBUG org.asynchttpclient.netty.request.NettyRequestSender -- Using open Channel [id: 0x9d778d6a, L:/127.0.0.1:58728 - R:localhost/127.0.0.1:32702] for POST '/session/e906908ffa83f5e102c14cd52c472464/element'
17:05:35.334 [AsyncHttpClient-1-9] DEBUG org.asynchttpclient.netty.handler.HttpHandler -- 

Request DefaultHttpRequest(decodeResult: success, version: HTTP/1.1)
POST /session/e906908ffa83f5e102c14cd52c472464/element HTTP/1.1
User-Agent: selenium/4.12.0 (java windows)
Content-Length: 145
Content-Type: application/json; charset=utf-8
host: localhost:32702
accept: */*

Response DefaultHttpResponse(decodeResult: success, version: HTTP/1.1)
HTTP/1.1 200 OK
Content-Length: 126
Content-Type: application/json; charset=utf-8
cache-control: no-cache

17:05:35.334 [AsyncHttpClient-1-9] DEBUG org.asynchttpclient.netty.channel.ChannelManager -- Adding key: http://localhost:32702 for channel [id: 0x9d778d6a, L:/127.0.0.1:58728 - R:localhost/127.0.0.1:32702]
17:05:35.336 [Forwarding isElementDisplayed on session e906908ffa83f5e102c14cd52c472464 to remote] DEBUG org.asynchttpclient.netty.request.NettyRequestSender -- Using pooled Channel '[id: 0x9d778d6a, L:/127.0.0.1:58728 - R:localhost/127.0.0.1:32702]' for 'POST' to 'http://localhost:32702/session/e906908ffa83f5e102c14cd52c472464/execute/sync'
17:05:35.336 [Forwarding isElementDisplayed on session e906908ffa83f5e102c14cd52c472464 to remote] DEBUG org.asynchttpclient.netty.request.NettyRequestSender -- Using open Channel [id: 0x9d778d6a, L:/127.0.0.1:58728 - R:localhost/127.0.0.1:32702] for POST '/session/e906908ffa83f5e102c14cd52c472464/execute/sync'
17:05:35.365 [AsyncHttpClient-1-9] DEBUG org.asynchttpclient.netty.handler.HttpHandler -- 

Request DefaultHttpRequest(decodeResult: success, version: HTTP/1.1)
POST /session/e906908ffa83f5e102c14cd52c472464/execute/sync HTTP/1.1
User-Agent: selenium/4.12.0 (java windows)
Content-Length: 48734
Content-Type: application/json; charset=utf-8
host: localhost:32702
accept: */*

Response DefaultHttpResponse(decodeResult: success, version: HTTP/1.1)
HTTP/1.1 200 OK
Content-Length: 14
Content-Type: application/json; charset=utf-8
cache-control: no-cache

17:05:35.365 [AsyncHttpClient-1-9] DEBUG org.asynchttpclient.netty.channel.ChannelManager -- Adding key: http://localhost:32702 for channel [id: 0x9d778d6a, L:/127.0.0.1:58728 - R:localhost/127.0.0.1:32702]
17:05:35.367 [Forwarding isElementDisplayed on session e906908ffa83f5e102c14cd52c472464 to remote] DEBUG org.asynchttpclient.netty.request.NettyRequestSender -- Using pooled Channel '[id: 0x9d778d6a, L:/127.0.0.1:58728 - R:localhost/127.0.0.1:32702]' for 'POST' to 'http://localhost:32702/session/e906908ffa83f5e102c14cd52c472464/execute/sync'
17:05:35.367 [Forwarding isElementDisplayed on session e906908ffa83f5e102c14cd52c472464 to remote] DEBUG org.asynchttpclient.netty.request.NettyRequestSender -- Using open Channel [id: 0x9d778d6a, L:/127.0.0.1:58728 - R:localhost/127.0.0.1:32702] for POST '/session/e906908ffa83f5e102c14cd52c472464/execute/sync'
17:05:35.389 [AsyncHttpClient-1-9] DEBUG org.asynchttpclient.netty.handler.HttpHandler -- 

Request DefaultHttpRequest(decodeResult: success, version: HTTP/1.1)
POST /session/e906908ffa83f5e102c14cd52c472464/execute/sync HTTP/1.1
User-Agent: selenium/4.12.0 (java windows)
Content-Length: 48734
Content-Type: application/json; charset=utf-8
host: localhost:32702
accept: */*

Response DefaultHttpResponse(decodeResult: success, version: HTTP/1.1)
HTTP/1.1 200 OK
Content-Length: 14
Content-Type: application/json; charset=utf-8
cache-control: no-cache

17:05:35.389 [AsyncHttpClient-1-9] DEBUG org.asynchttpclient.netty.channel.ChannelManager -- Adding key: http://localhost:32702 for channel [id: 0x9d778d6a, L:/127.0.0.1:58728 - R:localhost/127.0.0.1:32702]
17:05:35.390 [Forwarding getElementText on session e906908ffa83f5e102c14cd52c472464 to remote] DEBUG org.asynchttpclient.netty.request.NettyRequestSender -- Using pooled Channel '[id: 0x9d778d6a, L:/127.0.0.1:58728 - R:localhost/127.0.0.1:32702]' for 'GET' to 'http://localhost:32702/session/e906908ffa83f5e102c14cd52c472464/element/f.18433E76A6AF7D88AD85C7749A82BE74.d.D5D7231FF802501DB4CB6A02D309CAC2.e.37/text'
17:05:35.390 [Forwarding getElementText on session e906908ffa83f5e102c14cd52c472464 to remote] DEBUG org.asynchttpclient.netty.request.NettyRequestSender -- Using open Channel [id: 0x9d778d6a, L:/127.0.0.1:58728 - R:localhost/127.0.0.1:32702] for GET '/session/e906908ffa83f5e102c14cd52c472464/element/f.18433E76A6AF7D88AD85C7749A82BE74.d.D5D7231FF802501DB4CB6A02D309CAC2.e.37/text'
17:05:35.414 [AsyncHttpClient-1-9] DEBUG org.asynchttpclient.netty.handler.HttpHandler -- 

Request DefaultFullHttpRequest(decodeResult: success, version: HTTP/1.1, content: EmptyByteBufBE)
GET /session/e906908ffa83f5e102c14cd52c472464/element/f.18433E76A6AF7D88AD85C7749A82BE74.d.D5D7231FF802501DB4CB6A02D309CAC2.e.37/text HTTP/1.1
Cache-Control: no-cache
User-Agent: selenium/4.12.0 (java windows)
Content-Type: application/json; charset=utf-8
host: localhost:32702
accept: */*

Response DefaultHttpResponse(decodeResult: success, version: HTTP/1.1)
HTTP/1.1 200 OK
Content-Length: 56
Content-Type: application/json; charset=utf-8
cache-control: no-cache

17:05:35.415 [AsyncHttpClient-1-9] DEBUG org.asynchttpclient.netty.channel.ChannelManager -- Adding key: http://localhost:32702 for channel [id: 0x9d778d6a, L:/127.0.0.1:58728 - R:localhost/127.0.0.1:32702]
]]></system-out>
    <system-err><![CDATA[Jan 03, 2025 5:05:31 PM org.openqa.selenium.devtools.CdpVersionFinder findNearestMatch
WARNING: Unable to find CDP implementation matching 131
Jan 03, 2025 5:05:31 PM org.openqa.selenium.chromium.ChromiumDriver lambda$new$5
WARNING: Unable to find version of CDP to use for 131.0.6778.205. You may need to include a dependency on a specific version of the CDP using something similar to `org.seleniumhq.selenium:selenium-devtools-v86:4.12.0` where the version ("v86") matches the version of the chromium-based browser you're using and the version number of the artifact is the same as Selenium's.
]]></system-err>
  </testcase>
</testsuite>